{"C:\\Users\\JustinSaadein\\fourjs\\cache-module\\src\\index.ts": {"path":"C:\\Users\\JustinSaadein\\fourjs\\cache-module\\src\\index.ts","statementMap":{"0":{"start":{"line":17,"column":20},"end":{"line":35,"column":1}}},"fnMap":{},"branchMap":{},"s":{"0":1},"f":{},"b":{},"_coverageSchema":"1a1c01bbd47fc00a2c39e90264f33305004495a9","hash":"cff20e77f2542a1f0021b1e4248a4799bc098883"}
,"C:\\Users\\JustinSaadein\\fourjs\\cache-module\\src\\adapters\\memory-adapter.ts": {"path":"C:\\Users\\JustinSaadein\\fourjs\\cache-module\\src\\adapters\\memory-adapter.ts","statementMap":{"0":{"start":{"line":33,"column":18},"end":{"line":33,"column":40}},"1":{"start":{"line":34,"column":54},"end":{"line":34,"column":63}},"2":{"start":{"line":35,"column":18},"end":{"line":41,"column":3}},"3":{"start":{"line":51,"column":4},"end":{"line":51,"column":56}},"4":{"start":{"line":52,"column":4},"end":{"line":52,"column":46}},"5":{"start":{"line":53,"column":4},"end":{"line":53,"column":49}},"6":{"start":{"line":54,"column":4},"end":{"line":54,"column":59}},"7":{"start":{"line":61,"column":4},"end":{"line":108,"column":5}},"8":{"start":{"line":62,"column":20},"end":{"line":62,"column":39}},"9":{"start":{"line":63,"column":19},"end":{"line":63,"column":41}},"10":{"start":{"line":65,"column":6},"end":{"line":68,"column":7}},"11":{"start":{"line":66,"column":8},"end":{"line":66,"column":28}},"12":{"start":{"line":67,"column":8},"end":{"line":67,"column":20}},"13":{"start":{"line":71,"column":6},"end":{"line":76,"column":3}},"14":{"start":{"line":72,"column":8},"end":{"line":72,"column":31}},"15":{"start":{"line":73,"column":8},"end":{"line":73,"column":34}},"16":{"start":{"line":74,"column":8},"end":{"line":74,"column":28}},"17":{"start":{"line":75,"column":8},"end":{"line":75,"column":20}},"18":{"start":{"line":78,"column":6},"end":{"line":78,"column":24}},"19":{"start":{"line":81,"column":6},"end":{"line":83,"column":7}},"20":{"start":{"line":82,"column":8},"end":{"line":82,"column":39}},"21":{"start":{"line":86,"column":6},"end":{"line":102,"column":7}},"22":{"start":{"line":87,"column":8},"end":{"line":101,"column":9}},"23":{"start":{"line":88,"column":31},"end":{"line":88,"column":66}},"24":{"start":{"line":89,"column":10},"end":{"line":96,"column":11}},"25":{"start":{"line":90,"column":12},"end":{"line":95,"column":13}},"26":{"start":{"line":91,"column":14},"end":{"line":91,"column":51}},"27":{"start":{"line":94,"column":14},"end":{"line":94,"column":50}},"28":{"start":{"line":97,"column":10},"end":{"line":97,"column":46}},"29":{"start":{"line":100,"column":10},"end":{"line":100,"column":28}},"30":{"start":{"line":104,"column":6},"end":{"line":104,"column":24}},"31":{"start":{"line":106,"column":6},"end":{"line":106,"column":62}},"32":{"start":{"line":107,"column":6},"end":{"line":107,"column":18}},"33":{"start":{"line":120,"column":4},"end":{"line":189,"column":5}},"34":{"start":{"line":121,"column":18},"end":{"line":121,"column":76}},"35":{"start":{"line":124,"column":6},"end":{"line":124,"column":28}},"36":{"start":{"line":126,"column":27},"end":{"line":126,"column":32}},"37":{"start":{"line":128,"column":23},"end":{"line":128,"column":28}},"38":{"start":{"line":131,"column":6},"end":{"line":157,"column":7}},"39":{"start":{"line":132,"column":26},"end":{"line":132,"column":62}},"40":{"start":{"line":135,"column":8},"end":{"line":154,"column":9}},"41":{"start":{"line":136,"column":10},"end":{"line":151,"column":11}},"42":{"start":{"line":137,"column":31},"end":{"line":137,"column":88}},"43":{"start":{"line":139,"column":12},"end":{"line":146,"column":3}},"44":{"start":{"line":140,"column":37},"end":{"line":140,"column":67}},"45":{"start":{"line":141,"column":14},"end":{"line":141,"column":46}},"46":{"start":{"line":142,"column":14},"end":{"line":142,"column":32}},"47":{"start":{"line":143,"column":14},"end":{"line":143,"column":43}},"48":{"start":{"line":145,"column":14},"end":{"line":145,"column":59}},"49":{"start":{"line":148,"column":12},"end":{"line":148,"column":51}},"50":{"start":{"line":150,"column":12},"end":{"line":150,"column":45}},"51":{"start":{"line":153,"column":10},"end":{"line":153,"column":43}},"52":{"start":{"line":156,"column":8},"end":{"line":156,"column":41}},"53":{"start":{"line":160,"column":6},"end":{"line":162,"column":7}},"54":{"start":{"line":161,"column":8},"end":{"line":161,"column":99}},"55":{"start":{"line":165,"column":6},"end":{"line":165,"column":42}},"56":{"start":{"line":168,"column":6},"end":{"line":175,"column":9}},"57":{"start":{"line":177,"column":6},"end":{"line":177,"column":24}},"58":{"start":{"line":178,"column":6},"end":{"line":178,"column":50}},"59":{"start":{"line":181,"column":6},"end":{"line":185,"column":9}},"60":{"start":{"line":187,"column":6},"end":{"line":187,"column":62}},"61":{"start":{"line":188,"column":6},"end":{"line":188,"column":18}},"62":{"start":{"line":196,"column":4},"end":{"line":212,"column":5}},"63":{"start":{"line":197,"column":22},"end":{"line":197,"column":41}},"64":{"start":{"line":199,"column":6},"end":{"line":206,"column":3}},"65":{"start":{"line":200,"column":8},"end":{"line":200,"column":31}},"66":{"start":{"line":201,"column":8},"end":{"line":201,"column":34}},"67":{"start":{"line":202,"column":8},"end":{"line":202,"column":29}},"68":{"start":{"line":203,"column":8},"end":{"line":203,"column":52}},"69":{"start":{"line":205,"column":8},"end":{"line":205,"column":55}},"70":{"start":{"line":208,"column":6},"end":{"line":208,"column":21}},"71":{"start":{"line":210,"column":6},"end":{"line":210,"column":63}},"72":{"start":{"line":211,"column":6},"end":{"line":211,"column":19}},"73":{"start":{"line":219,"column":18},"end":{"line":219,"column":37}},"74":{"start":{"line":220,"column":4},"end":{"line":220,"column":26}},"75":{"start":{"line":226,"column":4},"end":{"line":237,"column":5}},"76":{"start":{"line":227,"column":20},"end":{"line":227,"column":35}},"77":{"start":{"line":228,"column":6},"end":{"line":228,"column":25}},"78":{"start":{"line":229,"column":6},"end":{"line":229,"column":28}},"79":{"start":{"line":232,"column":6},"end":{"line":232,"column":26}},"80":{"start":{"line":234,"column":6},"end":{"line":234,"column":70}},"81":{"start":{"line":236,"column":6},"end":{"line":236,"column":52}},"82":{"start":{"line":244,"column":45},"end":{"line":244,"column":47}},"83":{"start":{"line":246,"column":4},"end":{"line":248,"column":1}},"84":{"start":{"line":247,"column":6},"end":{"line":247,"column":43}},"85":{"start":{"line":250,"column":4},"end":{"line":250,"column":18}},"86":{"start":{"line":262,"column":4},"end":{"line":264,"column":5}},"87":{"start":{"line":263,"column":6},"end":{"line":263,"column":42}},"88":{"start":{"line":271,"column":16},"end":{"line":271,"column":17}},"89":{"start":{"line":274,"column":39},"end":{"line":274,"column":41}},"90":{"start":{"line":275,"column":4},"end":{"line":279,"column":5}},"91":{"start":{"line":276,"column":6},"end":{"line":278,"column":7}},"92":{"start":{"line":277,"column":8},"end":{"line":277,"column":35}},"93":{"start":{"line":282,"column":4},"end":{"line":285,"column":5}},"94":{"start":{"line":283,"column":22},"end":{"line":283,"column":44}},"95":{"start":{"line":284,"column":6},"end":{"line":284,"column":27}},"96":{"start":{"line":284,"column":19},"end":{"line":284,"column":27}},"97":{"start":{"line":287,"column":4},"end":{"line":290,"column":7}},"98":{"start":{"line":292,"column":4},"end":{"line":292,"column":17}},"99":{"start":{"line":305,"column":4},"end":{"line":311,"column":6}},"100":{"start":{"line":318,"column":4},"end":{"line":318,"column":42}},"101":{"start":{"line":325,"column":15},"end":{"line":325,"column":16}},"102":{"start":{"line":326,"column":4},"end":{"line":328,"column":5}},"103":{"start":{"line":327,"column":6},"end":{"line":327,"column":24}},"104":{"start":{"line":329,"column":4},"end":{"line":329,"column":16}},"105":{"start":{"line":336,"column":4},"end":{"line":338,"column":5}},"106":{"start":{"line":337,"column":6},"end":{"line":337,"column":15}},"107":{"start":{"line":340,"column":4},"end":{"line":342,"column":5}},"108":{"start":{"line":341,"column":6},"end":{"line":341,"column":46}},"109":{"start":{"line":344,"column":4},"end":{"line":346,"column":5}},"110":{"start":{"line":345,"column":6},"end":{"line":345,"column":15}},"111":{"start":{"line":348,"column":4},"end":{"line":350,"column":5}},"112":{"start":{"line":349,"column":6},"end":{"line":349,"column":26}},"113":{"start":{"line":352,"column":4},"end":{"line":357,"column":5}},"114":{"start":{"line":353,"column":25},"end":{"line":353,"column":46}},"115":{"start":{"line":354,"column":6},"end":{"line":354,"column":51}},"116":{"start":{"line":356,"column":6},"end":{"line":356,"column":18}},"117":{"start":{"line":365,"column":4},"end":{"line":367,"column":5}},"118":{"start":{"line":366,"column":6},"end":{"line":366,"column":22}},"119":{"start":{"line":370,"column":4},"end":{"line":372,"column":5}},"120":{"start":{"line":371,"column":6},"end":{"line":371,"column":22}},"121":{"start":{"line":379,"column":35},"end":{"line":379,"column":39}},"122":{"start":{"line":380,"column":23},"end":{"line":380,"column":31}},"123":{"start":{"line":382,"column":4},"end":{"line":387,"column":5}},"124":{"start":{"line":383,"column":6},"end":{"line":386,"column":7}},"125":{"start":{"line":384,"column":8},"end":{"line":384,"column":41}},"126":{"start":{"line":385,"column":8},"end":{"line":385,"column":24}},"127":{"start":{"line":389,"column":4},"end":{"line":396,"column":5}},"128":{"start":{"line":390,"column":6},"end":{"line":390,"column":43}},"129":{"start":{"line":392,"column":6},"end":{"line":395,"column":9}}},"fnMap":{"0":{"name":"(anonymous_0)","decl":{"start":{"line":50,"column":2},"end":{"line":50,"column":3}},"loc":{"start":{"line":50,"column":50},"end":{"line":55,"column":3}},"line":50},"1":{"name":"(anonymous_1)","decl":{"start":{"line":60,"column":2},"end":{"line":60,"column":3}},"loc":{"start":{"line":60,"column":53},"end":{"line":109,"column":3}},"line":60},"2":{"name":"(anonymous_2)","decl":{"start":{"line":114,"column":2},"end":{"line":114,"column":3}},"loc":{"start":{"line":119,"column":20},"end":{"line":190,"column":3}},"line":119},"3":{"name":"(anonymous_3)","decl":{"start":{"line":195,"column":2},"end":{"line":195,"column":3}},"loc":{"start":{"line":195,"column":46},"end":{"line":213,"column":3}},"line":195},"4":{"name":"(anonymous_4)","decl":{"start":{"line":218,"column":2},"end":{"line":218,"column":3}},"loc":{"start":{"line":218,"column":43},"end":{"line":221,"column":3}},"line":218},"5":{"name":"(anonymous_5)","decl":{"start":{"line":225,"column":2},"end":{"line":225,"column":3}},"loc":{"start":{"line":225,"column":31},"end":{"line":238,"column":3}},"line":225},"6":{"name":"(anonymous_6)","decl":{"start":{"line":243,"column":2},"end":{"line":243,"column":3}},"loc":{"start":{"line":243,"column":76},"end":{"line":251,"column":3}},"line":243},"7":{"name":"(anonymous_7)","decl":{"start":{"line":256,"column":2},"end":{"line":256,"column":3}},"loc":{"start":{"line":261,"column":20},"end":{"line":265,"column":3}},"line":261},"8":{"name":"(anonymous_8)","decl":{"start":{"line":270,"column":2},"end":{"line":270,"column":3}},"loc":{"start":{"line":270,"column":54},"end":{"line":293,"column":3}},"line":270},"9":{"name":"(anonymous_9)","decl":{"start":{"line":298,"column":2},"end":{"line":298,"column":3}},"loc":{"start":{"line":304,"column":5},"end":{"line":312,"column":3}},"line":304},"10":{"name":"(anonymous_10)","decl":{"start":{"line":317,"column":2},"end":{"line":317,"column":3}},"loc":{"start":{"line":317,"column":54},"end":{"line":319,"column":3}},"line":317},"11":{"name":"(anonymous_11)","decl":{"start":{"line":324,"column":2},"end":{"line":324,"column":3}},"loc":{"start":{"line":324,"column":39},"end":{"line":330,"column":3}},"line":324},"12":{"name":"(anonymous_12)","decl":{"start":{"line":335,"column":2},"end":{"line":335,"column":3}},"loc":{"start":{"line":335,"column":44},"end":{"line":358,"column":3}},"line":335},"13":{"name":"(anonymous_13)","decl":{"start":{"line":363,"column":2},"end":{"line":363,"column":3}},"loc":{"start":{"line":363,"column":33},"end":{"line":373,"column":3}},"line":363},"14":{"name":"(anonymous_14)","decl":{"start":{"line":378,"column":2},"end":{"line":378,"column":3}},"loc":{"start":{"line":378,"column":27},"end":{"line":397,"column":3}},"line":378},"15":{"name":"(anonymous_15)","decl":{"start":{"line":390,"column":34},"end":{"line":390,"column":35}},"loc":{"start":{"line":390,"column":39},"end":{"line":390,"column":41}},"line":390}},"branchMap":{"0":{"loc":{"start":{"line":50,"column":14},"end":{"line":50,"column":48}},"type":"default-arg","locations":[{"start":{"line":50,"column":46},"end":{"line":50,"column":48}}],"line":50},"1":{"loc":{"start":{"line":51,"column":19},"end":{"line":51,"column":55}},"type":"binary-expr","locations":[{"start":{"line":51,"column":19},"end":{"line":51,"column":34}},{"start":{"line":51,"column":38},"end":{"line":51,"column":55}}],"line":51},"2":{"loc":{"start":{"line":52,"column":20},"end":{"line":52,"column":45}},"type":"binary-expr","locations":[{"start":{"line":52,"column":20},"end":{"line":52,"column":36}},{"start":{"line":52,"column":40},"end":{"line":52,"column":45}}],"line":52},"3":{"loc":{"start":{"line":53,"column":22},"end":{"line":53,"column":48}},"type":"binary-expr","locations":[{"start":{"line":53,"column":22},"end":{"line":53,"column":40}},{"start":{"line":53,"column":44},"end":{"line":53,"column":48}}],"line":53},"4":{"loc":{"start":{"line":65,"column":6},"end":{"line":68,"column":7}},"type":"if","locations":[{"start":{"line":65,"column":6},"end":{"line":68,"column":7}},{"start":{},"end":{}}],"line":65},"5":{"loc":{"start":{"line":71,"column":6},"end":{"line":76,"column":3}},"type":"if","locations":[{"start":{"line":71,"column":6},"end":{"line":76,"column":3}},{"start":{},"end":{}}],"line":71},"6":{"loc":{"start":{"line":71,"column":10},"end":{"line":71,"column":56}},"type":"binary-expr","locations":[{"start":{"line":71,"column":10},"end":{"line":71,"column":25}},{"start":{"line":71,"column":29},"end":{"line":71,"column":56}}],"line":71},"7":{"loc":{"start":{"line":81,"column":6},"end":{"line":83,"column":7}},"type":"if","locations":[{"start":{"line":81,"column":6},"end":{"line":83,"column":7}},{"start":{},"end":{}}],"line":81},"8":{"loc":{"start":{"line":81,"column":10},"end":{"line":81,"column":37}},"type":"binary-expr","locations":[{"start":{"line":81,"column":10},"end":{"line":81,"column":29}},{"start":{"line":81,"column":33},"end":{"line":81,"column":37}}],"line":81},"9":{"loc":{"start":{"line":86,"column":6},"end":{"line":102,"column":7}},"type":"if","locations":[{"start":{"line":86,"column":6},"end":{"line":102,"column":7}},{"start":{},"end":{}}],"line":86},"10":{"loc":{"start":{"line":86,"column":10},"end":{"line":86,"column":52}},"type":"binary-expr","locations":[{"start":{"line":86,"column":10},"end":{"line":86,"column":26}},{"start":{"line":86,"column":30},"end":{"line":86,"column":52}}],"line":86},"11":{"loc":{"start":{"line":89,"column":10},"end":{"line":96,"column":11}},"type":"if","locations":[{"start":{"line":89,"column":10},"end":{"line":96,"column":11}},{"start":{},"end":{}}],"line":89},"12":{"loc":{"start":{"line":121,"column":18},"end":{"line":121,"column":76}},"type":"cond-expr","locations":[{"start":{"line":121,"column":47},"end":{"line":121,"column":58}},{"start":{"line":121,"column":61},"end":{"line":121,"column":76}}],"line":121},"13":{"loc":{"start":{"line":131,"column":6},"end":{"line":157,"column":7}},"type":"if","locations":[{"start":{"line":131,"column":6},"end":{"line":157,"column":7}},{"start":{"line":155,"column":13},"end":{"line":157,"column":7}}],"line":131},"14":{"loc":{"start":{"line":132,"column":26},"end":{"line":132,"column":62}},"type":"binary-expr","locations":[{"start":{"line":132,"column":26},"end":{"line":132,"column":54}},{"start":{"line":132,"column":58},"end":{"line":132,"column":62}}],"line":132},"15":{"loc":{"start":{"line":135,"column":8},"end":{"line":154,"column":9}},"type":"if","locations":[{"start":{"line":135,"column":8},"end":{"line":154,"column":9}},{"start":{"line":152,"column":15},"end":{"line":154,"column":9}}],"line":135},"16":{"loc":{"start":{"line":135,"column":12},"end":{"line":135,"column":86}},"type":"binary-expr","locations":[{"start":{"line":135,"column":12},"end":{"line":135,"column":37}},{"start":{"line":135,"column":42},"end":{"line":135,"column":67}},{"start":{"line":135,"column":71},"end":{"line":135,"column":85}}],"line":135},"17":{"loc":{"start":{"line":137,"column":31},"end":{"line":137,"column":88}},"type":"cond-expr","locations":[{"start":{"line":137,"column":59},"end":{"line":137,"column":64}},{"start":{"line":137,"column":67},"end":{"line":137,"column":88}}],"line":137},"18":{"loc":{"start":{"line":139,"column":12},"end":{"line":146,"column":3}},"type":"if","locations":[{"start":{"line":139,"column":12},"end":{"line":146,"column":3}},{"start":{"line":144,"column":19},"end":{"line":146,"column":3}}],"line":139},"19":{"loc":{"start":{"line":160,"column":6},"end":{"line":162,"column":7}},"type":"if","locations":[{"start":{"line":160,"column":6},"end":{"line":162,"column":7}},{"start":{},"end":{}}],"line":160},"20":{"loc":{"start":{"line":169,"column":14},"end":{"line":169,"column":33}},"type":"binary-expr","locations":[{"start":{"line":169,"column":14},"end":{"line":169,"column":27}},{"start":{"line":169,"column":31},"end":{"line":169,"column":33}}],"line":169},"21":{"loc":{"start":{"line":171,"column":19},"end":{"line":171,"column":66}},"type":"cond-expr","locations":[{"start":{"line":171,"column":29},"end":{"line":171,"column":54}},{"start":{"line":171,"column":57},"end":{"line":171,"column":66}}],"line":171},"22":{"loc":{"start":{"line":199,"column":6},"end":{"line":206,"column":3}},"type":"if","locations":[{"start":{"line":199,"column":6},"end":{"line":206,"column":3}},{"start":{},"end":{}}],"line":199},"23":{"loc":{"start":{"line":276,"column":6},"end":{"line":278,"column":7}},"type":"if","locations":[{"start":{"line":276,"column":6},"end":{"line":278,"column":7}},{"start":{},"end":{}}],"line":276},"24":{"loc":{"start":{"line":284,"column":6},"end":{"line":284,"column":27}},"type":"if","locations":[{"start":{"line":284,"column":6},"end":{"line":284,"column":27}},{"start":{},"end":{}}],"line":284},"25":{"loc":{"start":{"line":318,"column":11},"end":{"line":318,"column":41}},"type":"binary-expr","locations":[{"start":{"line":318,"column":11},"end":{"line":318,"column":33}},{"start":{"line":318,"column":37},"end":{"line":318,"column":41}}],"line":318},"26":{"loc":{"start":{"line":336,"column":4},"end":{"line":338,"column":5}},"type":"if","locations":[{"start":{"line":336,"column":4},"end":{"line":338,"column":5}},{"start":{},"end":{}}],"line":336},"27":{"loc":{"start":{"line":336,"column":8},"end":{"line":336,"column":45}},"type":"binary-expr","locations":[{"start":{"line":336,"column":8},"end":{"line":336,"column":22}},{"start":{"line":336,"column":26},"end":{"line":336,"column":45}}],"line":336},"28":{"loc":{"start":{"line":340,"column":4},"end":{"line":342,"column":5}},"type":"if","locations":[{"start":{"line":340,"column":4},"end":{"line":342,"column":5}},{"start":{},"end":{}}],"line":340},"29":{"loc":{"start":{"line":344,"column":4},"end":{"line":346,"column":5}},"type":"if","locations":[{"start":{"line":344,"column":4},"end":{"line":346,"column":5}},{"start":{},"end":{}}],"line":344},"30":{"loc":{"start":{"line":344,"column":8},"end":{"line":344,"column":63}},"type":"binary-expr","locations":[{"start":{"line":344,"column":8},"end":{"line":344,"column":33}},{"start":{"line":344,"column":37},"end":{"line":344,"column":63}}],"line":344},"31":{"loc":{"start":{"line":348,"column":4},"end":{"line":350,"column":5}},"type":"if","locations":[{"start":{"line":348,"column":4},"end":{"line":350,"column":5}},{"start":{},"end":{}}],"line":348},"32":{"loc":{"start":{"line":365,"column":4},"end":{"line":367,"column":5}},"type":"if","locations":[{"start":{"line":365,"column":4},"end":{"line":367,"column":5}},{"start":{},"end":{}}],"line":365},"33":{"loc":{"start":{"line":370,"column":11},"end":{"line":370,"column":75}},"type":"binary-expr","locations":[{"start":{"line":370,"column":11},"end":{"line":370,"column":52}},{"start":{"line":370,"column":56},"end":{"line":370,"column":75}}],"line":370},"34":{"loc":{"start":{"line":383,"column":6},"end":{"line":386,"column":7}},"type":"if","locations":[{"start":{"line":383,"column":6},"end":{"line":386,"column":7}},{"start":{},"end":{}}],"line":383},"35":{"loc":{"start":{"line":389,"column":4},"end":{"line":396,"column":5}},"type":"if","locations":[{"start":{"line":389,"column":4},"end":{"line":396,"column":5}},{"start":{},"end":{}}],"line":389}},"s":{"0":57,"1":57,"2":57,"3":57,"4":57,"5":57,"6":57,"7":88,"8":88,"9":86,"10":86,"11":43,"12":43,"13":43,"14":1,"15":1,"16":1,"17":1,"18":42,"19":42,"20":42,"21":42,"22":1,"23":1,"24":1,"25":1,"26":1,"27":1,"28":0,"29":0,"30":41,"31":2,"32":2,"33":180,"34":180,"35":180,"36":180,"37":180,"38":180,"39":2,"40":2,"41":2,"42":2,"43":1,"44":1,"45":1,"46":1,"47":1,"48":0,"49":1,"50":1,"51":0,"52":178,"53":180,"54":0,"55":180,"56":179,"57":179,"58":179,"59":179,"60":1,"61":1,"62":11,"63":11,"64":10,"65":9,"66":9,"67":9,"68":9,"69":9,"70":10,"71":1,"72":1,"73":3,"74":3,"75":3,"76":3,"77":3,"78":2,"79":2,"80":2,"81":1,"82":5,"83":5,"84":16,"85":5,"86":4,"87":11,"88":1,"89":1,"90":1,"91":3,"92":2,"93":1,"94":2,"95":2,"96":2,"97":1,"98":1,"99":5,"100":0,"101":369,"102":369,"103":10156,"104":369,"105":179,"106":0,"107":179,"108":141,"109":38,"110":19,"111":19,"112":0,"113":19,"114":19,"115":18,"116":1,"117":180,"118":0,"119":180,"120":1,"121":1,"122":1,"123":1,"124":2,"125":1,"126":1,"127":1,"128":1,"129":1},"f":{"0":57,"1":88,"2":180,"3":11,"4":3,"5":3,"6":5,"7":4,"8":1,"9":5,"10":0,"11":369,"12":179,"13":180,"14":1,"15":1},"b":{"0":[42],"1":[57,42],"2":[57,42],"3":[57,42],"4":[43,43],"5":[1,42],"6":[43,43],"7":[42,0],"8":[42,42],"9":[1,41],"10":[42,2],"11":[1,0],"12":[2,178],"13":[2,178],"14":[2,1],"15":[2,0],"16":[2,1,1],"17":[1,1],"18":[1,0],"19":[0,180],"20":[179,170],"21":[179,0],"22":[9,1],"23":[2,1],"24":[2,0],"25":[0,0],"26":[0,179],"27":[179,179],"28":[141,38],"29":[19,19],"30":[38,19],"31":[0,19],"32":[0,180],"33":[181,1],"34":[1,1],"35":[1,0]},"_coverageSchema":"1a1c01bbd47fc00a2c39e90264f33305004495a9","hash":"00fcebb2e29e16dfc53ad8ae31bae2700f67c0d5"}
,"C:\\Users\\JustinSaadein\\fourjs\\cache-module\\src\\adapters\\memory-provider.ts": {"path":"C:\\Users\\JustinSaadein\\fourjs\\cache-module\\src\\adapters\\memory-provider.ts","statementMap":{"0":{"start":{"line":27,"column":4},"end":{"line":27,"column":53}},"1":{"start":{"line":37,"column":4},"end":{"line":37,"column":36}},"2":{"start":{"line":48,"column":4},"end":{"line":53,"column":7}},"3":{"start":{"line":63,"column":4},"end":{"line":63,"column":36}},"4":{"start":{"line":70,"column":4},"end":{"line":70,"column":31}},"5":{"start":{"line":79,"column":18},"end":{"line":79,"column":47}},"6":{"start":{"line":80,"column":4},"end":{"line":88,"column":6}}},"fnMap":{"0":{"name":"(anonymous_0)","decl":{"start":{"line":20,"column":2},"end":{"line":20,"column":3}},"loc":{"start":{"line":26,"column":5},"end":{"line":28,"column":3}},"line":26},"1":{"name":"(anonymous_1)","decl":{"start":{"line":36,"column":2},"end":{"line":36,"column":3}},"loc":{"start":{"line":36,"column":53},"end":{"line":38,"column":3}},"line":36},"2":{"name":"(anonymous_2)","decl":{"start":{"line":47,"column":2},"end":{"line":47,"column":3}},"loc":{"start":{"line":47,"column":83},"end":{"line":54,"column":3}},"line":47},"3":{"name":"(anonymous_3)","decl":{"start":{"line":62,"column":2},"end":{"line":62,"column":3}},"loc":{"start":{"line":62,"column":46},"end":{"line":64,"column":3}},"line":62},"4":{"name":"(anonymous_4)","decl":{"start":{"line":69,"column":2},"end":{"line":69,"column":3}},"loc":{"start":{"line":69,"column":31},"end":{"line":71,"column":3}},"line":69},"5":{"name":"(anonymous_5)","decl":{"start":{"line":78,"column":2},"end":{"line":78,"column":3}},"loc":{"start":{"line":78,"column":40},"end":{"line":89,"column":3}},"line":78}},"branchMap":{},"s":{"0":8,"1":1,"2":1,"3":0,"4":0,"5":0,"6":0},"f":{"0":8,"1":1,"2":1,"3":0,"4":0,"5":0},"b":{},"_coverageSchema":"1a1c01bbd47fc00a2c39e90264f33305004495a9","hash":"3f781c47057311abf52e3eecd1899ed3c5535cfd"}
,"C:\\Users\\JustinSaadein\\fourjs\\cache-module\\src\\config\\default-config.ts": {"path":"C:\\Users\\JustinSaadein\\fourjs\\cache-module\\src\\config\\default-config.ts","statementMap":{"0":{"start":{"line":4,"column":30},"end":{"line":15,"column":1}},"1":{"start":{"line":20,"column":31},"end":{"line":26,"column":1}}},"fnMap":{},"branchMap":{},"s":{"0":4,"1":4},"f":{},"b":{},"_coverageSchema":"1a1c01bbd47fc00a2c39e90264f33305004495a9","hash":"76ff4347ce9913e184de9c98f5ac727ffc405380"}
,"C:\\Users\\JustinSaadein\\fourjs\\cache-module\\src\\docs\\types.ts": {"path":"C:\\Users\\JustinSaadein\\fourjs\\cache-module\\src\\docs\\types.ts","statementMap":{},"fnMap":{},"branchMap":{},"s":{},"f":{},"b":{},"_coverageSchema":"1a1c01bbd47fc00a2c39e90264f33305004495a9","hash":"435f976e6cbf8a33fdb0c18d7c86ff2367b0bb69"}
,"C:\\Users\\JustinSaadein\\fourjs\\cache-module\\src\\events\\cache-events.ts": {"path":"C:\\Users\\JustinSaadein\\fourjs\\cache-module\\src\\events\\cache-events.ts","statementMap":{"0":{"start":{"line":7,"column":33},"end":{"line":7,"column":51}},"1":{"start":{"line":39,"column":61},"end":{"line":39,"column":70}},"2":{"start":{"line":40,"column":51},"end":{"line":40,"column":60}},"3":{"start":{"line":49,"column":2},"end":{"line":53,"column":3}},"4":{"start":{"line":50,"column":4},"end":{"line":50,"column":36}},"5":{"start":{"line":51,"column":4},"end":{"line":51,"column":40}},"6":{"start":{"line":52,"column":4},"end":{"line":52,"column":11}},"7":{"start":{"line":55,"column":2},"end":{"line":57,"column":3}},"8":{"start":{"line":56,"column":4},"end":{"line":56,"column":45}},"9":{"start":{"line":59,"column":2},"end":{"line":59,"column":47}},"10":{"start":{"line":60,"column":2},"end":{"line":60,"column":44}},"11":{"start":{"line":71,"column":2},"end":{"line":74,"column":3}},"12":{"start":{"line":72,"column":4},"end":{"line":72,"column":41}},"13":{"start":{"line":73,"column":4},"end":{"line":73,"column":46}},"14":{"start":{"line":76,"column":20},"end":{"line":76,"column":49}},"15":{"start":{"line":77,"column":2},"end":{"line":77,"column":31}},"16":{"start":{"line":77,"column":18},"end":{"line":77,"column":31}},"17":{"start":{"line":79,"column":2},"end":{"line":79,"column":45}},"18":{"start":{"line":80,"column":17},"end":{"line":80,"column":43}},"19":{"start":{"line":83,"column":2},"end":{"line":85,"column":3}},"20":{"start":{"line":84,"column":4},"end":{"line":84,"column":37}},"21":{"start":{"line":87,"column":2},"end":{"line":87,"column":16}},"22":{"start":{"line":97,"column":20},"end":{"line":101,"column":3}},"23":{"start":{"line":103,"column":6},"end":{"line":109,"column":7}},"24":{"start":{"line":105,"column":4},"end":{"line":105,"column":49}},"25":{"start":{"line":106,"column":4},"end":{"line":106,"column":43}},"26":{"start":{"line":108,"column":4},"end":{"line":108,"column":69}},"27":{"start":{"line":118,"column":41},"end":{"line":120,"column":3}},"28":{"start":{"line":122,"column":2},"end":{"line":124,"column":3}},"29":{"start":{"line":123,"column":4},"end":{"line":123,"column":39}},"30":{"start":{"line":126,"column":2},"end":{"line":126,"column":16}},"31":{"start":{"line":133,"column":2},"end":{"line":133,"column":41}},"32":{"start":{"line":134,"column":2},"end":{"line":134,"column":25}},"33":{"start":{"line":135,"column":2},"end":{"line":135,"column":28}},"34":{"start":{"line":144,"column":2},"end":{"line":154,"column":3}},"35":{"start":{"line":145,"column":4},"end":{"line":145,"column":48}},"36":{"start":{"line":146,"column":4},"end":{"line":148,"column":5}},"37":{"start":{"line":147,"column":6},"end":{"line":147,"column":35}},"38":{"start":{"line":149,"column":4},"end":{"line":151,"column":5}},"39":{"start":{"line":150,"column":6},"end":{"line":150,"column":32}},"40":{"start":{"line":153,"column":4},"end":{"line":153,"column":24}},"41":{"start":{"line":164,"column":2},"end":{"line":189,"column":4}},"42":{"start":{"line":165,"column":41},"end":{"line":165,"column":50}},"43":{"start":{"line":168,"column":4},"end":{"line":172,"column":5}},"44":{"start":{"line":169,"column":6},"end":{"line":169,"column":47}},"45":{"start":{"line":171,"column":6},"end":{"line":171,"column":38}},"46":{"start":{"line":174,"column":4},"end":{"line":188,"column":5}},"47":{"start":{"line":176,"column":8},"end":{"line":176,"column":56}},"48":{"start":{"line":177,"column":8},"end":{"line":177,"column":14}},"49":{"start":{"line":179,"column":8},"end":{"line":179,"column":55}},"50":{"start":{"line":180,"column":8},"end":{"line":180,"column":14}},"51":{"start":{"line":182,"column":8},"end":{"line":182,"column":56}},"52":{"start":{"line":183,"column":8},"end":{"line":183,"column":14}},"53":{"start":{"line":186,"column":8},"end":{"line":186,"column":55}},"54":{"start":{"line":187,"column":8},"end":{"line":187,"column":14}}},"fnMap":{"0":{"name":"onCacheEvent","decl":{"start":{"line":48,"column":16},"end":{"line":48,"column":28}},"loc":{"start":{"line":48,"column":84},"end":{"line":61,"column":1}},"line":48},"1":{"name":"offCacheEvent","decl":{"start":{"line":70,"column":16},"end":{"line":70,"column":29}},"loc":{"start":{"line":70,"column":88},"end":{"line":88,"column":1}},"line":70},"2":{"name":"emitCacheEvent","decl":{"start":{"line":96,"column":16},"end":{"line":96,"column":30}},"loc":{"start":{"line":96,"column":67},"end":{"line":110,"column":1}},"line":96},"3":{"name":"getListenerCount","decl":{"start":{"line":117,"column":16},"end":{"line":117,"column":32}},"loc":{"start":{"line":117,"column":59},"end":{"line":127,"column":1}},"line":117},"4":{"name":"clearAllListeners","decl":{"start":{"line":132,"column":16},"end":{"line":132,"column":33}},"loc":{"start":{"line":132,"column":42},"end":{"line":136,"column":1}},"line":132},"5":{"name":"removeAllListeners","decl":{"start":{"line":143,"column":16},"end":{"line":143,"column":34}},"loc":{"start":{"line":143,"column":66},"end":{"line":155,"column":1}},"line":143},"6":{"name":"createCacheEventLogger","decl":{"start":{"line":163,"column":16},"end":{"line":163,"column":38}},"loc":{"start":{"line":163,"column":112},"end":{"line":190,"column":1}},"line":163},"7":{"name":"(anonymous_7)","decl":{"start":{"line":164,"column":9},"end":{"line":164,"column":10}},"loc":{"start":{"line":164,"column":29},"end":{"line":189,"column":3}},"line":164}},"branchMap":{"0":{"loc":{"start":{"line":49,"column":2},"end":{"line":53,"column":3}},"type":"if","locations":[{"start":{"line":49,"column":2},"end":{"line":53,"column":3}},{"start":{},"end":{}}],"line":49},"1":{"loc":{"start":{"line":55,"column":2},"end":{"line":57,"column":3}},"type":"if","locations":[{"start":{"line":55,"column":2},"end":{"line":57,"column":3}},{"start":{},"end":{}}],"line":55},"2":{"loc":{"start":{"line":71,"column":2},"end":{"line":74,"column":3}},"type":"if","locations":[{"start":{"line":71,"column":2},"end":{"line":74,"column":3}},{"start":{},"end":{}}],"line":71},"3":{"loc":{"start":{"line":77,"column":2},"end":{"line":77,"column":31}},"type":"if","locations":[{"start":{"line":77,"column":2},"end":{"line":77,"column":31}},{"start":{},"end":{}}],"line":77},"4":{"loc":{"start":{"line":83,"column":2},"end":{"line":85,"column":3}},"type":"if","locations":[{"start":{"line":83,"column":2},"end":{"line":85,"column":3}},{"start":{},"end":{}}],"line":83},"5":{"loc":{"start":{"line":144,"column":2},"end":{"line":154,"column":3}},"type":"if","locations":[{"start":{"line":144,"column":2},"end":{"line":154,"column":3}},{"start":{"line":152,"column":9},"end":{"line":154,"column":3}}],"line":144},"6":{"loc":{"start":{"line":146,"column":4},"end":{"line":148,"column":5}},"type":"if","locations":[{"start":{"line":146,"column":4},"end":{"line":148,"column":5}},{"start":{},"end":{}}],"line":146},"7":{"loc":{"start":{"line":149,"column":4},"end":{"line":151,"column":5}},"type":"if","locations":[{"start":{"line":149,"column":4},"end":{"line":151,"column":5}},{"start":{},"end":{}}],"line":149},"8":{"loc":{"start":{"line":163,"column":39},"end":{"line":163,"column":90}},"type":"default-arg","locations":[{"start":{"line":163,"column":84},"end":{"line":163,"column":90}}],"line":163},"9":{"loc":{"start":{"line":174,"column":4},"end":{"line":188,"column":5}},"type":"switch","locations":[{"start":{"line":175,"column":6},"end":{"line":177,"column":14}},{"start":{"line":178,"column":6},"end":{"line":180,"column":14}},{"start":{"line":181,"column":6},"end":{"line":183,"column":14}},{"start":{"line":184,"column":6},"end":{"line":184,"column":18}},{"start":{"line":185,"column":6},"end":{"line":187,"column":14}}],"line":174}},"s":{"0":18,"1":18,"2":18,"3":31,"4":1,"5":1,"6":1,"7":30,"8":26,"9":30,"10":30,"11":31,"12":1,"13":1,"14":30,"15":30,"16":1,"17":29,"18":29,"19":29,"20":25,"21":29,"22":503,"23":503,"24":503,"25":480,"26":23,"27":0,"28":0,"29":0,"30":0,"31":0,"32":0,"33":0,"34":0,"35":0,"36":0,"37":0,"38":0,"39":0,"40":0,"41":4,"42":4,"43":4,"44":4,"45":4,"46":4,"47":1,"48":1,"49":1,"50":1,"51":1,"52":1,"53":1,"54":1},"f":{"0":31,"1":31,"2":503,"3":0,"4":0,"5":0,"6":4,"7":4},"b":{"0":[1,30],"1":[26,4],"2":[1,30],"3":[1,29],"4":[25,4],"5":[0,0],"6":[0,0],"7":[0,0],"8":[0],"9":[1,1,1,1,1]},"_coverageSchema":"1a1c01bbd47fc00a2c39e90264f33305004495a9","hash":"85c50c4cbf28c316bff0ad7e61518d6bf9641955"}
,"C:\\Users\\JustinSaadein\\fourjs\\cache-module\\src\\implementations\\CacheMetadata.ts": {"path":"C:\\Users\\JustinSaadein\\fourjs\\cache-module\\src\\implementations\\CacheMetadata.ts","statementMap":{"0":{"start":{"line":72,"column":21},"end":{"line":72,"column":58}},"1":{"start":{"line":82,"column":4},"end":{"line":84,"column":3}},"2":{"start":{"line":83,"column":6},"end":{"line":83,"column":43}},"3":{"start":{"line":86,"column":16},"end":{"line":86,"column":26}},"4":{"start":{"line":87,"column":38},"end":{"line":94,"column":5}},"5":{"start":{"line":96,"column":4},"end":{"line":96,"column":34}},"6":{"start":{"line":98,"column":4},"end":{"line":101,"column":7}},"7":{"start":{"line":103,"column":4},"end":{"line":103,"column":17}},"8":{"start":{"line":113,"column":55},"end":{"line":113,"column":57}},"9":{"start":{"line":115,"column":4},"end":{"line":117,"column":1}},"10":{"start":{"line":116,"column":6},"end":{"line":116,"column":52}},"11":{"start":{"line":119,"column":4},"end":{"line":119,"column":18}},"12":{"start":{"line":129,"column":16},"end":{"line":129,"column":26}},"13":{"start":{"line":130,"column":29},"end":{"line":130,"column":51}},"14":{"start":{"line":132,"column":4},"end":{"line":144,"column":5}},"15":{"start":{"line":134,"column":30},"end":{"line":139,"column":7}},"16":{"start":{"line":140,"column":6},"end":{"line":140,"column":46}},"17":{"start":{"line":143,"column":6},"end":{"line":143,"column":46}},"18":{"start":{"line":155,"column":18},"end":{"line":155,"column":40}},"19":{"start":{"line":157,"column":4},"end":{"line":159,"column":5}},"20":{"start":{"line":158,"column":6},"end":{"line":158,"column":61}},"21":{"start":{"line":161,"column":25},"end":{"line":165,"column":5}},"22":{"start":{"line":167,"column":4},"end":{"line":167,"column":41}},"23":{"start":{"line":169,"column":4},"end":{"line":172,"column":7}},"24":{"start":{"line":174,"column":4},"end":{"line":174,"column":24}},"25":{"start":{"line":184,"column":4},"end":{"line":184,"column":34}},"26":{"start":{"line":194,"column":20},"end":{"line":194,"column":45}},"27":{"start":{"line":196,"column":4},"end":{"line":198,"column":5}},"28":{"start":{"line":197,"column":6},"end":{"line":197,"column":62}},"29":{"start":{"line":200,"column":4},"end":{"line":200,"column":19}},"30":{"start":{"line":207,"column":18},"end":{"line":207,"column":36}},"31":{"start":{"line":208,"column":4},"end":{"line":208,"column":26}},"32":{"start":{"line":210,"column":4},"end":{"line":210,"column":61}},"33":{"start":{"line":219,"column":18},"end":{"line":219,"column":40}},"34":{"start":{"line":221,"column":4},"end":{"line":237,"column":5}},"35":{"start":{"line":222,"column":6},"end":{"line":222,"column":26}},"36":{"start":{"line":223,"column":18},"end":{"line":223,"column":28}},"37":{"start":{"line":224,"column":6},"end":{"line":224,"column":31}},"38":{"start":{"line":227,"column":6},"end":{"line":236,"column":7}},"39":{"start":{"line":228,"column":8},"end":{"line":228,"column":38}},"40":{"start":{"line":231,"column":8},"end":{"line":233,"column":9}},"41":{"start":{"line":232,"column":10},"end":{"line":232,"column":63}},"42":{"start":{"line":235,"column":8},"end":{"line":235,"column":36}},"43":{"start":{"line":247,"column":73},"end":{"line":247,"column":75}},"44":{"start":{"line":249,"column":4},"end":{"line":253,"column":5}},"45":{"start":{"line":250,"column":6},"end":{"line":252,"column":7}},"46":{"start":{"line":251,"column":8},"end":{"line":251,"column":45}},"47":{"start":{"line":255,"column":4},"end":{"line":255,"column":18}},"48":{"start":{"line":265,"column":29},"end":{"line":265,"column":31}},"49":{"start":{"line":267,"column":4},"end":{"line":271,"column":5}},"50":{"start":{"line":268,"column":6},"end":{"line":270,"column":7}},"51":{"start":{"line":269,"column":8},"end":{"line":269,"column":25}},"52":{"start":{"line":273,"column":4},"end":{"line":273,"column":18}},"53":{"start":{"line":283,"column":29},"end":{"line":283,"column":31}},"54":{"start":{"line":285,"column":4},"end":{"line":289,"column":5}},"55":{"start":{"line":286,"column":6},"end":{"line":288,"column":7}},"56":{"start":{"line":287,"column":8},"end":{"line":287,"column":25}},"57":{"start":{"line":291,"column":4},"end":{"line":291,"column":18}},"58":{"start":{"line":301,"column":18},"end":{"line":301,"column":37}},"59":{"start":{"line":302,"column":29},"end":{"line":302,"column":31}},"60":{"start":{"line":304,"column":4},"end":{"line":308,"column":5}},"61":{"start":{"line":305,"column":6},"end":{"line":307,"column":7}},"62":{"start":{"line":306,"column":8},"end":{"line":306,"column":25}},"63":{"start":{"line":310,"column":4},"end":{"line":310,"column":18}},"64":{"start":{"line":320,"column":18},"end":{"line":320,"column":40}},"65":{"start":{"line":322,"column":4},"end":{"line":324,"column":5}},"66":{"start":{"line":323,"column":6},"end":{"line":323,"column":19}},"67":{"start":{"line":326,"column":27},"end":{"line":326,"column":73}},"68":{"start":{"line":327,"column":4},"end":{"line":327,"column":39}},"69":{"start":{"line":337,"column":4},"end":{"line":337,"column":49}},"70":{"start":{"line":346,"column":4},"end":{"line":346,"column":44}},"71":{"start":{"line":355,"column":4},"end":{"line":355,"column":30}},"72":{"start":{"line":364,"column":24},"end":{"line":364,"column":25}},"73":{"start":{"line":365,"column":44},"end":{"line":365,"column":46}},"74":{"start":{"line":367,"column":4},"end":{"line":373,"column":5}},"75":{"start":{"line":368,"column":6},"end":{"line":368,"column":40}},"76":{"start":{"line":370,"column":6},"end":{"line":372,"column":7}},"77":{"start":{"line":371,"column":8},"end":{"line":371,"column":51}},"78":{"start":{"line":375,"column":4},"end":{"line":383,"column":6}},"79":{"start":{"line":380,"column":24},"end":{"line":380,"column":35}},"80":{"start":{"line":382,"column":32},"end":{"line":382,"column":46}}},"fnMap":{"0":{"name":"(anonymous_0)","decl":{"start":{"line":81,"column":2},"end":{"line":81,"column":3}},"loc":{"start":{"line":81,"column":99},"end":{"line":104,"column":3}},"line":81},"1":{"name":"(anonymous_1)","decl":{"start":{"line":112,"column":2},"end":{"line":112,"column":3}},"loc":{"start":{"line":112,"column":126},"end":{"line":120,"column":3}},"line":112},"2":{"name":"(anonymous_2)","decl":{"start":{"line":128,"column":2},"end":{"line":128,"column":3}},"loc":{"start":{"line":128,"column":61},"end":{"line":145,"column":3}},"line":128},"3":{"name":"(anonymous_3)","decl":{"start":{"line":154,"column":2},"end":{"line":154,"column":3}},"loc":{"start":{"line":154,"column":92},"end":{"line":175,"column":3}},"line":154},"4":{"name":"(anonymous_4)","decl":{"start":{"line":183,"column":2},"end":{"line":183,"column":3}},"loc":{"start":{"line":183,"column":51},"end":{"line":185,"column":3}},"line":183},"5":{"name":"(anonymous_5)","decl":{"start":{"line":193,"column":2},"end":{"line":193,"column":3}},"loc":{"start":{"line":193,"column":31},"end":{"line":201,"column":3}},"line":193},"6":{"name":"(anonymous_6)","decl":{"start":{"line":206,"column":2},"end":{"line":206,"column":3}},"loc":{"start":{"line":206,"column":16},"end":{"line":211,"column":3}},"line":206},"7":{"name":"(anonymous_7)","decl":{"start":{"line":218,"column":2},"end":{"line":218,"column":3}},"loc":{"start":{"line":218,"column":34},"end":{"line":238,"column":3}},"line":218},"8":{"name":"(anonymous_8)","decl":{"start":{"line":246,"column":2},"end":{"line":246,"column":3}},"loc":{"start":{"line":246,"column":78},"end":{"line":256,"column":3}},"line":246},"9":{"name":"(anonymous_9)","decl":{"start":{"line":264,"column":2},"end":{"line":264,"column":3}},"loc":{"start":{"line":264,"column":35},"end":{"line":274,"column":3}},"line":264},"10":{"name":"(anonymous_10)","decl":{"start":{"line":282,"column":2},"end":{"line":282,"column":3}},"loc":{"start":{"line":282,"column":41},"end":{"line":292,"column":3}},"line":282},"11":{"name":"(anonymous_11)","decl":{"start":{"line":300,"column":2},"end":{"line":300,"column":3}},"loc":{"start":{"line":300,"column":43},"end":{"line":311,"column":3}},"line":300},"12":{"name":"(anonymous_12)","decl":{"start":{"line":319,"column":2},"end":{"line":319,"column":3}},"loc":{"start":{"line":319,"column":34},"end":{"line":328,"column":3}},"line":319},"13":{"name":"(anonymous_13)","decl":{"start":{"line":336,"column":2},"end":{"line":336,"column":3}},"loc":{"start":{"line":336,"column":52},"end":{"line":338,"column":3}},"line":336},"14":{"name":"(anonymous_14)","decl":{"start":{"line":345,"column":2},"end":{"line":345,"column":3}},"loc":{"start":{"line":345,"column":19},"end":{"line":347,"column":3}},"line":345},"15":{"name":"(anonymous_15)","decl":{"start":{"line":354,"column":2},"end":{"line":354,"column":3}},"loc":{"start":{"line":354,"column":17},"end":{"line":356,"column":3}},"line":354},"16":{"name":"(anonymous_16)","decl":{"start":{"line":363,"column":2},"end":{"line":363,"column":3}},"loc":{"start":{"line":363,"column":34},"end":{"line":384,"column":3}},"line":363},"17":{"name":"(anonymous_17)","decl":{"start":{"line":380,"column":14},"end":{"line":380,"column":15}},"loc":{"start":{"line":380,"column":24},"end":{"line":380,"column":35}},"line":380},"18":{"name":"(anonymous_18)","decl":{"start":{"line":382,"column":13},"end":{"line":382,"column":14}},"loc":{"start":{"line":382,"column":32},"end":{"line":382,"column":46}},"line":382}},"branchMap":{"0":{"loc":{"start":{"line":81,"column":22},"end":{"line":81,"column":41}},"type":"default-arg","locations":[{"start":{"line":81,"column":39},"end":{"line":81,"column":41}}],"line":81},"1":{"loc":{"start":{"line":81,"column":43},"end":{"line":81,"column":77}},"type":"default-arg","locations":[{"start":{"line":81,"column":75},"end":{"line":81,"column":77}}],"line":81},"2":{"loc":{"start":{"line":82,"column":4},"end":{"line":84,"column":3}},"type":"if","locations":[{"start":{"line":82,"column":4},"end":{"line":84,"column":3}},{"start":{},"end":{}}],"line":82},"3":{"loc":{"start":{"line":82,"column":8},"end":{"line":82,"column":60}},"type":"binary-expr","locations":[{"start":{"line":82,"column":8},"end":{"line":82,"column":12}},{"start":{"line":82,"column":16},"end":{"line":82,"column":39}},{"start":{"line":82,"column":43},"end":{"line":82,"column":60}}],"line":82},"4":{"loc":{"start":{"line":88,"column":12},"end":{"line":88,"column":22}},"type":"binary-expr","locations":[{"start":{"line":88,"column":12},"end":{"line":88,"column":16}},{"start":{"line":88,"column":20},"end":{"line":88,"column":22}}],"line":88},"5":{"loc":{"start":{"line":128,"column":19},"end":{"line":128,"column":53}},"type":"default-arg","locations":[{"start":{"line":128,"column":51},"end":{"line":128,"column":53}}],"line":128},"6":{"loc":{"start":{"line":132,"column":4},"end":{"line":144,"column":5}},"type":"if","locations":[{"start":{"line":132,"column":4},"end":{"line":144,"column":5}},{"start":{"line":141,"column":11},"end":{"line":144,"column":5}}],"line":132},"7":{"loc":{"start":{"line":136,"column":14},"end":{"line":136,"column":51}},"type":"binary-expr","locations":[{"start":{"line":136,"column":14},"end":{"line":136,"column":26}},{"start":{"line":136,"column":30},"end":{"line":136,"column":51}}],"line":136},"8":{"loc":{"start":{"line":157,"column":4},"end":{"line":159,"column":5}},"type":"if","locations":[{"start":{"line":157,"column":4},"end":{"line":159,"column":5}},{"start":{},"end":{}}],"line":157},"9":{"loc":{"start":{"line":196,"column":4},"end":{"line":198,"column":5}},"type":"if","locations":[{"start":{"line":196,"column":4},"end":{"line":198,"column":5}},{"start":{},"end":{}}],"line":196},"10":{"loc":{"start":{"line":221,"column":4},"end":{"line":237,"column":5}},"type":"if","locations":[{"start":{"line":221,"column":4},"end":{"line":237,"column":5}},{"start":{},"end":{}}],"line":221},"11":{"loc":{"start":{"line":227,"column":6},"end":{"line":236,"column":7}},"type":"if","locations":[{"start":{"line":227,"column":6},"end":{"line":236,"column":7}},{"start":{"line":234,"column":13},"end":{"line":236,"column":7}}],"line":227},"12":{"loc":{"start":{"line":231,"column":8},"end":{"line":233,"column":9}},"type":"if","locations":[{"start":{"line":231,"column":8},"end":{"line":233,"column":9}},{"start":{},"end":{}}],"line":231},"13":{"loc":{"start":{"line":250,"column":6},"end":{"line":252,"column":7}},"type":"if","locations":[{"start":{"line":250,"column":6},"end":{"line":252,"column":7}},{"start":{},"end":{}}],"line":250},"14":{"loc":{"start":{"line":268,"column":6},"end":{"line":270,"column":7}},"type":"if","locations":[{"start":{"line":268,"column":6},"end":{"line":270,"column":7}},{"start":{},"end":{}}],"line":268},"15":{"loc":{"start":{"line":286,"column":6},"end":{"line":288,"column":7}},"type":"if","locations":[{"start":{"line":286,"column":6},"end":{"line":288,"column":7}},{"start":{},"end":{}}],"line":286},"16":{"loc":{"start":{"line":305,"column":6},"end":{"line":307,"column":7}},"type":"if","locations":[{"start":{"line":305,"column":6},"end":{"line":307,"column":7}},{"start":{},"end":{}}],"line":305},"17":{"loc":{"start":{"line":322,"column":4},"end":{"line":324,"column":5}},"type":"if","locations":[{"start":{"line":322,"column":4},"end":{"line":324,"column":5}},{"start":{},"end":{}}],"line":322},"18":{"loc":{"start":{"line":322,"column":8},"end":{"line":322,"column":28}},"type":"binary-expr","locations":[{"start":{"line":322,"column":8},"end":{"line":322,"column":14}},{"start":{"line":322,"column":18},"end":{"line":322,"column":28}}],"line":322},"19":{"loc":{"start":{"line":371,"column":26},"end":{"line":371,"column":45}},"type":"binary-expr","locations":[{"start":{"line":371,"column":26},"end":{"line":371,"column":40}},{"start":{"line":371,"column":44},"end":{"line":371,"column":45}}],"line":371}},"s":{"0":33,"1":49,"2":1,"3":48,"4":48,"5":48,"6":48,"7":48,"8":1,"9":1,"10":2,"11":1,"12":35,"13":35,"14":35,"15":1,"16":1,"17":34,"18":2,"19":2,"20":1,"21":1,"22":1,"23":1,"24":1,"25":16,"26":7,"27":7,"28":6,"29":7,"30":4,"31":4,"32":4,"33":12,"34":12,"35":11,"36":11,"37":11,"38":11,"39":11,"40":11,"41":0,"42":0,"43":2,"44":2,"45":4,"46":3,"47":2,"48":4,"49":4,"50":12,"51":6,"52":4,"53":1,"54":1,"55":3,"56":2,"57":1,"58":1,"59":1,"60":1,"61":3,"62":1,"63":1,"64":1,"65":1,"66":0,"67":1,"68":1,"69":1,"70":1,"71":5,"72":0,"73":0,"74":0,"75":0,"76":0,"77":0,"78":0,"79":0,"80":0},"f":{"0":49,"1":1,"2":35,"3":2,"4":16,"5":7,"6":4,"7":12,"8":2,"9":4,"10":1,"11":1,"12":1,"13":1,"14":1,"15":5,"16":0,"17":0,"18":0},"b":{"0":[0],"1":[13],"2":[1,48],"3":[49,48,48],"4":[48,0],"5":[0],"6":[1,34],"7":[1,0],"8":[1,1],"9":[6,1],"10":[11,1],"11":[11,0],"12":[0,11],"13":[3,1],"14":[6,6],"15":[2,1],"16":[1,2],"17":[0,1],"18":[1,1],"19":[0,0]},"_coverageSchema":"1a1c01bbd47fc00a2c39e90264f33305004495a9","hash":"31c3e23fe47d759dd531fd50c040cba97e9ea792"}
,"C:\\Users\\JustinSaadein\\fourjs\\cache-module\\src\\implementations\\cache-compute.ts": {"path":"C:\\Users\\JustinSaadein\\fourjs\\cache-module\\src\\implementations\\cache-compute.ts","statementMap":{"0":{"start":{"line":34,"column":55},"end":{"line":34,"column":64}},"1":{"start":{"line":49,"column":4},"end":{"line":49,"column":49}},"2":{"start":{"line":50,"column":4},"end":{"line":50,"column":65}},"3":{"start":{"line":51,"column":4},"end":{"line":51,"column":61}},"4":{"start":{"line":66,"column":4},"end":{"line":95,"column":1}},"5":{"start":{"line":68,"column":26},"end":{"line":68,"column":57}},"6":{"start":{"line":71,"column":6},"end":{"line":85,"column":3}},"7":{"start":{"line":72,"column":25},"end":{"line":72,"column":63}},"8":{"start":{"line":73,"column":24},"end":{"line":73,"column":73}},"9":{"start":{"line":76,"column":8},"end":{"line":78,"column":9}},"10":{"start":{"line":77,"column":10},"end":{"line":77,"column":70}},"11":{"start":{"line":80,"column":4},"end":{"line":84,"column":6}},"12":{"start":{"line":88,"column":6},"end":{"line":88,"column":63}},"13":{"start":{"line":90,"column":6},"end":{"line":93,"column":9}},"14":{"start":{"line":94,"column":6},"end":{"line":94,"column":18}},"15":{"start":{"line":106,"column":22},"end":{"line":106,"column":39}},"16":{"start":{"line":108,"column":4},"end":{"line":136,"column":5}},"17":{"start":{"line":109,"column":6},"end":{"line":109,"column":60}},"18":{"start":{"line":110,"column":20},"end":{"line":110,"column":73}},"19":{"start":{"line":110,"column":54},"end":{"line":110,"column":63}},"20":{"start":{"line":111,"column":26},"end":{"line":111,"column":55}},"21":{"start":{"line":114,"column":6},"end":{"line":118,"column":9}},"22":{"start":{"line":120,"column":6},"end":{"line":123,"column":9}},"23":{"start":{"line":125,"column":6},"end":{"line":129,"column":8}},"24":{"start":{"line":131,"column":6},"end":{"line":134,"column":9}},"25":{"start":{"line":135,"column":6},"end":{"line":135,"column":18}},"26":{"start":{"line":146,"column":23},"end":{"line":146,"column":47}},"27":{"start":{"line":147,"column":23},"end":{"line":147,"column":50}},"28":{"start":{"line":149,"column":4},"end":{"line":160,"column":5}},"29":{"start":{"line":149,"column":23},"end":{"line":149,"column":24}},"30":{"start":{"line":150,"column":6},"end":{"line":159,"column":7}},"31":{"start":{"line":151,"column":8},"end":{"line":151,"column":33}},"32":{"start":{"line":153,"column":8},"end":{"line":155,"column":9}},"33":{"start":{"line":154,"column":10},"end":{"line":154,"column":22}},"34":{"start":{"line":157,"column":22},"end":{"line":157,"column":59}},"35":{"start":{"line":158,"column":8},"end":{"line":158,"column":65}},"36":{"start":{"line":158,"column":37},"end":{"line":158,"column":63}},"37":{"start":{"line":162,"column":4},"end":{"line":162,"column":58}},"38":{"start":{"line":172,"column":4},"end":{"line":172,"column":34}},"39":{"start":{"line":172,"column":22},"end":{"line":172,"column":34}},"40":{"start":{"line":174,"column":16},"end":{"line":174,"column":47}},"41":{"start":{"line":175,"column":22},"end":{"line":175,"column":72}},"42":{"start":{"line":177,"column":16},"end":{"line":177,"column":50}},"43":{"start":{"line":178,"column":4},"end":{"line":178,"column":40}},"44":{"start":{"line":185,"column":4},"end":{"line":185,"column":64}},"45":{"start":{"line":197,"column":4},"end":{"line":199,"column":5}},"46":{"start":{"line":198,"column":6},"end":{"line":198,"column":13}},"47":{"start":{"line":201,"column":27},"end":{"line":211,"column":8}},"48":{"start":{"line":202,"column":6},"end":{"line":210,"column":7}},"49":{"start":{"line":203,"column":8},"end":{"line":203,"column":62}},"50":{"start":{"line":204,"column":8},"end":{"line":204,"column":58}},"51":{"start":{"line":205,"column":8},"end":{"line":205,"column":64}},"52":{"start":{"line":207,"column":8},"end":{"line":207,"column":69}},"53":{"start":{"line":209,"column":8},"end":{"line":209,"column":41}},"54":{"start":{"line":213,"column":4},"end":{"line":213,"column":50}},"55":{"start":{"line":216,"column":4},"end":{"line":216,"column":61}},"56":{"start":{"line":216,"column":33},"end":{"line":216,"column":59}},"57":{"start":{"line":217,"column":4},"end":{"line":217,"column":37}},"58":{"start":{"line":233,"column":4},"end":{"line":240,"column":5}},"59":{"start":{"line":234,"column":6},"end":{"line":234,"column":60}},"60":{"start":{"line":235,"column":6},"end":{"line":235,"column":56}},"61":{"start":{"line":236,"column":6},"end":{"line":236,"column":62}},"62":{"start":{"line":238,"column":6},"end":{"line":238,"column":67}},"63":{"start":{"line":239,"column":6},"end":{"line":239,"column":18}},"64":{"start":{"line":247,"column":4},"end":{"line":247,"column":37}},"65":{"start":{"line":257,"column":4},"end":{"line":260,"column":6}}},"fnMap":{"0":{"name":"(anonymous_0)","decl":{"start":{"line":41,"column":2},"end":{"line":41,"column":3}},"loc":{"start":{"line":48,"column":4},"end":{"line":52,"column":3}},"line":48},"1":{"name":"(anonymous_1)","decl":{"start":{"line":61,"column":2},"end":{"line":61,"column":3}},"loc":{"start":{"line":65,"column":31},"end":{"line":96,"column":3}},"line":65},"2":{"name":"(anonymous_2)","decl":{"start":{"line":101,"column":2},"end":{"line":101,"column":3}},"loc":{"start":{"line":105,"column":31},"end":{"line":137,"column":3}},"line":105},"3":{"name":"(anonymous_3)","decl":{"start":{"line":110,"column":48},"end":{"line":110,"column":49}},"loc":{"start":{"line":110,"column":54},"end":{"line":110,"column":63}},"line":110},"4":{"name":"(anonymous_4)","decl":{"start":{"line":142,"column":2},"end":{"line":142,"column":3}},"loc":{"start":{"line":145,"column":16},"end":{"line":163,"column":3}},"line":145},"5":{"name":"(anonymous_5)","decl":{"start":{"line":158,"column":26},"end":{"line":158,"column":27}},"loc":{"start":{"line":158,"column":37},"end":{"line":158,"column":63}},"line":158},"6":{"name":"(anonymous_6)","decl":{"start":{"line":168,"column":2},"end":{"line":168,"column":3}},"loc":{"start":{"line":171,"column":13},"end":{"line":179,"column":3}},"line":171},"7":{"name":"(anonymous_7)","decl":{"start":{"line":184,"column":2},"end":{"line":184,"column":3}},"loc":{"start":{"line":184,"column":67},"end":{"line":186,"column":3}},"line":184},"8":{"name":"(anonymous_8)","decl":{"start":{"line":191,"column":2},"end":{"line":191,"column":3}},"loc":{"start":{"line":195,"column":19},"end":{"line":218,"column":3}},"line":195},"9":{"name":"(anonymous_9)","decl":{"start":{"line":201,"column":28},"end":{"line":201,"column":29}},"loc":{"start":{"line":201,"column":40},"end":{"line":211,"column":5}},"line":201},"10":{"name":"(anonymous_10)","decl":{"start":{"line":216,"column":22},"end":{"line":216,"column":23}},"loc":{"start":{"line":216,"column":33},"end":{"line":216,"column":59}},"line":216},"11":{"name":"(anonymous_11)","decl":{"start":{"line":228,"column":2},"end":{"line":228,"column":3}},"loc":{"start":{"line":232,"column":19},"end":{"line":241,"column":3}},"line":232},"12":{"name":"(anonymous_12)","decl":{"start":{"line":246,"column":2},"end":{"line":246,"column":3}},"loc":{"start":{"line":246,"column":35},"end":{"line":248,"column":3}},"line":246},"13":{"name":"(anonymous_13)","decl":{"start":{"line":253,"column":2},"end":{"line":253,"column":3}},"loc":{"start":{"line":256,"column":4},"end":{"line":261,"column":3}},"line":256}},"branchMap":{"0":{"loc":{"start":{"line":43,"column":12},"end":{"line":47,"column":10}},"type":"default-arg","locations":[{"start":{"line":47,"column":8},"end":{"line":47,"column":10}}],"line":43},"1":{"loc":{"start":{"line":49,"column":22},"end":{"line":49,"column":48}},"type":"binary-expr","locations":[{"start":{"line":49,"column":22},"end":{"line":49,"column":40}},{"start":{"line":49,"column":44},"end":{"line":49,"column":48}}],"line":49},"2":{"loc":{"start":{"line":51,"column":28},"end":{"line":51,"column":60}},"type":"binary-expr","locations":[{"start":{"line":51,"column":28},"end":{"line":51,"column":52}},{"start":{"line":51,"column":56},"end":{"line":51,"column":60}}],"line":51},"3":{"loc":{"start":{"line":71,"column":6},"end":{"line":85,"column":3}},"type":"if","locations":[{"start":{"line":71,"column":6},"end":{"line":85,"column":3}},{"start":{},"end":{}}],"line":71},"4":{"loc":{"start":{"line":76,"column":8},"end":{"line":78,"column":9}},"type":"if","locations":[{"start":{"line":76,"column":8},"end":{"line":78,"column":9}},{"start":{},"end":{}}],"line":76},"5":{"loc":{"start":{"line":76,"column":12},"end":{"line":76,"column":60}},"type":"binary-expr","locations":[{"start":{"line":76,"column":12},"end":{"line":76,"column":19}},{"start":{"line":76,"column":23},"end":{"line":76,"column":60}}],"line":76},"6":{"loc":{"start":{"line":82,"column":23},"end":{"line":82,"column":49}},"type":"binary-expr","locations":[{"start":{"line":82,"column":23},"end":{"line":82,"column":44}},{"start":{"line":82,"column":48},"end":{"line":82,"column":49}}],"line":82},"7":{"loc":{"start":{"line":146,"column":23},"end":{"line":146,"column":47}},"type":"binary-expr","locations":[{"start":{"line":146,"column":23},"end":{"line":146,"column":42}},{"start":{"line":146,"column":46},"end":{"line":146,"column":47}}],"line":146},"8":{"loc":{"start":{"line":147,"column":23},"end":{"line":147,"column":50}},"type":"binary-expr","locations":[{"start":{"line":147,"column":23},"end":{"line":147,"column":42}},{"start":{"line":147,"column":46},"end":{"line":147,"column":50}}],"line":147},"9":{"loc":{"start":{"line":153,"column":8},"end":{"line":155,"column":9}},"type":"if","locations":[{"start":{"line":153,"column":8},"end":{"line":155,"column":9}},{"start":{},"end":{}}],"line":153},"10":{"loc":{"start":{"line":172,"column":4},"end":{"line":172,"column":34}},"type":"if","locations":[{"start":{"line":172,"column":4},"end":{"line":172,"column":34}},{"start":{},"end":{}}],"line":172},"11":{"loc":{"start":{"line":174,"column":16},"end":{"line":174,"column":47}},"type":"binary-expr","locations":[{"start":{"line":174,"column":16},"end":{"line":174,"column":28}},{"start":{"line":174,"column":32},"end":{"line":174,"column":47}}],"line":174},"12":{"loc":{"start":{"line":175,"column":22},"end":{"line":175,"column":72}},"type":"binary-expr","locations":[{"start":{"line":175,"column":22},"end":{"line":175,"column":47}},{"start":{"line":175,"column":51},"end":{"line":175,"column":72}}],"line":175},"13":{"loc":{"start":{"line":185,"column":11},"end":{"line":185,"column":63}},"type":"binary-expr","locations":[{"start":{"line":185,"column":11},"end":{"line":185,"column":37}},{"start":{"line":185,"column":41},"end":{"line":185,"column":63}}],"line":185},"14":{"loc":{"start":{"line":197,"column":4},"end":{"line":199,"column":5}},"type":"if","locations":[{"start":{"line":197,"column":4},"end":{"line":199,"column":5}},{"start":{},"end":{}}],"line":197}},"s":{"0":9,"1":9,"2":9,"3":9,"4":3,"5":3,"6":3,"7":1,"8":1,"9":1,"10":1,"11":0,"12":2,"13":0,"14":0,"15":4,"16":4,"17":4,"18":4,"19":6,"20":3,"21":3,"22":3,"23":3,"24":1,"25":1,"26":4,"27":4,"28":4,"29":4,"30":6,"31":6,"32":3,"33":1,"34":2,"35":2,"36":2,"37":0,"38":1,"39":1,"40":0,"41":0,"42":0,"43":0,"44":1,"45":1,"46":0,"47":1,"48":1,"49":1,"50":1,"51":0,"52":1,"53":1,"54":1,"55":1,"56":1,"57":0,"58":1,"59":1,"60":1,"61":1,"62":0,"63":0,"64":1,"65":1},"f":{"0":9,"1":3,"2":4,"3":6,"4":4,"5":2,"6":1,"7":1,"8":1,"9":1,"10":1,"11":1,"12":1,"13":1},"b":{"0":[0],"1":[9,4],"2":[9,4],"3":[1,2],"4":[1,0],"5":[1,1],"6":[0,0],"7":[4,2],"8":[4,2],"9":[1,2],"10":[1,0],"11":[0,0],"12":[0,0],"13":[1,1],"14":[0,1]},"_coverageSchema":"1a1c01bbd47fc00a2c39e90264f33305004495a9","hash":"c8e117934ca54083bf17871b6cd9542c5845267c"}
,"C:\\Users\\JustinSaadein\\fourjs\\cache-module\\src\\implementations\\cache-manager-advanced.ts": {"path":"C:\\Users\\JustinSaadein\\fourjs\\cache-module\\src\\implementations\\cache-manager-advanced.ts","statementMap":{"0":{"start":{"line":17,"column":47},"end":{"line":17,"column":51}},"1":{"start":{"line":34,"column":4},"end":{"line":34,"column":54}},"2":{"start":{"line":37,"column":4},"end":{"line":39,"column":7}},"3":{"start":{"line":38,"column":6},"end":{"line":38,"column":70}},"4":{"start":{"line":42,"column":4},"end":{"line":48,"column":7}},"5":{"start":{"line":51,"column":4},"end":{"line":53,"column":5}},"6":{"start":{"line":52,"column":6},"end":{"line":52,"column":55}},"7":{"start":{"line":60,"column":4},"end":{"line":60,"column":26}},"8":{"start":{"line":62,"column":4},"end":{"line":77,"column":5}},"9":{"start":{"line":63,"column":20},"end":{"line":63,"column":58}},"10":{"start":{"line":65,"column":6},"end":{"line":68,"column":8}},"11":{"start":{"line":70,"column":6},"end":{"line":70,"column":19}},"12":{"start":{"line":72,"column":6},"end":{"line":75,"column":9}},"13":{"start":{"line":76,"column":6},"end":{"line":76,"column":18}},"14":{"start":{"line":84,"column":4},"end":{"line":84,"column":26}},"15":{"start":{"line":85,"column":4},"end":{"line":85,"column":34}},"16":{"start":{"line":87,"column":4},"end":{"line":100,"column":5}},"17":{"start":{"line":88,"column":6},"end":{"line":88,"column":58}},"18":{"start":{"line":90,"column":6},"end":{"line":93,"column":9}},"19":{"start":{"line":95,"column":6},"end":{"line":98,"column":9}},"20":{"start":{"line":99,"column":6},"end":{"line":99,"column":18}},"21":{"start":{"line":111,"column":4},"end":{"line":111,"column":26}},"22":{"start":{"line":112,"column":4},"end":{"line":112,"column":34}},"23":{"start":{"line":114,"column":4},"end":{"line":131,"column":5}},"24":{"start":{"line":115,"column":21},"end":{"line":115,"column":75}},"25":{"start":{"line":117,"column":6},"end":{"line":122,"column":7}},"26":{"start":{"line":118,"column":8},"end":{"line":121,"column":11}},"27":{"start":{"line":124,"column":6},"end":{"line":124,"column":26}},"28":{"start":{"line":126,"column":6},"end":{"line":129,"column":9}},"29":{"start":{"line":130,"column":6},"end":{"line":130,"column":18}},"30":{"start":{"line":138,"column":4},"end":{"line":138,"column":26}},"31":{"start":{"line":140,"column":4},"end":{"line":155,"column":5}},"32":{"start":{"line":141,"column":22},"end":{"line":141,"column":60}},"33":{"start":{"line":143,"column":6},"end":{"line":146,"column":9}},"34":{"start":{"line":148,"column":6},"end":{"line":148,"column":21}},"35":{"start":{"line":150,"column":6},"end":{"line":153,"column":9}},"36":{"start":{"line":154,"column":6},"end":{"line":154,"column":19}},"37":{"start":{"line":162,"column":4},"end":{"line":170,"column":5}},"38":{"start":{"line":163,"column":6},"end":{"line":163,"column":41}},"39":{"start":{"line":164,"column":6},"end":{"line":164,"column":47}},"40":{"start":{"line":166,"column":6},"end":{"line":168,"column":9}},"41":{"start":{"line":169,"column":6},"end":{"line":169,"column":18}},"42":{"start":{"line":177,"column":4},"end":{"line":192,"column":5}},"43":{"start":{"line":178,"column":20},"end":{"line":178,"column":57}},"44":{"start":{"line":179,"column":28},"end":{"line":179,"column":59}},"45":{"start":{"line":181,"column":6},"end":{"line":184,"column":9}},"46":{"start":{"line":186,"column":6},"end":{"line":186,"column":19}},"47":{"start":{"line":188,"column":6},"end":{"line":190,"column":9}},"48":{"start":{"line":191,"column":6},"end":{"line":191,"column":18}},"49":{"start":{"line":199,"column":4},"end":{"line":208,"column":17}},"50":{"start":{"line":200,"column":6},"end":{"line":207,"column":7}},"51":{"start":{"line":201,"column":22},"end":{"line":201,"column":43}},"52":{"start":{"line":202,"column":8},"end":{"line":202,"column":63}},"53":{"start":{"line":204,"column":8},"end":{"line":206,"column":11}},"54":{"start":{"line":215,"column":4},"end":{"line":218,"column":5}},"55":{"start":{"line":216,"column":6},"end":{"line":216,"column":40}},"56":{"start":{"line":217,"column":6},"end":{"line":217,"column":32}},"57":{"start":{"line":225,"column":4},"end":{"line":225,"column":52}},"58":{"start":{"line":232,"column":4},"end":{"line":232,"column":44}},"59":{"start":{"line":239,"column":4},"end":{"line":239,"column":31}}},"fnMap":{"0":{"name":"(anonymous_0)","decl":{"start":{"line":19,"column":2},"end":{"line":19,"column":3}},"loc":{"start":{"line":33,"column":4},"end":{"line":54,"column":3}},"line":33},"1":{"name":"(anonymous_1)","decl":{"start":{"line":37,"column":31},"end":{"line":37,"column":32}},"loc":{"start":{"line":37,"column":65},"end":{"line":39,"column":5}},"line":37},"2":{"name":"(anonymous_2)","decl":{"start":{"line":59,"column":2},"end":{"line":59,"column":3}},"loc":{"start":{"line":59,"column":47},"end":{"line":78,"column":3}},"line":59},"3":{"name":"(anonymous_3)","decl":{"start":{"line":83,"column":2},"end":{"line":83,"column":3}},"loc":{"start":{"line":83,"column":77},"end":{"line":101,"column":3}},"line":83},"4":{"name":"(anonymous_4)","decl":{"start":{"line":106,"column":2},"end":{"line":106,"column":3}},"loc":{"start":{"line":110,"column":16},"end":{"line":132,"column":3}},"line":110},"5":{"name":"(anonymous_5)","decl":{"start":{"line":137,"column":2},"end":{"line":137,"column":3}},"loc":{"start":{"line":137,"column":46},"end":{"line":156,"column":3}},"line":137},"6":{"name":"(anonymous_6)","decl":{"start":{"line":161,"column":2},"end":{"line":161,"column":3}},"loc":{"start":{"line":161,"column":31},"end":{"line":171,"column":3}},"line":161},"7":{"name":"(anonymous_7)","decl":{"start":{"line":176,"column":2},"end":{"line":176,"column":3}},"loc":{"start":{"line":176,"column":56},"end":{"line":193,"column":3}},"line":176},"8":{"name":"(anonymous_8)","decl":{"start":{"line":198,"column":2},"end":{"line":198,"column":3}},"loc":{"start":{"line":198,"column":55},"end":{"line":209,"column":3}},"line":198},"9":{"name":"(anonymous_9)","decl":{"start":{"line":199,"column":37},"end":{"line":199,"column":38}},"loc":{"start":{"line":199,"column":49},"end":{"line":208,"column":5}},"line":199},"10":{"name":"(anonymous_10)","decl":{"start":{"line":214,"column":2},"end":{"line":214,"column":3}},"loc":{"start":{"line":214,"column":30},"end":{"line":219,"column":3}},"line":214},"11":{"name":"(anonymous_11)","decl":{"start":{"line":224,"column":2},"end":{"line":224,"column":3}},"loc":{"start":{"line":224,"column":22},"end":{"line":226,"column":3}},"line":224},"12":{"name":"(anonymous_12)","decl":{"start":{"line":231,"column":2},"end":{"line":231,"column":3}},"loc":{"start":{"line":231,"column":30},"end":{"line":233,"column":3}},"line":231},"13":{"name":"(anonymous_13)","decl":{"start":{"line":238,"column":2},"end":{"line":238,"column":3}},"loc":{"start":{"line":238,"column":18},"end":{"line":240,"column":3}},"line":238}},"branchMap":{"0":{"loc":{"start":{"line":20,"column":12},"end":{"line":32,"column":10}},"type":"default-arg","locations":[{"start":{"line":32,"column":8},"end":{"line":32,"column":10}}],"line":20},"1":{"loc":{"start":{"line":42,"column":36},"end":{"line":42,"column":116}},"type":"binary-expr","locations":[{"start":{"line":42,"column":36},"end":{"line":42,"column":79}},{"start":{"line":42,"column":83},"end":{"line":42,"column":116}}],"line":42},"2":{"loc":{"start":{"line":51,"column":4},"end":{"line":53,"column":5}},"type":"if","locations":[{"start":{"line":51,"column":4},"end":{"line":53,"column":5}},{"start":{},"end":{}}],"line":51},"3":{"loc":{"start":{"line":66,"column":8},"end":{"line":66,"column":73}},"type":"cond-expr","locations":[{"start":{"line":66,"column":25},"end":{"line":66,"column":47}},{"start":{"line":66,"column":50},"end":{"line":66,"column":73}}],"line":66},"4":{"loc":{"start":{"line":117,"column":6},"end":{"line":122,"column":7}},"type":"if","locations":[{"start":{"line":117,"column":6},"end":{"line":122,"column":7}},{"start":{},"end":{}}],"line":117},"5":{"loc":{"start":{"line":215,"column":4},"end":{"line":218,"column":5}},"type":"if","locations":[{"start":{"line":215,"column":4},"end":{"line":218,"column":5}},{"start":{},"end":{}}],"line":215}},"s":{"0":4,"1":4,"2":4,"3":0,"4":4,"5":4,"6":0,"7":0,"8":0,"9":0,"10":0,"11":0,"12":0,"13":0,"14":0,"15":0,"16":0,"17":0,"18":0,"19":0,"20":0,"21":0,"22":0,"23":0,"24":0,"25":0,"26":0,"27":0,"28":0,"29":0,"30":0,"31":0,"32":0,"33":0,"34":0,"35":0,"36":0,"37":0,"38":0,"39":0,"40":0,"41":0,"42":0,"43":0,"44":0,"45":0,"46":0,"47":0,"48":0,"49":0,"50":0,"51":0,"52":0,"53":0,"54":0,"55":0,"56":0,"57":0,"58":0,"59":0},"f":{"0":4,"1":0,"2":0,"3":0,"4":0,"5":0,"6":0,"7":0,"8":0,"9":0,"10":0,"11":0,"12":0,"13":0},"b":{"0":[4],"1":[4,0],"2":[0,4],"3":[0,0],"4":[0,0],"5":[0,0]},"_coverageSchema":"1a1c01bbd47fc00a2c39e90264f33305004495a9","hash":"b40910d10163ccbcfc650041b522b777e01b45dc"}
,"C:\\Users\\JustinSaadein\\fourjs\\cache-module\\src\\implementations\\cache-manager-core.ts": {"path":"C:\\Users\\JustinSaadein\\fourjs\\cache-module\\src\\implementations\\cache-manager-core.ts","statementMap":{"0":{"start":{"line":10,"column":51},"end":{"line":10,"column":60}},"1":{"start":{"line":11,"column":74},"end":{"line":11,"column":83}},"2":{"start":{"line":12,"column":54},"end":{"line":12,"column":58}},"3":{"start":{"line":15,"column":4},"end":{"line":19,"column":8}},"4":{"start":{"line":22,"column":4},"end":{"line":24,"column":7}},"5":{"start":{"line":23,"column":6},"end":{"line":23,"column":62}},"6":{"start":{"line":26,"column":4},"end":{"line":28,"column":5}},"7":{"start":{"line":27,"column":6},"end":{"line":27,"column":29}},"8":{"start":{"line":35,"column":21},"end":{"line":35,"column":39}},"9":{"start":{"line":36,"column":4},"end":{"line":36,"column":29}},"10":{"start":{"line":42,"column":21},"end":{"line":42,"column":39}},"11":{"start":{"line":43,"column":4},"end":{"line":43,"column":45}},"12":{"start":{"line":49,"column":21},"end":{"line":49,"column":39}},"13":{"start":{"line":50,"column":4},"end":{"line":50,"column":32}},"14":{"start":{"line":57,"column":21},"end":{"line":57,"column":39}},"15":{"start":{"line":58,"column":4},"end":{"line":58,"column":28}},"16":{"start":{"line":64,"column":21},"end":{"line":64,"column":39}},"17":{"start":{"line":65,"column":4},"end":{"line":65,"column":34}},"18":{"start":{"line":71,"column":21},"end":{"line":71,"column":39}},"19":{"start":{"line":72,"column":4},"end":{"line":72,"column":46}},"20":{"start":{"line":82,"column":21},"end":{"line":82,"column":39}},"21":{"start":{"line":83,"column":18},"end":{"line":83,"column":41}},"22":{"start":{"line":85,"column":4},"end":{"line":87,"column":5}},"23":{"start":{"line":86,"column":6},"end":{"line":86,"column":19}},"24":{"start":{"line":89,"column":21},"end":{"line":89,"column":36}},"25":{"start":{"line":90,"column":4},"end":{"line":90,"column":47}},"26":{"start":{"line":91,"column":4},"end":{"line":91,"column":20}},"27":{"start":{"line":97,"column":21},"end":{"line":97,"column":39}},"28":{"start":{"line":98,"column":4},"end":{"line":98,"column":56}},"29":{"start":{"line":104,"column":25},"end":{"line":104,"column":60}},"30":{"start":{"line":105,"column":21},"end":{"line":105,"column":53}},"31":{"start":{"line":107,"column":4},"end":{"line":109,"column":5}},"32":{"start":{"line":108,"column":6},"end":{"line":108,"column":62}},"33":{"start":{"line":111,"column":4},"end":{"line":111,"column":20}},"34":{"start":{"line":119,"column":4},"end":{"line":119,"column":14}},"35":{"start":{"line":126,"column":21},"end":{"line":126,"column":39}},"36":{"start":{"line":127,"column":4},"end":{"line":127,"column":72}},"37":{"start":{"line":135,"column":4},"end":{"line":135,"column":13}},"38":{"start":{"line":143,"column":4},"end":{"line":143,"column":14}},"39":{"start":{"line":151,"column":4},"end":{"line":151,"column":13}},"40":{"start":{"line":158,"column":4},"end":{"line":158,"column":40}},"41":{"start":{"line":158,"column":33},"end":{"line":158,"column":40}},"42":{"start":{"line":160,"column":4},"end":{"line":162,"column":41}},"43":{"start":{"line":161,"column":6},"end":{"line":161,"column":33}},"44":{"start":{"line":169,"column":4},"end":{"line":172,"column":5}},"45":{"start":{"line":170,"column":6},"end":{"line":170,"column":45}},"46":{"start":{"line":171,"column":6},"end":{"line":171,"column":37}},"47":{"start":{"line":179,"column":4},"end":{"line":191,"column":5}},"48":{"start":{"line":180,"column":6},"end":{"line":190,"column":7}},"49":{"start":{"line":181,"column":8},"end":{"line":181,"column":43}},"50":{"start":{"line":182,"column":8},"end":{"line":182,"column":64}},"51":{"start":{"line":184,"column":23},"end":{"line":184,"column":50}},"52":{"start":{"line":185,"column":8},"end":{"line":189,"column":9}},"53":{"start":{"line":186,"column":10},"end":{"line":186,"column":29}},"54":{"start":{"line":187,"column":10},"end":{"line":187,"column":45}},"55":{"start":{"line":188,"column":10},"end":{"line":188,"column":46}},"56":{"start":{"line":198,"column":4},"end":{"line":198,"column":70}}},"fnMap":{"0":{"name":"(anonymous_0)","decl":{"start":{"line":13,"column":2},"end":{"line":13,"column":3}},"loc":{"start":{"line":13,"column":70},"end":{"line":29,"column":3}},"line":13},"1":{"name":"(anonymous_1)","decl":{"start":{"line":22,"column":27},"end":{"line":22,"column":28}},"loc":{"start":{"line":22,"column":40},"end":{"line":24,"column":5}},"line":22},"2":{"name":"(anonymous_2)","decl":{"start":{"line":34,"column":2},"end":{"line":34,"column":3}},"loc":{"start":{"line":34,"column":39},"end":{"line":37,"column":3}},"line":34},"3":{"name":"(anonymous_3)","decl":{"start":{"line":41,"column":2},"end":{"line":41,"column":3}},"loc":{"start":{"line":41,"column":76},"end":{"line":44,"column":3}},"line":41},"4":{"name":"(anonymous_4)","decl":{"start":{"line":48,"column":2},"end":{"line":48,"column":3}},"loc":{"start":{"line":48,"column":46},"end":{"line":51,"column":3}},"line":48},"5":{"name":"(anonymous_5)","decl":{"start":{"line":56,"column":2},"end":{"line":56,"column":3}},"loc":{"start":{"line":56,"column":31},"end":{"line":59,"column":3}},"line":56},"6":{"name":"(anonymous_6)","decl":{"start":{"line":63,"column":2},"end":{"line":63,"column":3}},"loc":{"start":{"line":63,"column":62},"end":{"line":66,"column":3}},"line":63},"7":{"name":"(anonymous_7)","decl":{"start":{"line":70,"column":2},"end":{"line":70,"column":3}},"loc":{"start":{"line":70,"column":85},"end":{"line":73,"column":3}},"line":70},"8":{"name":"(anonymous_8)","decl":{"start":{"line":77,"column":2},"end":{"line":77,"column":3}},"loc":{"start":{"line":81,"column":18},"end":{"line":92,"column":3}},"line":81},"9":{"name":"(anonymous_9)","decl":{"start":{"line":96,"column":2},"end":{"line":96,"column":3}},"loc":{"start":{"line":96,"column":33},"end":{"line":99,"column":3}},"line":96},"10":{"name":"(anonymous_10)","decl":{"start":{"line":103,"column":2},"end":{"line":103,"column":3}},"loc":{"start":{"line":103,"column":45},"end":{"line":112,"column":3}},"line":103},"11":{"name":"(anonymous_11)","decl":{"start":{"line":117,"column":2},"end":{"line":117,"column":3}},"loc":{"start":{"line":117,"column":40},"end":{"line":120,"column":3}},"line":117},"12":{"name":"(anonymous_12)","decl":{"start":{"line":125,"column":2},"end":{"line":125,"column":3}},"loc":{"start":{"line":125,"column":54},"end":{"line":128,"column":3}},"line":125},"13":{"name":"(anonymous_13)","decl":{"start":{"line":133,"column":2},"end":{"line":133,"column":3}},"loc":{"start":{"line":133,"column":60},"end":{"line":136,"column":3}},"line":133},"14":{"name":"(anonymous_14)","decl":{"start":{"line":141,"column":2},"end":{"line":141,"column":3}},"loc":{"start":{"line":141,"column":50},"end":{"line":144,"column":3}},"line":141},"15":{"name":"(anonymous_15)","decl":{"start":{"line":149,"column":2},"end":{"line":149,"column":3}},"loc":{"start":{"line":149,"column":58},"end":{"line":152,"column":3}},"line":149},"16":{"name":"(anonymous_16)","decl":{"start":{"line":157,"column":2},"end":{"line":157,"column":3}},"loc":{"start":{"line":157,"column":26},"end":{"line":163,"column":3}},"line":157},"17":{"name":"(anonymous_17)","decl":{"start":{"line":160,"column":42},"end":{"line":160,"column":43}},"loc":{"start":{"line":160,"column":48},"end":{"line":162,"column":5}},"line":160},"18":{"name":"(anonymous_18)","decl":{"start":{"line":168,"column":2},"end":{"line":168,"column":3}},"loc":{"start":{"line":168,"column":25},"end":{"line":173,"column":3}},"line":168},"19":{"name":"(anonymous_19)","decl":{"start":{"line":178,"column":2},"end":{"line":178,"column":3}},"loc":{"start":{"line":178,"column":53},"end":{"line":192,"column":3}},"line":178},"20":{"name":"(anonymous_20)","decl":{"start":{"line":197,"column":2},"end":{"line":197,"column":3}},"loc":{"start":{"line":197,"column":70},"end":{"line":199,"column":3}},"line":197}},"branchMap":{"0":{"loc":{"start":{"line":13,"column":22},"end":{"line":13,"column":68}},"type":"default-arg","locations":[{"start":{"line":13,"column":54},"end":{"line":13,"column":68}}],"line":13},"1":{"loc":{"start":{"line":26,"column":4},"end":{"line":28,"column":5}},"type":"if","locations":[{"start":{"line":26,"column":4},"end":{"line":28,"column":5}},{"start":{},"end":{}}],"line":26},"2":{"loc":{"start":{"line":85,"column":4},"end":{"line":87,"column":5}},"type":"if","locations":[{"start":{"line":85,"column":4},"end":{"line":87,"column":5}},{"start":{},"end":{}}],"line":85},"3":{"loc":{"start":{"line":98,"column":11},"end":{"line":98,"column":55}},"type":"cond-expr","locations":[{"start":{"line":98,"column":31},"end":{"line":98,"column":50}},{"start":{"line":98,"column":53},"end":{"line":98,"column":55}}],"line":98},"4":{"loc":{"start":{"line":104,"column":25},"end":{"line":104,"column":60}},"type":"binary-expr","locations":[{"start":{"line":104,"column":25},"end":{"line":104,"column":29}},{"start":{"line":104,"column":33},"end":{"line":104,"column":60}}],"line":104},"5":{"loc":{"start":{"line":107,"column":4},"end":{"line":109,"column":5}},"type":"if","locations":[{"start":{"line":107,"column":4},"end":{"line":109,"column":5}},{"start":{},"end":{}}],"line":107},"6":{"loc":{"start":{"line":127,"column":11},"end":{"line":127,"column":71}},"type":"cond-expr","locations":[{"start":{"line":127,"column":38},"end":{"line":127,"column":67}},{"start":{"line":127,"column":70},"end":{"line":127,"column":71}}],"line":127},"7":{"loc":{"start":{"line":158,"column":4},"end":{"line":158,"column":40}},"type":"if","locations":[{"start":{"line":158,"column":4},"end":{"line":158,"column":40}},{"start":{},"end":{}}],"line":158},"8":{"loc":{"start":{"line":169,"column":4},"end":{"line":172,"column":5}},"type":"if","locations":[{"start":{"line":169,"column":4},"end":{"line":172,"column":5}},{"start":{},"end":{}}],"line":169},"9":{"loc":{"start":{"line":185,"column":8},"end":{"line":189,"column":9}},"type":"if","locations":[{"start":{"line":185,"column":8},"end":{"line":189,"column":9}},{"start":{},"end":{}}],"line":185},"10":{"loc":{"start":{"line":198,"column":11},"end":{"line":198,"column":69}},"type":"binary-expr","locations":[{"start":{"line":198,"column":11},"end":{"line":198,"column":38}},{"start":{"line":198,"column":42},"end":{"line":198,"column":69}}],"line":198}},"s":{"0":4,"1":4,"2":4,"3":4,"4":0,"5":0,"6":0,"7":0,"8":0,"9":0,"10":0,"11":0,"12":0,"13":0,"14":0,"15":0,"16":0,"17":0,"18":0,"19":0,"20":0,"21":0,"22":0,"23":0,"24":0,"25":0,"26":0,"27":0,"28":0,"29":0,"30":0,"31":0,"32":0,"33":0,"34":0,"35":0,"36":0,"37":0,"38":0,"39":0,"40":0,"41":0,"42":0,"43":0,"44":0,"45":0,"46":0,"47":0,"48":0,"49":0,"50":0,"51":0,"52":0,"53":0,"54":0,"55":0,"56":0},"f":{"0":4,"1":0,"2":0,"3":0,"4":0,"5":0,"6":0,"7":0,"8":0,"9":0,"10":0,"11":0,"12":0,"13":0,"14":0,"15":0,"16":0,"17":0,"18":0,"19":0,"20":0},"b":{"0":[0],"1":[0,0],"2":[0,0],"3":[0,0],"4":[0,0],"5":[0,0],"6":[0,0],"7":[0,0],"8":[0,0],"9":[0,0],"10":[0,0]},"_coverageSchema":"1a1c0
[...]
:299,"column":7}},{"start":{},"end":{}}],"line":297},"24":{"loc":{"start":{"line":297,"column":17},"end":{"line":297,"column":71}},"type":"binary-expr","locations":[{"start":{"line":297,"column":17},"end":{"line":297,"column":44}},{"start":{"line":297,"column":48},"end":{"line":297,"column":71}}],"line":297},"25":{"loc":{"start":{"line":304,"column":4},"end":{"line":350,"column":5}},"type":"if","locations":[{"start":{"line":304,"column":4},"end":{"line":350,"column":5}},{"start":{"line":307,"column":11},"end":{"line":350,"column":5}}],"line":304},"26":{"loc":{"start":{"line":304,"column":8},"end":{"line":304,"column":45}},"type":"binary-expr","locations":[{"start":{"line":304,"column":8},"end":{"line":304,"column":22}},{"start":{"line":304,"column":26},"end":{"line":304,"column":45}}],"line":304},"27":{"loc":{"start":{"line":307,"column":11},"end":{"line":350,"column":5}},"type":"if","locations":[{"start":{"line":307,"column":11},"end":{"line":350,"column":5}},{"start":{"line":309,"column":11},"end":{"line":350,"column":5}}],"line":307},"28":{"loc":{"start":{"line":309,"column":11},"end":{"line":350,"column":5}},"type":"if","locations":[{"start":{"line":309,"column":11},"end":{"line":350,"column":5}},{"start":{"line":326,"column":11},"end":{"line":350,"column":5}}],"line":309},"29":{"loc":{"start":{"line":313,"column":6},"end":{"line":325,"column":7}},"type":"if","locations":[{"start":{"line":313,"column":6},"end":{"line":325,"column":7}},{"start":{},"end":{}}],"line":313},"30":{"loc":{"start":{"line":313,"column":10},"end":{"line":313,"column":41}},"type":"binary-expr","locations":[{"start":{"line":313,"column":10},"end":{"line":313,"column":26}},{"start":{"line":313,"column":30},"end":{"line":313,"column":41}}],"line":313},"31":{"loc":{"start":{"line":318,"column":22},"end":{"line":318,"column":66}},"type":"binary-expr","locations":[{"start":{"line":318,"column":22},"end":{"line":318,"column":42}},{"start":{"line":318,"column":46},"end":{"line":318,"column":66}}],"line":318},"32":{"loc":{"start":{"line":322,"column":8},"end":{"line":324,"column":9}},"type":"if","locations":[{"start":{"line":322,"column":8},"end":{"line":324,"column":9}},{"start":{},"end":{}}],"line":322},"33":{"loc":{"start":{"line":326,"column":11},"end":{"line":350,"column":5}},"type":"if","locations":[{"start":{"line":326,"column":11},"end":{"line":350,"column":5}},{"start":{"line":348,"column":11},"end":{"line":350,"column":5}}],"line":326},"34":{"loc":{"start":{"line":326,"column":15},"end":{"line":326,"column":58}},"type":"binary-expr","locations":[{"start":{"line":326,"column":15},"end":{"line":326,"column":40}},{"start":{"line":326,"column":44},"end":{"line":326,"column":58}}],"line":326},"35":{"loc":{"start":{"line":331,"column":8},"end":{"line":344,"column":9}},"type":"if","locations":[{"start":{"line":331,"column":8},"end":{"line":344,"column":9}},{"start":{"line":333,"column":15},"end":{"line":344,"column":9}}],"line":331},"36":{"loc":{"start":{"line":333,"column":15},"end":{"line":344,"column":9}},"type":"if","locations":[{"start":{"line":333,"column":15},"end":{"line":344,"column":9}},{"start":{"line":335,"column":15},"end":{"line":344,"column":9}}],"line":333},"37":{"loc":{"start":{"line":335,"column":15},"end":{"line":344,"column":9}},"type":"if","locations":[{"start":{"line":335,"column":15},"end":{"line":344,"column":9}},{"start":{"line":337,"column":15},"end":{"line":344,"column":9}}],"line":335},"38":{"loc":{"start":{"line":362,"column":2},"end":{"line":368,"column":3}},"type":"if","locations":[{"start":{"line":362,"column":2},"end":{"line":368,"column":3}},{"start":{},"end":{}}],"line":362},"39":{"loc":{"start":{"line":363,"column":4},"end":{"line":367,"column":5}},"type":"if","locations":[{"start":{"line":363,"column":4},"end":{"line":367,"column":5}},{"start":{"line":365,"column":11},"end":{"line":367,"column":5}}],"line":363},"40":{"loc":{"start":{"line":371,"column":2},"end":{"line":378,"column":3}},"type":"if","locations":[{"start":{"line":371,"column":2},"end":{"line":378,"column":3}},{"start":{},"end":{}}],"line":371},"41":{"loc":{"start":{"line":381,"column":2},"end":{"line":429,"column":3}},"type":"if","locations":[{"start":{"line":381,"column":2},"end":{"line":429,"column":3}},{"start":{},"end":{}}],"line":381},"42":{"loc":{"start":{"line":383,"column":19},"end":{"line":383,"column":48}},"type":"binary-expr","locations":[{"start":{"line":383,"column":19},"end":{"line":383,"column":35}},{"start":{"line":383,"column":39},"end":{"line":383,"column":48}}],"line":383},"43":{"loc":{"start":{"line":386,"column":4},"end":{"line":388,"column":5}},"type":"if","locations":[{"start":{"line":386,"column":4},"end":{"line":388,"column":5}},{"start":{},"end":{}}],"line":386},"44":{"loc":{"start":{"line":393,"column":4},"end":{"line":395,"column":5}},"type":"if","locations":[{"start":{"line":393,"column":4},"end":{"line":395,"column":5}},{"start":{},"end":{}}],"line":393},"45":{"loc":{"start":{"line":401,"column":4},"end":{"line":428,"column":5}},"type":"if","locations":[{"start":{"line":401,"column":4},"end":{"line":428,"column":5}},{"start":{},"end":{}}],"line":401},"46":{"loc":{"start":{"line":413,"column":6},"end":{"line":421,"column":7}},"type":"if","locations":[{"start":{"line":413,"column":6},"end":{"line":421,"column":7}},{"start":{},"end":{}}],"line":413},"47":{"loc":{"start":{"line":423,"column":6},"end":{"line":425,"column":7}},"type":"if","locations":[{"start":{"line":423,"column":6},"end":{"line":425,"column":7}},{"start":{},"end":{}}],"line":423},"48":{"loc":{"start":{"line":432,"column":2},"end":{"line":434,"column":3}},"type":"if","locations":[{"start":{"line":432,"column":2},"end":{"line":434,"column":3}},{"start":{},"end":{}}],"line":432},"49":{"loc":{"start":{"line":446,"column":2},"end":{"line":448,"column":3}},"type":"if","locations":[{"start":{"line":446,"column":2},"end":{"line":448,"column":3}},{"start":{},"end":{}}],"line":446}},"s":{"0":34,"1":34,"2":34,"3":34,"4":34,"5":34,"6":34,"7":0,"8":0,"9":0,"10":0,"11":0,"12":0,"13":26,"14":26,"15":26,"16":4,"17":4,"18":4,"19":2,"20":4,"21":2,"22":4,"23":1,"24":4,"25":4,"26":5,"27":2,"28":2,"29":2,"30":0,"31":2,"32":9,"33":22,"34":22,"35":0,"36":22,"37":22,"38":21,"39":21,"40":17,"41":4,"42":1,"43":21,"44":1,"45":20,"46":1,"47":19,"48":1,"49":22,"50":2,"51":2,"52":20,"53":1,"54":19,"55":18,"56":18,"57":2,"58":2,"59":2,"60":3,"61":3,"62":2,"63":2,"64":1,"65":1,"66":1,"67":1,"68":0,"69":1,"70":0,"71":1,"72":1,"73":0,"74":0,"75":0,"76":0,"77":0,"78":0,"79":22,"80":22,"81":21,"82":0,"83":21,"84":22,"85":22,"86":22,"87":0,"88":0,"89":0,"90":0,"91":0,"92":0,"93":0,"94":0,"95":0,"96":0,"97":0,"98":0,"99":0,"100":0,"101":0,"102":0,"103":0,"104":22,"105":1,"106":21,"107":0,"108":0,"109":0},"f":{"0":34,"1":0,"2":0,"3":26,"4":4,"5":5,"6":2,"7":22,"8":0,"9":0},"b":{"0":[26,1],"1":[2,2],"2":[2,2],"3":[1,3],"4":[2],"5":[1,1],"6":[1,0],"7":[0,2],"8":[18],"9":[20],"10":[21],"11":[22],"12":[22],"13":[22],"14":[22],"15":[0,22],"16":[22,21],"17":[21,1],"18":[17,4],"19":[1,3],"20":[1,20],"21":[1,19],"22":[20,19],"23":[1,18],"24":[19,1],"25":[2,20],"26":[22,21],"27":[1,19],"28":[18,1],"29":[2,16],"30":[18,2],"31":[3,0],"32":[2,0],"33":[1,0],"34":[1,1],"35":[0,1],"36":[0,1],"37":[1,0],"38":[21,1],"39":[0,21],"40":[22,0],"41":[0,22],"42":[0,0],"43":[0,0],"44":[0,0],"45":[0,0],"46":[0,0],"47":[0,0],"48":[1,21],"49":[0,0]},"_coverageSchema":"1a1c01bbd47fc00a2c39e90264f33305004495a9","hash":"2cf55c99170a82650a1ca924036e76d8f549f5c3"}
,"C:\\Users\\JustinSaadein\\fourjs\\cache-module\\src\\utils\\key-utils.ts": {"path":"C:\\Users\\JustinSaadein\\fourjs\\cache-module\\src\\utils\\key-utils.ts","statementMap":{"0":{"start":{"line":9,"column":28},"end":{"line":9,"column":47}},"1":{"start":{"line":10,"column":30},"end":{"line":10,"column":38}},"2":{"start":{"line":11,"column":26},"end":{"line":11,"column":42}},"3":{"start":{"line":14,"column":21},"end":{"line":14,"column":46}},"4":{"start":{"line":15,"column":31},"end":{"line":15,"column":34}},"5":{"start":{"line":36,"column":2},"end":{"line":38,"column":3}},"6":{"start":{"line":37,"column":4},"end":{"line":37,"column":45}},"7":{"start":{"line":41,"column":19},"end":{"line":45,"column":3}},"8":{"start":{"line":43,"column":6},"end":{"line":43,"column":60}},"9":{"start":{"line":48,"column":2},"end":{"line":48,"column":42}},"10":{"start":{"line":68,"column":18},"end":{"line":68,"column":38}},"11":{"start":{"line":69,"column":21},"end":{"line":69,"column":65}},"12":{"start":{"line":70,"column":2},"end":{"line":70,"column":68}},"13":{"start":{"line":88,"column":2},"end":{"line":90,"column":41}},"14":{"start":{"line":113,"column":16},"end":{"line":113,"column":43}},"15":{"start":{"line":114,"column":2},"end":{"line":116,"column":3}},"16":{"start":{"line":115,"column":4},"end":{"line":115,"column":42}},"17":{"start":{"line":118,"column":2},"end":{"line":121,"column":4}},"18":{"start":{"line":136,"column":2},"end":{"line":136,"column":45}},"19":{"start":{"line":151,"column":14},"end":{"line":151,"column":39}},"20":{"start":{"line":152,"column":2},"end":{"line":154,"column":3}},"21":{"start":{"line":153,"column":4},"end":{"line":153,"column":17}},"22":{"start":{"line":157,"column":18},"end":{"line":159,"column":27}},"23":{"start":{"line":161,"column":2},"end":{"line":161,"column":37}},"24":{"start":{"line":164,"column":2},"end":{"line":169,"column":3}},"25":{"start":{"line":165,"column":21},"end":{"line":165,"column":53}},"26":{"start":{"line":166,"column":4},"end":{"line":168,"column":5}},"27":{"start":{"line":167,"column":6},"end":{"line":167,"column":36}},"28":{"start":{"line":170,"column":2},"end":{"line":170,"column":35}},"29":{"start":{"line":172,"column":2},"end":{"line":172,"column":15}},"30":{"start":{"line":187,"column":16},"end":{"line":187,"column":41}},"31":{"start":{"line":188,"column":2},"end":{"line":188,"column":25}},"32":{"start":{"line":202,"column":2},"end":{"line":205,"column":19}},"33":{"start":{"line":219,"column":20},"end":{"line":219,"column":30}},"34":{"start":{"line":220,"column":17},"end":{"line":220,"column":59}},"35":{"start":{"line":221,"column":2},"end":{"line":221,"column":58}},"36":{"start":{"line":235,"column":16},"end":{"line":235,"column":30}},"37":{"start":{"line":236,"column":2},"end":{"line":236,"column":36}},"38":{"start":{"line":236,"column":24},"end":{"line":236,"column":36}},"39":{"start":{"line":238,"column":20},"end":{"line":238,"column":43}},"40":{"start":{"line":239,"column":2},"end":{"line":239,"column":45}},"41":{"start":{"line":243,"column":24},"end":{"line":262,"column":1}}},"fnMap":{"0":{"name":"generateKey","decl":{"start":{"line":34,"column":16},"end":{"line":34,"column":27}},"loc":{"start":{"line":34,"column":72},"end":{"line":49,"column":1}},"line":34},"1":{"name":"(anonymous_1)","decl":{"start":{"line":42,"column":14},"end":{"line":42,"column":15}},"loc":{"start":{"line":43,"column":6},"end":{"line":43,"column":60}},"line":43},"2":{"name":"generateFunctionKey","decl":{"start":{"line":63,"column":16},"end":{"line":63,"column":35}},"loc":{"start":{"line":67,"column":10},"end":{"line":71,"column":1}},"line":67},"3":{"name":"generateQueryKey","decl":{"start":{"line":84,"column":16},"end":{"line":84,"column":32}},"loc":{"start":{"line":87,"column":10},"end":{"line":91,"column":1}},"line":87},"4":{"name":"parseKey","decl":{"start":{"line":109,"column":16},"end":{"line":109,"column":24}},"loc":{"start":{"line":112,"column":2},"end":{"line":122,"column":1}},"line":112},"5":{"name":"createKeyPrefix","decl":{"start":{"line":135,"column":16},"end":{"line":135,"column":31}},"loc":{"start":{"line":135,"column":79},"end":{"line":137,"column":1}},"line":135},"6":{"name":"createKeyPattern","decl":{"start":{"line":149,"column":16},"end":{"line":149,"column":32}},"loc":{"start":{"line":149,"column":58},"end":{"line":173,"column":1}},"line":149},"7":{"name":"keyMatchesPattern","decl":{"start":{"line":186,"column":16},"end":{"line":186,"column":33}},"loc":{"start":{"line":186,"column":73},"end":{"line":189,"column":1}},"line":186},"8":{"name":"normalizeKey","decl":{"start":{"line":201,"column":16},"end":{"line":201,"column":28}},"loc":{"start":{"line":201,"column":50},"end":{"line":206,"column":1}},"line":201},"9":{"name":"generateUniqueKey","decl":{"start":{"line":218,"column":16},"end":{"line":218,"column":33}},"loc":{"start":{"line":218,"column":58},"end":{"line":222,"column":1}},"line":218},"10":{"name":"extractTimestamp","decl":{"start":{"line":234,"column":16},"end":{"line":234,"column":32}},"loc":{"start":{"line":234,"column":61},"end":{"line":240,"column":1}},"line":234}},"branchMap":{"0":{"loc":{"start":{"line":36,"column":2},"end":{"line":38,"column":3}},"type":"if","locations":[{"start":{"line":36,"column":2},"end":{"line":38,"column":3}},{"start":{},"end":{}}],"line":36},"1":{"loc":{"start":{"line":43,"column":6},"end":{"line":43,"column":60}},"type":"cond-expr","locations":[{"start":{"line":43,"column":33},"end":{"line":43,"column":37}},{"start":{"line":43,"column":40},"end":{"line":43,"column":60}}],"line":43},"2":{"loc":{"start":{"line":69,"column":21},"end":{"line":69,"column":65}},"type":"cond-expr","locations":[{"start":{"line":69,"column":31},"end":{"line":69,"column":60}},{"start":{"line":69,"column":63},"end":{"line":69,"column":65}}],"line":69},"3":{"loc":{"start":{"line":88,"column":9},"end":{"line":90,"column":40}},"type":"cond-expr","locations":[{"start":{"line":89,"column":6},"end":{"line":89,"column":66}},{"start":{"line":90,"column":6},"end":{"line":90,"column":40}}],"line":88},"4":{"loc":{"start":{"line":114,"column":2},"end":{"line":116,"column":3}},"type":"if","locations":[{"start":{"line":114,"column":2},"end":{"line":116,"column":3}},{"start":{},"end":{}}],"line":114},"5":{"loc":{"start":{"line":152,"column":2},"end":{"line":154,"column":3}},"type":"if","locations":[{"start":{"line":152,"column":2},"end":{"line":154,"column":3}},{"start":{},"end":{}}],"line":152},"6":{"loc":{"start":{"line":164,"column":2},"end":{"line":169,"column":3}},"type":"if","locations":[{"start":{"line":164,"column":2},"end":{"line":169,"column":3}},{"start":{},"end":{}}],"line":164},"7":{"loc":{"start":{"line":166,"column":4},"end":{"line":168,"column":5}},"type":"if","locations":[{"start":{"line":166,"column":4},"end":{"line":168,"column":5}},{"start":{},"end":{}}],"line":166},"8":{"loc":{"start":{"line":236,"column":2},"end":{"line":236,"column":36}},"type":"if","locations":[{"start":{"line":236,"column":2},"end":{"line":236,"column":36}},{"start":{},"end":{}}],"line":236},"9":{"loc":{"start":{"line":239,"column":9},"end":{"line":239,"column":44}},"type":"cond-expr","locations":[{"start":{"line":239,"column":28},"end":{"line":239,"column":32}},{"start":{"line":239,"column":35},"end":{"line":239,"column":44}}],"line":239}},"s":{"0":1,"1":1,"2":1,"3":1,"4":1,"5":3,"6":1,"7":2,"8":3,"9":2,"10":2,"11":2,"12":2,"13":2,"14":2,"15":2,"16":1,"17":1,"18":1,"19":7,"20":7,"21":5,"22":2,"23":2,"24":2,"25":0,"26":0,"27":0,"28":2,"29":2,"30":4,"31":4,"32":12,"33":2,"34":2,"35":2,"36":3,"37":3,"38":1,"39":2,"40":2,"41":1},"f":{"0":3,"1":3,"2":2,"3":2,"4":2,"5":1,"6":7,"7":4,"8":12,"9":2,"10":3},"b":{"0":[1,2],"1":[1,2],"2":[1,1],"3":[1,1],"4":[1,1],"5":[5,2],"6":[0,2],"7":[0,0],"8":[1,2],"9":[1,1]},"_coverageSchema":"1a1c01bbd47fc00a2c39e90264f33305004495a9","hash":"155db879a3dd57c6adb9db835174bdb441753a44"}
,"C:\\Users\\JustinSaadein\\fourjs\\cache-module\\src\\utils\\validation-utils.ts": {"path":"C:\\Users\\JustinSaadein\\fourjs\\cache-module\\src\\utils\\validation-utils.ts","statementMap":{"0":{"start":{"line":10,"column":23},"end":{"line":10,"column":27}},"1":{"start":{"line":18,"column":2},"end":{"line":24,"column":3}},"2":{"start":{"line":19,"column":4},"end":{"line":23,"column":6}},"3":{"start":{"line":26,"column":2},"end":{"line":32,"column":3}},"4":{"start":{"line":27,"column":4},"end":{"line":31,"column":6}},"5":{"start":{"line":34,"column":2},"end":{"line":41,"column":3}},"6":{"start":{"line":35,"column":4},"end":{"line":40,"column":6}},"7":{"start":{"line":51,"column":2},"end":{"line":53,"column":3}},"8":{"start":{"line":52,"column":4},"end":{"line":52,"column":11}},"9":{"start":{"line":55,"column":2},"end":{"line":61,"column":3}},"10":{"start":{"line":56,"column":4},"end":{"line":60,"column":6}},"11":{"start":{"line":63,"column":2},"end":{"line":69,"column":1}},"12":{"start":{"line":64,"column":4},"end":{"line":68,"column":6}},"13":{"start":{"line":71,"column":2},"end":{"line":77,"column":3}},"14":{"start":{"line":72,"column":4},"end":{"line":76,"column":6}},"15":{"start":{"line":87,"column":2},"end":{"line":93,"column":3}},"16":{"start":{"line":88,"column":4},"end":{"line":92,"column":6}},"17":{"start":{"line":95,"column":2},"end":{"line":104,"column":3}},"18":{"start":{"line":97,"column":4},"end":{"line":97,"column":26}},"19":{"start":{"line":99,"column":4},"end":{"line":103,"column":6}}},"fnMap":{"0":{"name":"validateCacheKey","decl":{"start":{"line":17,"column":16},"end":{"line":17,"column":32}},"loc":{"start":{"line":17,"column":52},"end":{"line":42,"column":1}},"line":17},"1":{"name":"validateCacheOptions","decl":{"start":{"line":50,"column":16},"end":{"line":50,"column":36}},"loc":{"start":{"line":50,"column":67},"end":{"line":78,"column":1}},"line":50},"2":{"name":"validateCacheValue","decl":{"start":{"line":86,"column":16},"end":{"line":86,"column":34}},"loc":{"start":{"line":86,"column":53},"end":{"line":105,"column":1}},"line":86}},"branchMap":{"0":{"loc":{"start":{"line":18,"column":2},"end":{"line":24,"column":3}},"type":"if","locations":[{"start":{"line":18,"column":2},"end":{"line":24,"column":3}},{"start":{},"end":{}}],"line":18},"1":{"loc":{"start":{"line":26,"column":2},"end":{"line":32,"column":3}},"type":"if","locations":[{"start":{"line":26,"column":2},"end":{"line":32,"column":3}},{"start":{},"end":{}}],"line":26},"2":{"loc":{"start":{"line":34,"column":2},"end":{"line":41,"column":3}},"type":"if","locations":[{"start":{"line":34,"column":2},"end":{"line":41,"column":3}},{"start":{},"end":{}}],"line":34},"3":{"loc":{"start":{"line":51,"column":2},"end":{"line":53,"column":3}},"type":"if","locations":[{"start":{"line":51,"column":2},"end":{"line":53,"column":3}},{"start":{},"end":{}}],"line":51},"4":{"loc":{"start":{"line":55,"column":2},"end":{"line":61,"column":3}},"type":"if","locations":[{"start":{"line":55,"column":2},"end":{"line":61,"column":3}},{"start":{},"end":{}}],"line":55},"5":{"loc":{"start":{"line":63,"column":2},"end":{"line":69,"column":1}},"type":"if","locations":[{"start":{"line":63,"column":2},"end":{"line":69,"column":1}},{"start":{},"end":{}}],"line":63},"6":{"loc":{"start":{"line":63,"column":6},"end":{"line":63,"column":87}},"type":"binary-expr","locations":[{"start":{"line":63,"column":6},"end":{"line":63,"column":31}},{"start":{"line":63,"column":36},"end":{"line":63,"column":67}},{"start":{"line":63,"column":71},"end":{"line":63,"column":86}}],"line":63},"7":{"loc":{"start":{"line":71,"column":2},"end":{"line":77,"column":3}},"type":"if","locations":[{"start":{"line":71,"column":2},"end":{"line":77,"column":3}},{"start":{},"end":{}}],"line":71},"8":{"loc":{"start":{"line":71,"column":6},"end":{"line":71,"column":64}},"type":"binary-expr","locations":[{"start":{"line":71,"column":6},"end":{"line":71,"column":32}},{"start":{"line":71,"column":36},"end":{"line":71,"column":64}}],"line":71},"9":{"loc":{"start":{"line":87,"column":2},"end":{"line":93,"column":3}},"type":"if","locations":[{"start":{"line":87,"column":2},"end":{"line":93,"column":3}},{"start":{},"end":{}}],"line":87}},"s":{"0":5,"1":41,"2":3,"3":38,"4":1,"5":37,"6":1,"7":6,"8":1,"9":5,"10":0,"11":5,"12":2,"13":3,"14":0,"15":0,"16":0,"17":0,"18":0,"19":0},"f":{"0":41,"1":6,"2":0},"b":{"0":[3,38],"1":[1,37],"2":[1,36],"3":[1,5],"4":[0,5],"5":[2,3],"6":[5,4,3],"7":[0,3],"8":[3,1],"9":[0,0]},"_coverageSchema":"1a1c01bbd47fc00a2c39e90264f33305004495a9","hash":"cff367f67918a1fe2ee46c56c95e22fe61355cfa"}
}
