{"C:\\Users\\JustinSaadein\\Documents\\github\\firstjs-cache\\src\\index.ts": {"path":"C:\\Users\\JustinSaadein\\Documents\\github\\firstjs-cache\\src\\index.ts","statementMap":{"0":{"start":{"line":17,"column":20},"end":{"line":35,"column":1}}},"fnMap":{},"branchMap":{},"s":{"0":1},"f":{},"b":{},"_coverageSchema":"1a1c01bbd47fc00a2c39e90264f33305004495a9","hash":"6164ad3234b73dd1e280e655406e69d7af82302c"}
,"C:\\Users\\JustinSaadein\\Documents\\github\\firstjs-cache\\src\\adapters\\memory-adapter.ts": {"path":"C:\\Users\\JustinSaadein\\Documents\\github\\firstjs-cache\\src\\adapters\\memory-adapter.ts","statementMap":{"0":{"start":{"line":62,"column":9},"end":{"line":62,"column":17}},"1":{"start":{"line":63,"column":18},"end":{"line":63,"column":40}},"2":{"start":{"line":64,"column":54},"end":{"line":64,"column":63}},"3":{"start":{"line":65,"column":18},"end":{"line":71,"column":3}},"4":{"start":{"line":82,"column":4},"end":{"line":82,"column":56}},"5":{"start":{"line":83,"column":4},"end":{"line":83,"column":46}},"6":{"start":{"line":84,"column":4},"end":{"line":84,"column":49}},"7":{"start":{"line":85,"column":4},"end":{"line":85,"column":59}},"8":{"start":{"line":86,"column":4},"end":{"line":86,"column":66}},"9":{"start":{"line":93,"column":4},"end":{"line":140,"column":5}},"10":{"start":{"line":94,"column":20},"end":{"line":94,"column":39}},"11":{"start":{"line":95,"column":19},"end":{"line":95,"column":41}},"12":{"start":{"line":97,"column":6},"end":{"line":100,"column":7}},"13":{"start":{"line":98,"column":8},"end":{"line":98,"column":28}},"14":{"start":{"line":99,"column":8},"end":{"line":99,"column":20}},"15":{"start":{"line":103,"column":6},"end":{"line":108,"column":3}},"16":{"start":{"line":104,"column":8},"end":{"line":104,"column":31}},"17":{"start":{"line":105,"column":8},"end":{"line":105,"column":34}},"18":{"start":{"line":106,"column":8},"end":{"line":106,"column":28}},"19":{"start":{"line":107,"column":8},"end":{"line":107,"column":20}},"20":{"start":{"line":110,"column":6},"end":{"line":110,"column":24}},"21":{"start":{"line":113,"column":6},"end":{"line":115,"column":7}},"22":{"start":{"line":114,"column":8},"end":{"line":114,"column":39}},"23":{"start":{"line":118,"column":6},"end":{"line":134,"column":7}},"24":{"start":{"line":119,"column":8},"end":{"line":133,"column":9}},"25":{"start":{"line":120,"column":31},"end":{"line":120,"column":58}},"26":{"start":{"line":121,"column":10},"end":{"line":128,"column":11}},"27":{"start":{"line":122,"column":12},"end":{"line":127,"column":13}},"28":{"start":{"line":123,"column":14},"end":{"line":123,"column":51}},"29":{"start":{"line":126,"column":14},"end":{"line":126,"column":50}},"30":{"start":{"line":129,"column":10},"end":{"line":129,"column":46}},"31":{"start":{"line":132,"column":10},"end":{"line":132,"column":28}},"32":{"start":{"line":136,"column":6},"end":{"line":136,"column":24}},"33":{"start":{"line":138,"column":6},"end":{"line":138,"column":62}},"34":{"start":{"line":139,"column":6},"end":{"line":139,"column":18}},"35":{"start":{"line":152,"column":4},"end":{"line":221,"column":5}},"36":{"start":{"line":153,"column":18},"end":{"line":153,"column":76}},"37":{"start":{"line":155,"column":27},"end":{"line":155,"column":32}},"38":{"start":{"line":157,"column":23},"end":{"line":157,"column":28}},"39":{"start":{"line":160,"column":6},"end":{"line":186,"column":7}},"40":{"start":{"line":161,"column":26},"end":{"line":161,"column":62}},"41":{"start":{"line":164,"column":8},"end":{"line":183,"column":9}},"42":{"start":{"line":165,"column":10},"end":{"line":180,"column":11}},"43":{"start":{"line":166,"column":31},"end":{"line":166,"column":88}},"44":{"start":{"line":168,"column":12},"end":{"line":175,"column":13}},"45":{"start":{"line":169,"column":37},"end":{"line":169,"column":67}},"46":{"start":{"line":170,"column":14},"end":{"line":170,"column":62}},"47":{"start":{"line":171,"column":14},"end":{"line":171,"column":32}},"48":{"start":{"line":172,"column":14},"end":{"line":172,"column":81}},"49":{"start":{"line":174,"column":14},"end":{"line":174,"column":59}},"50":{"start":{"line":177,"column":12},"end":{"line":177,"column":51}},"51":{"start":{"line":179,"column":12},"end":{"line":179,"column":45}},"52":{"start":{"line":182,"column":10},"end":{"line":182,"column":43}},"53":{"start":{"line":185,"column":8},"end":{"line":185,"column":41}},"54":{"start":{"line":189,"column":6},"end":{"line":191,"column":7}},"55":{"start":{"line":190,"column":8},"end":{"line":190,"column":99}},"56":{"start":{"line":194,"column":6},"end":{"line":194,"column":38}},"57":{"start":{"line":197,"column":6},"end":{"line":197,"column":42}},"58":{"start":{"line":200,"column":6},"end":{"line":207,"column":9}},"59":{"start":{"line":209,"column":6},"end":{"line":209,"column":24}},"60":{"start":{"line":210,"column":6},"end":{"line":210,"column":50}},"61":{"start":{"line":213,"column":6},"end":{"line":217,"column":9}},"62":{"start":{"line":219,"column":6},"end":{"line":219,"column":62}},"63":{"start":{"line":220,"column":6},"end":{"line":220,"column":18}},"64":{"start":{"line":228,"column":4},"end":{"line":244,"column":5}},"65":{"start":{"line":229,"column":22},"end":{"line":229,"column":41}},"66":{"start":{"line":231,"column":6},"end":{"line":238,"column":7}},"67":{"start":{"line":232,"column":8},"end":{"line":232,"column":31}},"68":{"start":{"line":233,"column":8},"end":{"line":233,"column":34}},"69":{"start":{"line":234,"column":8},"end":{"line":234,"column":29}},"70":{"start":{"line":235,"column":8},"end":{"line":235,"column":52}},"71":{"start":{"line":237,"column":8},"end":{"line":237,"column":55}},"72":{"start":{"line":240,"column":6},"end":{"line":240,"column":21}},"73":{"start":{"line":242,"column":6},"end":{"line":242,"column":63}},"74":{"start":{"line":243,"column":6},"end":{"line":243,"column":19}},"75":{"start":{"line":251,"column":18},"end":{"line":251,"column":37}},"76":{"start":{"line":252,"column":4},"end":{"line":252,"column":26}},"77":{"start":{"line":258,"column":4},"end":{"line":269,"column":5}},"78":{"start":{"line":259,"column":20},"end":{"line":259,"column":35}},"79":{"start":{"line":260,"column":6},"end":{"line":260,"column":25}},"80":{"start":{"line":261,"column":6},"end":{"line":261,"column":28}},"81":{"start":{"line":264,"column":6},"end":{"line":264,"column":26}},"82":{"start":{"line":266,"column":6},"end":{"line":266,"column":70}},"83":{"start":{"line":268,"column":6},"end":{"line":268,"column":52}},"84":{"start":{"line":276,"column":45},"end":{"line":276,"column":47}},"85":{"start":{"line":278,"column":4},"end":{"line":280,"column":5}},"86":{"start":{"line":279,"column":6},"end":{"line":279,"column":43}},"87":{"start":{"line":282,"column":4},"end":{"line":282,"column":18}},"88":{"start":{"line":294,"column":4},"end":{"line":296,"column":5}},"89":{"start":{"line":295,"column":6},"end":{"line":295,"column":42}},"90":{"start":{"line":303,"column":16},"end":{"line":303,"column":17}},"91":{"start":{"line":306,"column":39},"end":{"line":306,"column":41}},"92":{"start":{"line":307,"column":4},"end":{"line":311,"column":5}},"93":{"start":{"line":308,"column":6},"end":{"line":310,"column":7}},"94":{"start":{"line":309,"column":8},"end":{"line":309,"column":35}},"95":{"start":{"line":314,"column":4},"end":{"line":317,"column":5}},"96":{"start":{"line":315,"column":22},"end":{"line":315,"column":44}},"97":{"start":{"line":316,"column":6},"end":{"line":316,"column":27}},"98":{"start":{"line":316,"column":19},"end":{"line":316,"column":27}},"99":{"start":{"line":319,"column":4},"end":{"line":322,"column":7}},"100":{"start":{"line":329,"column":21},"end":{"line":331,"column":41}},"101":{"start":{"line":330,"column":20},"end":{"line":330,"column":72}},"102":{"start":{"line":331,"column":28},"end":{"line":331,"column":37}},"103":{"start":{"line":332,"column":19},"end":{"line":332,"column":77}},"104":{"start":{"line":334,"column":4},"end":{"line":345,"column":6}},"105":{"start":{"line":352,"column":4},"end":{"line":352,"column":42}},"106":{"start":{"line":359,"column":15},"end":{"line":359,"column":16}},"107":{"start":{"line":360,"column":4},"end":{"line":362,"column":5}},"108":{"start":{"line":361,"column":6},"end":{"line":361,"column":24}},"109":{"start":{"line":363,"column":4},"end":{"line":363,"column":16}},"110":{"start":{"line":370,"column":4},"end":{"line":372,"column":5}},"111":{"start":{"line":371,"column":6},"end":{"line":371,"column":15}},"112":{"start":{"line":374,"column":4},"end":{"line":376,"column":5}},"113":{"start":{"line":375,"column":6},"end":{"line":375,"column":46}},"114":{"start":{"line":378,"column":4},"end":{"line":380,"column":5}},"115":{"start":{"line":379,"column":6},"end":{"line":379,"column":15}},"116":{"start":{"line":382,"column":4},"end":{"line":384,"column":5}},"117":{"start":{"line":383,"column":6},"end":{"line":383,"column":26}},"118":{"start":{"line":386,"column":4},"end":{"line":391,"column":5}},"119":{"start":{"line":387,"column":25},"end":{"line":387,"column":46}},"120":{"start":{"line":388,"column":6},"end":{"line":388,"column":51}},"121":{"start":{"line":390,"column":6},"end":{"line":390,"column":18}},"122":{"start":{"line":400,"column":27},"end":{"line":400,"column":28}},"123":{"start":{"line":403,"column":4},"end":{"line":406,"column":5}},"124":{"start":{"line":404,"column":6},"end":{"line":404,"column":28}},"125":{"start":{"line":405,"column":6},"end":{"line":405,"column":25}},"126":{"start":{"line":409,"column":22},"end":{"line":409,"column":47}},"127":{"start":{"line":410,"column":22},"end":{"line":410,"column":33}},"128":{"start":{"line":413,"column":23},"end":{"line":413,"column":50}},"129":{"start":{"line":416,"column":4},"end":{"line":418,"column":5}},"130":{"start":{"line":417,"column":6},"end":{"line":417,"column":13}},"131":{"start":{"line":420,"column":4},"end":{"line":439,"column":5}},"132":{"start":{"line":422,"column":6},"end":{"line":424,"column":7}},"133":{"start":{"line":423,"column":8},"end":{"line":423,"column":157}},"134":{"start":{"line":426,"column":6},"end":{"line":426,"column":28}},"135":{"start":{"line":427,"column":6},"end":{"line":427,"column":25}},"136":{"start":{"line":430,"column":6},"end":{"line":430,"column":46}},"137":{"start":{"line":433,"column":6},"end":{"line":435,"column":7}},"138":{"start":{"line":434,"column":8},"end":{"line":434,"column":113}},"139":{"start":{"line":438,"column":6},"end":{"line":438,"column":32}},"140":{"start":{"line":447,"column":35},"end":{"line":447,"column":39}},"141":{"start":{"line":448,"column":23},"end":{"line":448,"column":31}},"142":{"start":{"line":450,"column":4},"end":{"line":455,"column":5}},"143":{"start":{"line":451,"column":6},"end":{"line":454,"column":7}},"144":{"start":{"line":452,"column":8},"end":{"line":452,"column":41}},"145":{"start":{"line":453,"column":8},"end":{"line":453,"column":24}},"146":{"start":{"line":457,"column":4},"end":{"line":466,"column":5}},"147":{"start":{"line":458,"column":6},"end":{"line":458,"column":35}},"148":{"start":{"line":460,"column":6},"end":{"line":463,"column":9}},"149":{"start":{"line":465,"column":6},"end":{"line":465,"column":23}},"150":{"start":{"line":468,"column":4},"end":{"line":468,"column":16}},"151":{"start":{"line":472,"column":4},"end":{"line":477,"column":6}}},"fnMap":{"0":{"name":"(anonymous_0)","decl":{"start":{"line":81,"column":2},"end":{"line":81,"column":3}},"loc":{"start":{"line":81,"column":50},"end":{"line":87,"column":3}},"line":81},"1":{"name":"(anonymous_1)","decl":{"start":{"line":92,"column":2},"end":{"line":92,"column":3}},"loc":{"start":{"line":92,"column":53},"end":{"line":141,"column":3}},"line":92},"2":{"name":"(anonymous_2)","decl":{"start":{"line":146,"column":2},"end":{"line":146,"column":3}},"loc":{"start":{"line":151,"column":20},"end":{"line":222,"column":3}},"line":151},"3":{"name":"(anonymous_3)","decl":{"start":{"line":227,"column":2},"end":{"line":227,"column":3}},"loc":{"start":{"line":227,"column":46},"end":{"line":245,"column":3}},"line":227},"4":{"name":"(anonymous_4)","decl":{"start":{"line":250,"column":2},"end":{"line":250,"column":3}},"loc":{"start":{"line":250,"column":43},"end":{"line":253,"column":3}},"line":250},"5":{"name":"(anonymous_5)","decl":{"start":{"line":257,"column":2},"end":{"line":257,"column":3}},"loc":{"start":{"line":257,"column":31},"end":{"line":270,"column":3}},"line":257},"6":{"name":"(anonymous_6)","decl":{"start":{"line":275,"column":2},"end":{"line":275,"column":3}},"loc":{"start":{"line":275,"column":76},"end":{"line":283,"column":3}},"line":275},"7":{"name":"(anonymous_7)","decl":{"start":{"line":288,"column":2},"end":{"line":288,"column":3}},"loc":{"start":{"line":293,"column":20},"end":{"line":297,"column":3}},"line":293},"8":{"name":"(anonymous_8)","decl":{"start":{"line":302,"column":2},"end":{"line":302,"column":3}},"loc":{"start":{"line":302,"column":52},"end":{"line":323,"column":3}},"line":302},"9":{"name":"(anonymous_9)","decl":{"start":{"line":328,"column":2},"end":{"line":328,"column":3}},"loc":{"start":{"line":328,"column":40},"end":{"line":346,"column":3}},"line":328},"10":{"name":"(anonymous_10)","decl":{"start":{"line":330,"column":11},"end":{"line":330,"column":12}},"loc":{"start":{"line":330,"column":20},"end":{"line":330,"column":72}},"line":330},"11":{"name":"(anonymous_11)","decl":{"start":{"line":331,"column":14},"end":{"line":331,"column":15}},"loc":{"start":{"line":331,"column":28},"end":{"line":331,"column":37}},"line":331},"12":{"name":"(anonymous_12)","decl":{"start":{"line":351,"column":2},"end":{"line":351,"column":3}},"loc":{"start":{"line":351,"column":54},"end":{"line":353,"column":3}},"line":351},"13":{"name":"(anonymous_13)","decl":{"start":{"line":358,"column":2},"end":{"line":358,"column":3}},"loc":{"start":{"line":358,"column":39},"end":{"line":364,"column":3}},"line":358},"14":{"name":"(anonymous_14)","decl":{"start":{"line":369,"column":2},"end":{"line":369,"column":3}},"loc":{"start":{"line":369,"column":44},"end":{"line":392,"column":3}},"line":369},"15":{"name":"(anonymous_15)","decl":{"start":{"line":399,"column":2},"end":{"line":399,"column":3}},"loc":{"start":{"line":399,"column":72},"end":{"line":440,"column":3}},"line":399},"16":{"name":"(anonymous_16)","decl":{"start":{"line":446,"column":2},"end":{"line":446,"column":3}},"loc":{"start":{"line":446,"column":51},"end":{"line":469,"column":3}},"line":446},"17":{"name":"(anonymous_17)","decl":{"start":{"line":471,"column":2},"end":{"line":471,"column":3}},"loc":{"start":{"line":471,"column":45},"end":{"line":478,"column":3}},"line":471}},"branchMap":{"0":{"loc":{"start":{"line":81,"column":14},"end":{"line":81,"column":48}},"type":"default-arg","locations":[{"start":{"line":81,"column":46},"end":{"line":81,"column":48}}],"line":81},"1":{"loc":{"start":{"line":82,"column":19},"end":{"line":82,"column":55}},"type":"binary-expr","locations":[{"start":{"line":82,"column":19},"end":{"line":82,"column":34}},{"start":{"line":82,"column":38},"end":{"line":82,"column":55}}],"line":82},"2":{"loc":{"start":{"line":83,"column":20},"end":{"line":83,"column":45}},"type":"binary-expr","locations":[{"start":{"line":83,"column":20},"end":{"line":83,"column":36}},{"start":{"line":83,"column":40},"end":{"line":83,"column":45}}],"line":83},"3":{"loc":{"start":{"line":84,"column":22},"end":{"line":84,"column":48}},"type":"binary-expr","locations":[{"start":{"line":84,"column":22},"end":{"line":84,"column":40}},{"start":{"line":84,"column":44},"end":{"line":84,"column":48}}],"line":84},"4":{"loc":{"start":{"line":86,"column":31},"end":{"line":86,"column":65}},"type":"binary-expr","locations":[{"start":{"line":86,"column":31},"end":{"line":86,"column":58}},{"start":{"line":86,"column":62},"end":{"line":86,"column":65}}],"line":86},"5":{"loc":{"start":{"line":97,"column":6},"end":{"line":100,"column":7}},"type":"if","locations":[{"start":{"line":97,"column":6},"end":{"line":100,"column":7}},{"start":{},"end":{}}],"line":97},"6":{"loc":{"start":{"line":103,"column":6},"end":{"line":108,"column":3}},"type":"if","locations":[{"start":{"line":103,"column":6},"end":{"line":108,"column":3}},{"start":{},"end":{}}],"line":103},"7":{"loc":{"start":{"line":103,"column":10},"end":{"line":103,"column":56}},"type":"binary-expr","locations":[{"start":{"line":103,"column":10},"end":{"line":103,"column":25}},{"start":{"line":103,"column":29},"end":{"line":103,"column":56}}],"line":103},"8":{"loc":{"start":{"line":113,"column":6},"end":{"line":115,"column":7}},"type":"if","locations":[{"start":{"line":113,"column":6},"end":{"line":115,"column":7}},{"start":{},"end":{}}],"line":113},"9":{"loc":{"start":{"line":113,"column":10},"end":{"line":113,"column":37}},"type":"binary-expr","locations":[{"start":{"line":113,"column":10},"end":{"line":113,"column":29}},{"start":{"line":113,"column":33},"end":{"line":113,"column":37}}],"line":113},"10":{"loc":{"start":{"line":118,"column":6},"end":{"line":134,"column":7}},"type":"if","locations":[{"start":{"line":118,"column":6},"end":{"line":134,"column":7}},{"start":{},"end":{}}],"line":118},"11":{"loc":{"start":{"line":118,"column":10},"end":{"line":118,"column":52}},"type":"binary-expr","locations":[{"start":{"line":118,"column":10},"end":{"line":118,"column":26}},{"start":{"line":118,"column":30},"end":{"line":118,"column":52}}],"line":118},"12":{"loc":{"start":{"line":121,"column":10},"end":{"line":128,"column":11}},"type":"if","locations":[{"start":{"line":121,"column":10},"end":{"line":128,"column":11}},{"start":{},"end":{}}],"line":121},"13":{"loc":{"start":{"line":153,"column":18},"end":{"line":153,"column":76}},"type":"cond-expr","locations":[{"start":{"line":153,"column":47},"end":{"line":153,"column":58}},{"start":{"line":153,"column":61},"end":{"line":153,"column":76}}],"line":153},"14":{"loc":{"start":{"line":160,"column":6},"end":{"line":186,"column":7}},"type":"if","locations":[{"start":{"line":160,"column":6},"end":{"line":186,"column":7}},{"start":{"line":184,"column":13},"end":{"line":186,"column":7}}],"line":160},"15":{"loc":{"start":{"line":161,"column":26},"end":{"line":161,"column":62}},"type":"binary-expr","locations":[{"start":{"line":161,"column":26},"end":{"line":161,"column":54}},{"start":{"line":161,"column":58},"end":{"line":161,"column":62}}],"line":161},"16":{"loc":{"start":{"line":164,"column":8},"end":{"line":183,"column":9}},"type":"if","locations":[{"start":{"line":164,"column":8},"end":{"line":183,"column":9}},{"start":{"line":181,"column":15},"end":{"line":183,"column":9}}],"line":164},"17":{"loc":{"start":{"line":164,"column":12},"end":{"line":164,"column":86}},"type":"binary-expr","locations":[{"start":{"line":164,"column":12},"end":{"line":164,"column":37}},{"start":{"line":164,"column":42},"end":{"line":164,"column":67}},{"start":{"line":164,"column":71},"end":{"line":164,"column":85}}],"line":164},"18":{"loc":{"start":{"line":166,"column":31},"end":{"line":166,"column":88}},"type":"cond-expr","locations":[{"start":{"line":166,"column":59},"end":{"line":166,"column":64}},{"start":{"line":166,"column":67},"end":{"line":166,"column":88}}],"line":166},"19":{"loc":{"start":{"line":168,"column":12},"end":{"line":175,"column":13}},"type":"if","locations":[{"start":{"line":168,"column":12},"end":{"line":175,"column":13}},{"start":{"line":173,"column":19},"end":{"line":175,"column":13}}],"line":168},"20":{"loc":{"start":{"line":172,"column":21},"end":{"line":172,"column":80}},"type":"cond-expr","locations":[{"start":{"line":172,"column":55},"end":{"line":172,"column":76}},{"start":{"line":172,"column":79},"end":{"line":172,"column":80}}],"line":172},"21":{"loc":{"start":{"line":189,"column":6},"end":{"line":191,"column":7}},"type":"if","locations":[{"start":{"line":189,"column":6},"end":{"line":191,"column":7}},{"start":{},"end":{}}],"line":189},"22":{"loc":{"start":{"line":201,"column":14},"end":{"line":201,"column":33}},"type":"binary-expr","locations":[{"start":{"line":201,"column":14},"end":{"line":201,"column":27}},{"start":{"line":201,"column":31},"end":{"line":201,"column":33}}],"line":201},"23":{"loc":{"start":{"line":203,"column":19},"end":{"line":203,"column":66}},"type":"cond-expr","locations":[{"start":{"line":203,"column":29},"end":{"line":203,"column":54}},{"start":{"line":203,"column":57},"end":{"line":203,"column":66}}],"line":203},"24":{"loc":{"start":{"line":231,"column":6},"end":{"line":238,"column":7}},"type":"if","locations":[{"start":{"line":231,"column":6},"end":{"line":238,"column":7}},{"start":{},"end":{}}],"line":231},"25":{"loc":{"start":{"line":308,"column":6},"end":{"line":310,"column":7}},"type":"if","locations":[{"start":{"line":308,"column":6},"end":{"line":310,"column":7}},{"start":{},"end":{}}],"line":308},"26":{"loc":{"start":{"line":316,"column":6},"end":{"line":316,"column":27}},"type":"if","locations":[{"start":{"line":316,"column":6},"end":{"line":316,"column":27}},{"start":{},"end":{}}],"line":316},"27":{"loc":{"start":{"line":330,"column":20},"end":{"line":330,"column":72}},"type":"cond-expr","locations":[{"start":{"line":330,"column":37},"end":{"line":330,"column":68}},{"start":{"line":330,"column":71},"end":{"line":330,"column":72}}],"line":330},"28":{"loc":{"start":{"line":332,"column":19},"end":{"line":332,"column":77}},"type":"cond-expr","locations":[{"start":{"line":332,"column":44},"end":{"line":332,"column":73}},{"start":{"line":332,"column":76},"end":{"line":332,"column":77}}],"line":332},"29":{"loc":{"start":{"line":352,"column":11},"end":{"line":352,"column":41}},"type":"binary-expr","locations":[{"start":{"line":352,"column":11},"end":{"line":352,"column":33}},{"start":{"line":352,"column":37},"end":{"line":352,"column":41}}],"line":352},"30":{"loc":{"start":{"line":370,"column":4},"end":{"line":372,"column":5}},"type":"if","locations":[{"start":{"line":370,"column":4},"end":{"line":372,"column":5}},{"start":{},"end":{}}],"line":370},"31":{"loc":{"start":{"line":370,"column":8},"end":{"line":370,"column":45}},"type":"binary-expr","locations":[{"start":{"line":370,"column":8},"end":{"line":370,"column":22}},{"start":{"line":370,"column":26},"end":{"line":370,"column":45}}],"line":370},"32":{"loc":{"start":{"line":374,"column":4},"end":{"line":376,"column":5}},"type":"if","locations":[{"start":{"line":374,"column":4},"end":{"line":376,"column":5}},{"start":{},"end":{}}],"line":374},"33":{"loc":{"start":{"line":378,"column":4},"end":{"line":380,"column":5}},"type":"if","locations":[{"start":{"line":378,"column":4},"end":{"line":380,"column":5}},{"start":{},"end":{}}],"line":378},"34":{"loc":{"start":{"line":378,"column":8},"end":{"line":378,"column":63}},"type":"binary-expr","locations":[{"start":{"line":378,"column":8},"end":{"line":378,"column":33}},{"start":{"line":378,"column":37},"end":{"line":378,"column":63}}],"line":378},"35":{"loc":{"start":{"line":382,"column":4},"end":{"line":384,"column":5}},"type":"if","locations":[{"start":{"line":382,"column":4},"end":{"line":384,"column":5}},{"start":{},"end":{}}],"line":382},"36":{"loc":{"start":{"line":399,"column":31},"end":{"line":399,"column":55}},"type":"default-arg","locations":[{"start":{"line":399,"column":54},"end":{"line":399,"column":55}}],"line":399},"37":{"loc":{"start":{"line":403,"column":4},"end":{"line":406,"column":5}},"type":"if","locations":[{"start":{"line":403,"column":4},"end":{"line":406,"column":5}},{"start":{},"end":{}}],"line":403},"38":{"loc":{"start":{"line":416,"column":4},"end":{"line":418,"column":5}},"type":"if","locations":[{"start":{"line":416,"column":4},"end":{"line":418,"column":5}},{"start":{},"end":{}}],"line":416},"39":{"loc":{"start":{"line":420,"column":11},"end":{"line":420,"column":58}},"type":"binary-expr","locations":[{"start":{"line":420,"column":11},"end":{"line":420,"column":35}},{"start":{"line":420,"column":39},"end":{"line":420,"column":58}}],"line":420},"40":{"loc":{"start":{"line":422,"column":6},"end":{"line":424,"column":7}},"type":"if","locations":[{"start":{"line":422,"column":6},"end":{"line":424,"column":7}},{"start":{},"end":{}}],"line":422},"41":{"loc":{"start":{"line":433,"column":6},"end":{"line":435,"column":7}},"type":"if","locations":[{"start":{"line":433,"column":6},"end":{"line":435,"column":7}},{"start":{},"end":{}}],"line":433},"42":{"loc":{"start":{"line":433,"column":10},"end":{"line":433,"column":60}},"type":"binary-expr","locations":[{"start":{"line":433,"column":10},"end":{"line":433,"column":36}},{"start":{"line":433,"column":40},"end":{"line":433,"column":60}}],"line":433},"43":{"loc":{"start":{"line":451,"column":6},"end":{"line":454,"column":7}},"type":"if","locations":[{"start":{"line":451,"column":6},"end":{"line":454,"column":7}},{"start":{},"end":{}}],"line":451},"44":{"loc":{"start":{"line":457,"column":4},"end":{"line":466,"column":5}},"type":"if","locations":[{"start":{"line":457,"column":4},"end":{"line":466,"column":5}},{"start":{},"end":{}}],"line":457}},"s":{"0":11,"1":11,"2":11,"3":11,"4":11,"5":11,"6":11,"7":11,"8":11,"9":14,"10":14,"11":14,"12":14,"13":1,"14":1,"15":13,"16":0,"17":0,"18":0,"19":0,"20":13,"21":13,"22":13,"23":13,"24":0,"25":0,"26":0,"27":0,"28":0,"29":0,"30":0,"31":0,"32":13,"33":0,"34":0,"35":15,"36":15,"37":15,"38":15,"39":15,"40":1,"41":1,"42":1,"43":1,"44":1,"45":1,"46":1,"47":1,"48":1,"49":0,"50":0,"51":0,"52":0,"53":14,"54":15,"55":1,"56":14,"57":14,"58":14,"59":14,"60":14,"61":14,"62":1,"63":1,"64":1,"65":1,"66":1,"67":1,"68":1,"69":1,"70":1,"71":1,"72":1,"73":0,"74":0,"75":0,"76":0,"77":0,"78":0,"79":0,"80":0,"81":0,"82":0,"83":0,"84":0,"85":0,"86":0,"87":0,"88":0,"89":0,"90":0,"91":0,"92":0,"93":0,"94":0,"95":0,"96":0,"97":0,"98":0,"99":0,"100":0,"101":0,"102":0,"103":0,"104":0,"105":0,"106":29,"107":29,"108":59,"109":29,"110":14,"111":0,"112":14,"113":0,"114":14,"115":0,"116":14,"117":0,"118":14,"119":14,"120":14,"121":0,"122":14,"123":14,"124":0,"125":0,"126":14,"127":14,"128":14,"129":14,"130":14,"131":0,"132":0,"133":0,"134":0,"135":0,"136":0,"137":0,"138":0,"139":0,"140":0,"141":0,"142":0,"143":0,"144":0,"145":0,"146":0,"147":0,"148":0,"149":0,"150":0,"151":0},"f":{"0":11,"1":14,"2":15,"3":1,"4":0,"5":0,"6":0,"7":0,"8":0,"9":0,"10":0,"11":0,"12":0,"13":29,"14":14,"15":14,"16":0,"17":0},"b":{"0":[6],"1":[11,10],"2":[11,11],"3":[11,11],"4":[11,11],"5":[1,13],"6":[0,13],"7":[13,12],"8":[13,0],"9":[13,13],"10":[0,13],"11":[13,1],"12":[0,0],"13":[2,13],"14":[1,14],"15":[1,0],"16":[1,0],"17":[1,1,1],"18":[0,1],"19":[1,0],"20":[0,1],"21":[1,14],"22":[14,14],"23":[13,1],"24":[1,0],"25":[0,0],"26":[0,0],"27":[0,0],"28":[0,0],"29":[0,0],"30":[0,14],"31":[14,14],"32":[0,14],"33":[0,14],"34":[14,14],"35":[0,14],"36":[0],"37":[0,14],"38":[14,0],"39":[0,0],"40":[0,0],"41":[0,0],"42":[0,0],"43":[0,0],"44":[0,0]},"_coverageSchema":"1a1c01bbd47fc00a2c39e90264f33305004495a9","hash":"465245ca356e9e4dd7754d00cacbbf2aba4bceaa"}
,"C:\\Users\\JustinSaadein\\Documents\\github\\firstjs-cache\\src\\adapters\\memory-provider.ts": {"path":"C:\\Users\\JustinSaadein\\Documents\\github\\firstjs-cache\\src\\adapters\\memory-provider.ts","statementMap":{"0":{"start":{"line":16,"column":18},"end":{"line":16,"column":26}},"1":{"start":{"line":31,"column":4},"end":{"line":31,"column":53}},"2":{"start":{"line":32,"column":4},"end":{"line":43,"column":6}},"3":{"start":{"line":47,"column":18},"end":{"line":47,"column":47}},"4":{"start":{"line":48,"column":4},"end":{"line":58,"column":6}},"5":{"start":{"line":68,"column":18},"end":{"line":68,"column":48}},"6":{"start":{"line":69,"column":4},"end":{"line":69,"column":37}},"7":{"start":{"line":70,"column":4},"end":{"line":70,"column":17}},"8":{"start":{"line":82,"column":43},"end":{"line":84,"column":5}},"9":{"start":{"line":87,"column":4},"end":{"line":89,"column":5}},"10":{"start":{"line":88,"column":6},"end":{"line":88,"column":66}},"11":{"start":{"line":91,"column":4},"end":{"line":91,"column":53}},"12":{"start":{"line":101,"column":4},"end":{"line":101,"column":36}},"13":{"start":{"line":108,"column":4},"end":{"line":108,"column":31}},"14":{"start":{"line":117,"column":4},"end":{"line":117,"column":22}},"15":{"start":{"line":126,"column":4},"end":{"line":133,"column":6}},"16":{"start":{"line":137,"column":4},"end":{"line":137,"column":41}},"17":{"start":{"line":141,"column":4},"end":{"line":141,"column":50}},"18":{"start":{"line":145,"column":4},"end":{"line":145,"column":33}},"19":{"start":{"line":149,"column":17},"end":{"line":149,"column":42}},"20":{"start":{"line":150,"column":21},"end":{"line":150,"column":63}},"21":{"start":{"line":150,"column":40},"end":{"line":150,"column":62}},"22":{"start":{"line":151,"column":4},"end":{"line":151,"column":61}},"23":{"start":{"line":151,"column":42},"end":{"line":151,"column":58}},"24":{"start":{"line":155,"column":17},"end":{"line":155,"column":42}},"25":{"start":{"line":156,"column":31},"end":{"line":156,"column":33}},"26":{"start":{"line":158,"column":4},"end":{"line":163,"column":5}},"27":{"start":{"line":159,"column":23},"end":{"line":159,"column":58}},"28":{"start":{"line":160,"column":6},"end":{"line":162,"column":7}},"29":{"start":{"line":161,"column":8},"end":{"line":161,"column":27}},"30":{"start":{"line":165,"column":4},"end":{"line":165,"column":61}},"31":{"start":{"line":165,"column":42},"end":{"line":165,"column":58}},"32":{"start":{"line":166,"column":4},"end":{"line":166,"column":27}}},"fnMap":{"0":{"name":"(anonymous_0)","decl":{"start":{"line":24,"column":2},"end":{"line":24,"column":3}},"loc":{"start":{"line":30,"column":5},"end":{"line":44,"column":3}},"line":30},"1":{"name":"(anonymous_1)","decl":{"start":{"line":46,"column":2},"end":{"line":46,"column":3}},"loc":{"start":{"line":46,"column":42},"end":{"line":59,"column":3}},"line":46},"2":{"name":"(anonymous_2)","decl":{"start":{"line":67,"column":2},"end":{"line":67,"column":3}},"loc":{"start":{"line":67,"column":53},"end":{"line":71,"column":3}},"line":67},"3":{"name":"(anonymous_3)","decl":{"start":{"line":80,"column":2},"end":{"line":80,"column":3}},"loc":{"start":{"line":80,"column":83},"end":{"line":92,"column":3}},"line":80},"4":{"name":"(anonymous_4)","decl":{"start":{"line":100,"column":2},"end":{"line":100,"column":3}},"loc":{"start":{"line":100,"column":46},"end":{"line":102,"column":3}},"line":100},"5":{"name":"(anonymous_5)","decl":{"start":{"line":107,"column":2},"end":{"line":107,"column":3}},"loc":{"start":{"line":107,"column":31},"end":{"line":109,"column":3}},"line":107},"6":{"name":"(anonymous_6)","decl":{"start":{"line":116,"column":2},"end":{"line":116,"column":3}},"loc":{"start":{"line":116,"column":40},"end":{"line":118,"column":3}},"line":116},"7":{"name":"(anonymous_7)","decl":{"start":{"line":125,"column":2},"end":{"line":125,"column":3}},"loc":{"start":{"line":125,"column":45},"end":{"line":134,"column":3}},"line":125},"8":{"name":"(anonymous_8)","decl":{"start":{"line":136,"column":2},"end":{"line":136,"column":3}},"loc":{"start":{"line":136,"column":76},"end":{"line":138,"column":3}},"line":136},"9":{"name":"(anonymous_9)","decl":{"start":{"line":140,"column":2},"end":{"line":140,"column":3}},"loc":{"start":{"line":140,"column":92},"end":{"line":142,"column":3}},"line":140},"10":{"name":"(anonymous_10)","decl":{"start":{"line":144,"column":2},"end":{"line":144,"column":3}},"loc":{"start":{"line":144,"column":43},"end":{"line":146,"column":3}},"line":144},"11":{"name":"(anonymous_11)","decl":{"start":{"line":148,"column":2},"end":{"line":148,"column":3}},"loc":{"start":{"line":148,"column":58},"end":{"line":152,"column":3}},"line":148},"12":{"name":"(anonymous_12)","decl":{"start":{"line":150,"column":33},"end":{"line":150,"column":34}},"loc":{"start":{"line":150,"column":40},"end":{"line":150,"column":62}},"line":150},"13":{"name":"(anonymous_13)","decl":{"start":{"line":151,"column":35},"end":{"line":151,"column":36}},"loc":{"start":{"line":151,"column":42},"end":{"line":151,"column":58}},"line":151},"14":{"name":"(anonymous_14)","decl":{"start":{"line":154,"column":2},"end":{"line":154,"column":3}},"loc":{"start":{"line":154,"column":54},"end":{"line":167,"column":3}},"line":154},"15":{"name":"(anonymous_15)","decl":{"start":{"line":165,"column":35},"end":{"line":165,"column":36}},"loc":{"start":{"line":165,"column":42},"end":{"line":165,"column":58}},"line":165}},"branchMap":{"0":{"loc":{"start":{"line":50,"column":12},"end":{"line":50,"column":55}},"type":"cond-expr","locations":[{"start":{"line":50,"column":18},"end":{"line":50,"column":37}},{"start":{"line":50,"column":40},"end":{"line":50,"column":55}}],"line":50},"1":{"loc":{"start":{"line":51,"column":14},"end":{"line":51,"column":61}},"type":"cond-expr","locations":[{"start":{"line":51,"column":20},"end":{"line":51,"column":37}},{"start":{"line":51,"column":40},"end":{"line":51,"column":61}}],"line":51},"2":{"loc":{"start":{"line":52,"column":12},"end":{"line":52,"column":27}},"type":"binary-expr","locations":[{"start":{"line":52,"column":12},"end":{"line":52,"column":22}},{"start":{"line":52,"column":26},"end":{"line":52,"column":27}}],"line":52},"3":{"loc":{"start":{"line":53,"column":15},"end":{"line":53,"column":30}},"type":"binary-expr","locations":[{"start":{"line":53,"column":15},"end":{"line":53,"column":25}},{"start":{"line":53,"column":29},"end":{"line":53,"column":30}}],"line":53},"4":{"loc":{"start":{"line":54,"column":16},"end":{"line":54,"column":31}},"type":"binary-expr","locations":[{"start":{"line":54,"column":16},"end":{"line":54,"column":26}},{"start":{"line":54,"column":30},"end":{"line":54,"column":31}}],"line":54},"5":{"loc":{"start":{"line":55,"column":19},"end":{"line":55,"column":41}},"type":"binary-expr","locations":[{"start":{"line":55,"column":19},"end":{"line":55,"column":36}},{"start":{"line":55,"column":40},"end":{"line":55,"column":41}}],"line":55},"6":{"loc":{"start":{"line":57,"column":16},"end":{"line":57,"column":78}},"type":"binary-expr","locations":[{"start":{"line":57,"column":17},"end":{"line":57,"column":72}},{"start":{"line":57,"column":77},"end":{"line":57,"column":78}}],"line":57},"7":{"loc":{"start":{"line":87,"column":4},"end":{"line":89,"column":5}},"type":"if","locations":[{"start":{"line":87,"column":4},"end":{"line":89,"column":5}},{"start":{},"end":{}}],"line":87},"8":{"loc":{"start":{"line":87,"column":8},"end":{"line":87,"column":49}},"type":"binary-expr","locations":[{"start":{"line":87,"column":8},"end":{"line":87,"column":21}},{"start":{"line":87,"column":25},"end":{"line":87,"column":49}}],"line":87},"9":{"loc":{"start":{"line":130,"column":14},"end":{"line":130,"column":34}},"type":"binary-expr","locations":[{"start":{"line":130,"column":14},"end":{"line":130,"column":29}},{"start":{"line":130,"column":33},"end":{"line":130,"column":34}}],"line":130},"10":{"loc":{"start":{"line":160,"column":6},"end":{"line":162,"column":7}},"type":"if","locations":[{"start":{"line":160,"column":6},"end":{"line":162,"column":7}},{"start":{},"end":{}}],"line":160}},"s":{"0":8,"1":8,"2":0,"3":0,"4":0,"5":0,"6":0,"7":0,"8":0,"9":0,"10":0,"11":0,"12":0,"13":0,"14":0,"15":0,"16":0,"17":0,"18":0,"19":0,"20":0,"21":0,"22":0,"23":0,"24":0,"25":0,"26":0,"27":0,"28":0,"29":0,"30":0,"31":0,"32":0},"f":{"0":8,"1":0,"2":0,"3":0,"4":0,"5":0,"6":0,"7":0,"8":0,"9":0,"10":0,"11":0,"12":0,"13":0,"14":0,"15":0},"b":{"0":[0,0],"1":[0,0],"2":[0,0],"3":[0,0],"4":[0,0],"5":[0,0],"6":[0,0],"7":[0,0],"8":[0,0],"9":[0,0],"10":[0,0]},"_coverageSchema":"1a1c01bbd47fc00a2c39e90264f33305004495a9","hash":"e6481350fef5419184ffa8fe34e1370cc3a237f6"}
,"C:\\Users\\JustinSaadein\\Documents\\github\\firstjs-cache\\src\\config\\default-config.ts": {"path":"C:\\Users\\JustinSaadein\\Documents\\github\\firstjs-cache\\src\\config\\default-config.ts","statementMap":{"0":{"start":{"line":4,"column":30},"end":{"line":15,"column":1}},"1":{"start":{"line":20,"column":31},"end":{"line":26,"column":1}}},"fnMap":{},"branchMap":{},"s":{"0":4,"1":4},"f":{},"b":{},"_coverageSchema":"1a1c01bbd47fc00a2c39e90264f33305004495a9","hash":"d636247fb7cf27e52b506f28bbc3f388904cf1e1"}
,"C:\\Users\\JustinSaadein\\Documents\\github\\firstjs-cache\\src\\events\\cache-events.ts": {"path":"C:\\Users\\JustinSaadein\\Documents\\github\\firstjs-cache\\src\\events\\cache-events.ts","statementMap":{"0":{"start":{"line":62,"column":22},"end":{"line":62,"column":81}},"1":{"start":{"line":72,"column":4},"end":{"line":89,"column":5}},"2":{"start":{"line":74,"column":6},"end":{"line":76,"column":7}},"3":{"start":{"line":75,"column":8},"end":{"line":75,"column":41}},"4":{"start":{"line":78,"column":6},"end":{"line":82,"column":8}},"5":{"start":{"line":79,"column":8},"end":{"line":81,"column":9}},"6":{"start":{"line":80,"column":10},"end":{"line":80,"column":46}},"7":{"start":{"line":84,"column":6},"end":{"line":84,"column":44}},"8":{"start":{"line":86,"column":6},"end":{"line":88,"column":8}},"9":{"start":{"line":87,"column":8},"end":{"line":87,"column":49}},"10":{"start":{"line":99,"column":4},"end":{"line":101,"column":5}},"11":{"start":{"line":100,"column":6},"end":{"line":100,"column":47}},"12":{"start":{"line":103,"column":4},"end":{"line":103,"column":49}},"13":{"start":{"line":113,"column":22},"end":{"line":113,"column":51}},"14":{"start":{"line":115,"column":4},"end":{"line":121,"column":5}},"15":{"start":{"line":116,"column":6},"end":{"line":116,"column":33}},"16":{"start":{"line":118,"column":6},"end":{"line":120,"column":7}},"17":{"start":{"line":119,"column":8},"end":{"line":119,"column":41}},"18":{"start":{"line":131,"column":22},"end":{"line":131,"column":51}},"19":{"start":{"line":133,"column":4},"end":{"line":143,"column":5}},"20":{"start":{"line":134,"column":20},"end":{"line":134,"column":51}},"21":{"start":{"line":136,"column":6},"end":{"line":142,"column":7}},"22":{"start":{"line":137,"column":8},"end":{"line":141,"column":9}},"23":{"start":{"line":138,"column":10},"end":{"line":138,"column":26}},"24":{"start":{"line":140,"column":10},"end":{"line":140,"column":82}},"25":{"start":{"line":148,"column":17},"end":{"line":148,"column":36}},"26":{"start":{"line":154,"column":42},"end":{"line":158,"column":3}},"27":{"start":{"line":160,"column":2},"end":{"line":160,"column":36}},"28":{"start":{"line":171,"column":2},"end":{"line":171,"column":42}},"29":{"start":{"line":177,"column":38},"end":{"line":177,"column":50}},"30":{"start":{"line":182,"column":29},"end":{"line":184,"column":1}},"31":{"start":{"line":183,"column":2},"end":{"line":183,"column":18}}},"fnMap":{"0":{"name":"(anonymous_0)","decl":{"start":{"line":71,"column":2},"end":{"line":71,"column":3}},"loc":{"start":{"line":71,"column":82},"end":{"line":90,"column":3}},"line":71},"1":{"name":"(anonymous_1)","decl":{"start":{"line":78,"column":13},"end":{"line":78,"column":14}},"loc":{"start":{"line":78,"column":19},"end":{"line":82,"column":7}},"line":78},"2":{"name":"(anonymous_2)","decl":{"start":{"line":86,"column":13},"end":{"line":86,"column":14}},"loc":{"start":{"line":86,"column":19},"end":{"line":88,"column":7}},"line":86},"3":{"name":"(anonymous_3)","decl":{"start":{"line":98,"column":2},"end":{"line":98,"column":3}},"loc":{"start":{"line":98,"column":94},"end":{"line":104,"column":3}},"line":98},"4":{"name":"(anonymous_4)","decl":{"start":{"line":112,"column":2},"end":{"line":112,"column":3}},"loc":{"start":{"line":112,"column":97},"end":{"line":122,"column":3}},"line":112},"5":{"name":"(anonymous_5)","decl":{"start":{"line":130,"column":2},"end":{"line":130,"column":3}},"loc":{"start":{"line":130,"column":77},"end":{"line":144,"column":3}},"line":130},"6":{"name":"emitCacheEvent","decl":{"start":{"line":153,"column":16},"end":{"line":153,"column":30}},"loc":{"start":{"line":153,"column":96},"end":{"line":161,"column":1}},"line":153},"7":{"name":"onCacheEvent","decl":{"start":{"line":170,"column":16},"end":{"line":170,"column":28}},"loc":{"start":{"line":170,"column":106},"end":{"line":172,"column":1}},"line":170},"8":{"name":"(anonymous_8)","decl":{"start":{"line":182,"column":29},"end":{"line":182,"column":30}},"loc":{"start":{"line":182,"column":66},"end":{"line":184,"column":1}},"line":182}},"branchMap":{"0":{"loc":{"start":{"line":72,"column":4},"end":{"line":89,"column":5}},"type":"if","locations":[{"start":{"line":72,"column":4},"end":{"line":89,"column":5}},{"start":{"line":83,"column":11},"end":{"line":89,"column":5}}],"line":72},"1":{"loc":{"start":{"line":99,"column":4},"end":{"line":101,"column":5}},"type":"if","locations":[{"start":{"line":99,"column":4},"end":{"line":101,"column":5}},{"start":{},"end":{}}],"line":99},"2":{"loc":{"start":{"line":115,"column":4},"end":{"line":121,"column":5}},"type":"if","locations":[{"start":{"line":115,"column":4},"end":{"line":121,"column":5}},{"start":{},"end":{}}],"line":115},"3":{"loc":{"start":{"line":118,"column":6},"end":{"line":120,"column":7}},"type":"if","locations":[{"start":{"line":118,"column":6},"end":{"line":120,"column":7}},{"start":{},"end":{}}],"line":118},"4":{"loc":{"start":{"line":133,"column":4},"end":{"line":143,"column":5}},"type":"if","locations":[{"start":{"line":133,"column":4},"end":{"line":143,"column":5}},{"start":{},"end":{}}],"line":133}},"s":{"0":16,"1":33,"2":0,"3":0,"4":0,"5":0,"6":0,"7":33,"8":33,"9":0,"10":33,"11":25,"12":33,"13":0,"14":0,"15":0,"16":0,"17":0,"18":218,"19":218,"20":29,"21":29,"22":45,"23":45,"24":3,"25":16,"26":218,"27":218,"28":33,"29":16,"30":16,"31":5},"f":{"0":33,"1":0,"2":0,"3":33,"4":0,"5":218,"6":218,"7":33,"8":5},"b":{"0":[0,33],"1":[25,8],"2":[0,0],"3":[0,0],"4":[29,189]},"_coverageSchema":"1a1c01bbd47fc00a2c39e90264f33305004495a9","hash":"e311d6b64b48a5ca250694d08acb796f9a39ba88"}
,"C:\\Users\\JustinSaadein\\Documents\\github\\firstjs-cache\\src\\implementations\\CacheMetadata.ts": {"path":"C:\\Users\\JustinSaadein\\Documents\\github\\firstjs-cache\\src\\implementations\\CacheMetadata.ts","statementMap":{"0":{"start":{"line":84,"column":21},"end":{"line":84,"column":58}},"1":{"start":{"line":94,"column":4},"end":{"line":96,"column":5}},"2":{"start":{"line":95,"column":6},"end":{"line":95,"column":43}},"3":{"start":{"line":98,"column":16},"end":{"line":98,"column":26}},"4":{"start":{"line":99,"column":38},"end":{"line":107,"column":5}},"5":{"start":{"line":109,"column":4},"end":{"line":109,"column":34}},"6":{"start":{"line":112,"column":4},"end":{"line":117,"column":7}},"7":{"start":{"line":119,"column":4},"end":{"line":119,"column":17}},"8":{"start":{"line":129,"column":55},"end":{"line":129,"column":57}},"9":{"start":{"line":131,"column":4},"end":{"line":133,"column":5}},"10":{"start":{"line":132,"column":6},"end":{"line":132,"column":52}},"11":{"start":{"line":135,"column":4},"end":{"line":135,"column":18}},"12":{"start":{"line":145,"column":16},"end":{"line":145,"column":26}},"13":{"start":{"line":146,"column":29},"end":{"line":146,"column":51}},"14":{"start":{"line":148,"column":4},"end":{"line":160,"column":5}},"15":{"start":{"line":150,"column":30},"end":{"line":155,"column":7}},"16":{"start":{"line":156,"column":6},"end":{"line":156,"column":46}},"17":{"start":{"line":159,"column":6},"end":{"line":159,"column":46}},"18":{"start":{"line":171,"column":18},"end":{"line":171,"column":40}},"19":{"start":{"line":173,"column":4},"end":{"line":175,"column":5}},"20":{"start":{"line":174,"column":6},"end":{"line":174,"column":61}},"21":{"start":{"line":177,"column":25},"end":{"line":181,"column":5}},"22":{"start":{"line":183,"column":4},"end":{"line":183,"column":41}},"23":{"start":{"line":186,"column":4},"end":{"line":191,"column":7}},"24":{"start":{"line":193,"column":4},"end":{"line":193,"column":24}},"25":{"start":{"line":204,"column":21},"end":{"line":204,"column":43}},"26":{"start":{"line":205,"column":4},"end":{"line":205,"column":36}},"27":{"start":{"line":205,"column":19},"end":{"line":205,"column":36}},"28":{"start":{"line":208,"column":4},"end":{"line":217,"column":6}},"29":{"start":{"line":227,"column":20},"end":{"line":227,"column":45}},"30":{"start":{"line":229,"column":4},"end":{"line":236,"column":5}},"31":{"start":{"line":231,"column":6},"end":{"line":235,"column":9}},"32":{"start":{"line":238,"column":4},"end":{"line":238,"column":19}},"33":{"start":{"line":245,"column":18},"end":{"line":245,"column":36}},"34":{"start":{"line":246,"column":4},"end":{"line":246,"column":26}},"35":{"start":{"line":249,"column":4},"end":{"line":253,"column":7}},"36":{"start":{"line":262,"column":18},"end":{"line":262,"column":40}},"37":{"start":{"line":264,"column":4},"end":{"line":280,"column":5}},"38":{"start":{"line":265,"column":6},"end":{"line":265,"column":26}},"39":{"start":{"line":266,"column":18},"end":{"line":266,"column":28}},"40":{"start":{"line":267,"column":6},"end":{"line":267,"column":31}},"41":{"start":{"line":270,"column":6},"end":{"line":279,"column":7}},"42":{"start":{"line":271,"column":8},"end":{"line":271,"column":38}},"43":{"start":{"line":274,"column":8},"end":{"line":276,"column":9}},"44":{"start":{"line":275,"column":10},"end":{"line":275,"column":63}},"45":{"start":{"line":278,"column":8},"end":{"line":278,"column":36}},"46":{"start":{"line":290,"column":73},"end":{"line":290,"column":75}},"47":{"start":{"line":292,"column":4},"end":{"line":296,"column":5}},"48":{"start":{"line":293,"column":6},"end":{"line":295,"column":7}},"49":{"start":{"line":294,"column":8},"end":{"line":294,"column":45}},"50":{"start":{"line":298,"column":4},"end":{"line":298,"column":18}},"51":{"start":{"line":308,"column":29},"end":{"line":308,"column":31}},"52":{"start":{"line":310,"column":4},"end":{"line":314,"column":5}},"53":{"start":{"line":311,"column":6},"end":{"line":313,"column":7}},"54":{"start":{"line":312,"column":8},"end":{"line":312,"column":25}},"55":{"start":{"line":316,"column":4},"end":{"line":316,"column":18}},"56":{"start":{"line":326,"column":29},"end":{"line":326,"column":31}},"57":{"start":{"line":328,"column":4},"end":{"line":332,"column":5}},"58":{"start":{"line":329,"column":6},"end":{"line":331,"column":7}},"59":{"start":{"line":330,"column":8},"end":{"line":330,"column":25}},"60":{"start":{"line":334,"column":4},"end":{"line":334,"column":18}},"61":{"start":{"line":344,"column":18},"end":{"line":344,"column":37}},"62":{"start":{"line":345,"column":29},"end":{"line":345,"column":31}},"63":{"start":{"line":347,"column":4},"end":{"line":351,"column":5}},"64":{"start":{"line":348,"column":6},"end":{"line":350,"column":7}},"65":{"start":{"line":349,"column":8},"end":{"line":349,"column":25}},"66":{"start":{"line":353,"column":4},"end":{"line":353,"column":18}},"67":{"start":{"line":363,"column":18},"end":{"line":363,"column":40}},"68":{"start":{"line":365,"column":4},"end":{"line":367,"column":5}},"69":{"start":{"line":366,"column":6},"end":{"line":366,"column":19}},"70":{"start":{"line":369,"column":27},"end":{"line":369,"column":73}},"71":{"start":{"line":370,"column":4},"end":{"line":370,"column":39}},"72":{"start":{"line":380,"column":4},"end":{"line":380,"column":49}},"73":{"start":{"line":389,"column":4},"end":{"line":389,"column":44}},"74":{"start":{"line":398,"column":4},"end":{"line":398,"column":30}},"75":{"start":{"line":407,"column":24},"end":{"line":407,"column":25}},"76":{"start":{"line":408,"column":44},"end":{"line":408,"column":46}},"77":{"start":{"line":410,"column":4},"end":{"line":419,"column":5}},"78":{"start":{"line":411,"column":6},"end":{"line":411,"column":40}},"79":{"start":{"line":414,"column":6},"end":{"line":418,"column":7}},"80":{"start":{"line":415,"column":8},"end":{"line":417,"column":9}},"81":{"start":{"line":416,"column":10},"end":{"line":416,"column":53}},"82":{"start":{"line":422,"column":19},"end":{"line":422,"column":20}},"83":{"start":{"line":423,"column":19},"end":{"line":423,"column":20}},"84":{"start":{"line":424,"column":19},"end":{"line":424,"column":20}},"85":{"start":{"line":425,"column":16},"end":{"line":425,"column":26}},"86":{"start":{"line":427,"column":4},"end":{"line":436,"column":5}},"87":{"start":{"line":428,"column":6},"end":{"line":431,"column":7}},"88":{"start":{"line":429,"column":8},"end":{"line":429,"column":29}},"89":{"start":{"line":430,"column":8},"end":{"line":430,"column":19}},"90":{"start":{"line":433,"column":6},"end":{"line":435,"column":7}},"91":{"start":{"line":434,"column":8},"end":{"line":434,"column":51}},"92":{"start":{"line":438,"column":4},"end":{"line":448,"column":6}}},"fnMap":{"0":{"name":"(anonymous_0)","decl":{"start":{"line":93,"column":2},"end":{"line":93,"column":3}},"loc":{"start":{"line":93,"column":99},"end":{"line":120,"column":3}},"line":93},"1":{"name":"(anonymous_1)","decl":{"start":{"line":128,"column":2},"end":{"line":128,"column":3}},"loc":{"start":{"line":128,"column":126},"end":{"line":136,"column":3}},"line":128},"2":{"name":"(anonymous_2)","decl":{"start":{"line":144,"column":2},"end":{"line":144,"column":3}},"loc":{"start":{"line":144,"column":61},"end":{"line":161,"column":3}},"line":144},"3":{"name":"(anonymous_3)","decl":{"start":{"line":170,"column":2},"end":{"line":170,"column":3}},"loc":{"start":{"line":170,"column":92},"end":{"line":194,"column":3}},"line":170},"4":{"name":"(anonymous_4)","decl":{"start":{"line":203,"column":2},"end":{"line":203,"column":3}},"loc":{"start":{"line":203,"column":46},"end":{"line":218,"column":3}},"line":203},"5":{"name":"(anonymous_5)","decl":{"start":{"line":226,"column":2},"end":{"line":226,"column":3}},"loc":{"start":{"line":226,"column":31},"end":{"line":239,"column":3}},"line":226},"6":{"name":"(anonymous_6)","decl":{"start":{"line":244,"column":2},"end":{"line":244,"column":3}},"loc":{"start":{"line":244,"column":16},"end":{"line":254,"column":3}},"line":244},"7":{"name":"(anonymous_7)","decl":{"start":{"line":261,"column":2},"end":{"line":261,"column":3}},"loc":{"start":{"line":261,"column":34},"end":{"line":281,"column":3}},"line":261},"8":{"name":"(anonymous_8)","decl":{"start":{"line":289,"column":2},"end":{"line":289,"column":3}},"loc":{"start":{"line":289,"column":78},"end":{"line":299,"column":3}},"line":289},"9":{"name":"(anonymous_9)","decl":{"start":{"line":307,"column":2},"end":{"line":307,"column":3}},"loc":{"start":{"line":307,"column":35},"end":{"line":317,"column":3}},"line":307},"10":{"name":"(anonymous_10)","decl":{"start":{"line":325,"column":2},"end":{"line":325,"column":3}},"loc":{"start":{"line":325,"column":41},"end":{"line":335,"column":3}},"line":325},"11":{"name":"(anonymous_11)","decl":{"start":{"line":343,"column":2},"end":{"line":343,"column":3}},"loc":{"start":{"line":343,"column":43},"end":{"line":354,"column":3}},"line":343},"12":{"name":"(anonymous_12)","decl":{"start":{"line":362,"column":2},"end":{"line":362,"column":3}},"loc":{"start":{"line":362,"column":34},"end":{"line":371,"column":3}},"line":362},"13":{"name":"(anonymous_13)","decl":{"start":{"line":379,"column":2},"end":{"line":379,"column":3}},"loc":{"start":{"line":379,"column":52},"end":{"line":381,"column":3}},"line":379},"14":{"name":"(anonymous_14)","decl":{"start":{"line":388,"column":2},"end":{"line":388,"column":3}},"loc":{"start":{"line":388,"column":19},"end":{"line":390,"column":3}},"line":388},"15":{"name":"(anonymous_15)","decl":{"start":{"line":397,"column":2},"end":{"line":397,"column":3}},"loc":{"start":{"line":397,"column":17},"end":{"line":399,"column":3}},"line":397},"16":{"name":"(anonymous_16)","decl":{"start":{"line":406,"column":2},"end":{"line":406,"column":3}},"loc":{"start":{"line":406,"column":34},"end":{"line":449,"column":3}},"line":406}},"branchMap":{"0":{"loc":{"start":{"line":93,"column":22},"end":{"line":93,"column":41}},"type":"default-arg","locations":[{"start":{"line":93,"column":39},"end":{"line":93,"column":41}}],"line":93},"1":{"loc":{"start":{"line":93,"column":43},"end":{"line":93,"column":77}},"type":"default-arg","locations":[{"start":{"line":93,"column":75},"end":{"line":93,"column":77}}],"line":93},"2":{"loc":{"start":{"line":94,"column":4},"end":{"line":96,"column":5}},"type":"if","locations":[{"start":{"line":94,"column":4},"end":{"line":96,"column":5}},{"start":{},"end":{}}],"line":94},"3":{"loc":{"start":{"line":94,"column":8},"end":{"line":94,"column":60}},"type":"binary-expr","locations":[{"start":{"line":94,"column":8},"end":{"line":94,"column":12}},{"start":{"line":94,"column":16},"end":{"line":94,"column":39}},{"start":{"line":94,"column":43},"end":{"line":94,"column":60}}],"line":94},"4":{"loc":{"start":{"line":100,"column":12},"end":{"line":100,"column":22}},"type":"binary-expr","locations":[{"start":{"line":100,"column":12},"end":{"line":100,"column":16}},{"start":{"line":100,"column":20},"end":{"line":100,"column":22}}],"line":100},"5":{"loc":{"start":{"line":105,"column":12},"end":{"line":105,"column":29}},"type":"binary-expr","locations":[{"start":{"line":105,"column":12},"end":{"line":105,"column":24}},{"start":{"line":105,"column":28},"end":{"line":105,"column":29}}],"line":105},"6":{"loc":{"start":{"line":144,"column":19},"end":{"line":144,"column":53}},"type":"default-arg","locations":[{"start":{"line":144,"column":51},"end":{"line":144,"column":53}}],"line":144},"7":{"loc":{"start":{"line":148,"column":4},"end":{"line":160,"column":5}},"type":"if","locations":[{"start":{"line":148,"column":4},"end":{"line":160,"column":5}},{"start":{"line":157,"column":11},"end":{"line":160,"column":5}}],"line":148},"8":{"loc":{"start":{"line":152,"column":14},"end":{"line":152,"column":51}},"type":"binary-expr","locations":[{"start":{"line":152,"column":14},"end":{"line":152,"column":26}},{"start":{"line":152,"column":30},"end":{"line":152,"column":51}}],"line":152},"9":{"loc":{"start":{"line":173,"column":4},"end":{"line":175,"column":5}},"type":"if","locations":[{"start":{"line":173,"column":4},"end":{"line":175,"column":5}},{"start":{},"end":{}}],"line":173},"10":{"loc":{"start":{"line":205,"column":4},"end":{"line":205,"column":36}},"type":"if","locations":[{"start":{"line":205,"column":4},"end":{"line":205,"column":36}},{"start":{},"end":{}}],"line":205},"11":{"loc":{"start":{"line":211,"column":20},"end":{"line":211,"column":106}},"type":"cond-expr","locations":[{"start":{"line":211,"column":44},"end":{"line":211,"column":75}},{"start":{"line":211,"column":78},"end":{"line":211,"column":106}}],"line":211},"12":{"loc":{"start":{"line":214,"column":17},"end":{"line":214,"column":96}},"type":"cond-expr","locations":[{"start":{"line":214,"column":32},"end":{"line":214,"column":84}},{"start":{"line":214,"column":87},"end":{"line":214,"column":96}}],"line":214},"13":{"loc":{"start":{"line":215,"column":18},"end":{"line":215,"column":46}},"type":"binary-expr","locations":[{"start":{"line":215,"column":18},"end":{"line":215,"column":37}},{"start":{"line":215,"column":41},"end":{"line":215,"column":46}}],"line":215},"14":{"loc":{"start":{"line":229,"column":4},"end":{"line":236,"column":5}},"type":"if","locations":[{"start":{"line":229,"column":4},"end":{"line":236,"column":5}},{"start":{},"end":{}}],"line":229},"15":{"loc":{"start":{"line":264,"column":4},"end":{"line":280,"column":5}},"type":"if","locations":[{"start":{"line":264,"column":4},"end":{"line":280,"column":5}},{"start":{},"end":{}}],"line":264},"16":{"loc":{"start":{"line":270,"column":6},"end":{"line":279,"column":7}},"type":"if","locations":[{"start":{"line":270,"column":6},"end":{"line":279,"column":7}},{"start":{"line":277,"column":13},"end":{"line":279,"column":7}}],"line":270},"17":{"loc":{"start":{"line":274,"column":8},"end":{"line":276,"column":9}},"type":"if","locations":[{"start":{"line":274,"column":8},"end":{"line":276,"column":9}},{"start":{},"end":{}}],"line":274},"18":{"loc":{"start":{"line":293,"column":6},"end":{"line":295,"column":7}},"type":"if","locations":[{"start":{"line":293,"column":6},"end":{"line":295,"column":7}},{"start":{},"end":{}}],"line":293},"19":{"loc":{"start":{"line":311,"column":6},"end":{"line":313,"column":7}},"type":"if","locations":[{"start":{"line":311,"column":6},"end":{"line":313,"column":7}},{"start":{},"end":{}}],"line":311},"20":{"loc":{"start":{"line":329,"column":6},"end":{"line":331,"column":7}},"type":"if","locations":[{"start":{"line":329,"column":6},"end":{"line":331,"column":7}},{"start":{},"end":{}}],"line":329},"21":{"loc":{"start":{"line":348,"column":6},"end":{"line":350,"column":7}},"type":"if","locations":[{"start":{"line":348,"column":6},"end":{"line":350,"column":7}},{"start":{},"end":{}}],"line":348},"22":{"loc":{"start":{"line":365,"column":4},"end":{"line":367,"column":5}},"type":"if","locations":[{"start":{"line":365,"column":4},"end":{"line":367,"column":5}},{"start":{},"end":{}}],"line":365},"23":{"loc":{"start":{"line":365,"column":8},"end":{"line":365,"column":28}},"type":"binary-expr","locations":[{"start":{"line":365,"column":8},"end":{"line":365,"column":14}},{"start":{"line":365,"column":18},"end":{"line":365,"column":28}}],"line":365},"24":{"loc":{"start":{"line":414,"column":6},"end":{"line":418,"column":7}},"type":"if","locations":[{"start":{"line":414,"column":6},"end":{"line":418,"column":7}},{"start":{},"end":{}}],"line":414},"25":{"loc":{"start":{"line":416,"column":28},"end":{"line":416,"column":47}},"type":"binary-expr","locations":[{"start":{"line":416,"column":28},"end":{"line":416,"column":42}},{"start":{"line":416,"column":46},"end":{"line":416,"column":47}}],"line":416},"26":{"loc":{"start":{"line":428,"column":6},"end":{"line":431,"column":7}},"type":"if","locations":[{"start":{"line":428,"column":6},"end":{"line":431,"column":7}},{"start":{},"end":{}}],"line":428},"27":{"loc":{"start":{"line":433,"column":6},"end":{"line":435,"column":7}},"type":"if","locations":[{"start":{"line":433,"column":6},"end":{"line":435,"column":7}},{"start":{},"end":{}}],"line":433},"28":{"loc":{"start":{"line":441,"column":25},"end":{"line":441,"column":84}},"type":"cond-expr","locations":[{"start":{"line":441,"column":46},"end":{"line":441,"column":80}},{"start":{"line":441,"column":83},"end":{"line":441,"column":84}}],"line":441},"29":{"loc":{"start":{"line":442,"column":14},"end":{"line":442,"column":48}},"type":"cond-expr","locations":[{"start":{"line":442,"column":25},"end":{"line":442,"column":44}},{"start":{"line":442,"column":47},"end":{"line":442,"column":48}}],"line":442},"30":{"loc":{"start":{"line":443,"column":14},"end":{"line":443,"column":68}},"type":"cond-expr","locations":[{"start":{"line":443,"column":35},"end":{"line":443,"column":64}},{"start":{"line":443,"column":67},"end":{"line":443,"column":68}}],"line":443}},"s":{"0":33,"1":35,"2":1,"3":34,"4":34,"5":34,"6":34,"7":34,"8":1,"9":1,"10":2,"11":1,"12":21,"13":21,"14":21,"15":1,"16":1,"17":20,"18":2,"19":2,"20":1,"21":1,"22":1,"23":1,"24":1,"25":16,"26":16,"27":7,"28":9,"29":4,"30":4,"31":3,"32":4,"33":3,"34":3,"35":3,"36":6,"37":6,"38":5,"39":5,"40":5,"41":5,"42":5,"43":5,"44":0,"45":0,"46":2,"47":2,"48":4,"49":3,"50":2,"51":3,"52":3,"53":9,"54":4,"55":3,"56":1,"57":1,"58":3,"59":2,"60":1,"61":1,"62":1,"63":1,"64":3,"65":1,"66":1,"67":1,"68":1,"69":0,"70":1,"71":1,"72":1,"73":1,"74":5,"75":0,"76":0,"77":0,"78":0,"79":0,"80":0,"81":0,"82":0,"83":0,"84":0,"85":0,"86":0,"87":0,"88":0,"89":0,"90":0,"91":0,"92":0},"f":{"0":35,"1":1,"2":21,"3":2,"4":16,"5":4,"6":3,"7":6,"8":2,"9":3,"10":1,"11":1,"12":1,"13":1,"14":1,"15":5,"16":0},"b":{"0":[0],"1":[13],"2":[1,34],"3":[35,34,34],"4":[34,0],"5":[34,34],"6":[0],"7":[1,20],"8":[1,0],"9":[1,1],"10":[7,9],"11":[2,7],"12":[0,9],"13":[9,9],"14":[3,1],"15":[5,1],"16":[5,0],"17":[0,5],"18":[3,1],"19":[4,5],"20":[2,1],"21":[1,2],"22":[0,1],"23":[1,1],"24":[0,0],"25":[0,0],"26":[0,0],"27":[0,0],"28":[0,0],"29":[0,0],"30":[0,0]},"_coverageSchema":"1a1c01bbd47fc00a2c39e90264f33305004495a9","hash":"783b89bd74a940fa2e7a91556319b83632573e05"}
,"C:\\Users\\JustinSaadein\\Documents\\github\\firstjs-cache\\src\\implementations\\cache-compute.ts": {"path":"C:\\Users\\JustinSaadein\\Documents\\github\\firstjs-cache\\src\\implementations\\cache-compute.ts","statementMap":{"0":{"start":{"line":71,"column":55},"end":{"line":71,"column":64}},"1":{"start":{"line":87,"column":4},"end":{"line":87,"column":49}},"2":{"start":{"line":88,"column":4},"end":{"line":88,"column":65}},"3":{"start":{"line":89,"column":4},"end":{"line":89,"column":61}},"4":{"start":{"line":105,"column":4},"end":{"line":134,"column":5}},"5":{"start":{"line":107,"column":26},"end":{"line":107,"column":57}},"6":{"start":{"line":110,"column":6},"end":{"line":124,"column":7}},"7":{"start":{"line":111,"column":25},"end":{"line":111,"column":63}},"8":{"start":{"line":112,"column":24},"end":{"line":112,"column":73}},"9":{"start":{"line":115,"column":8},"end":{"line":117,"column":9}},"10":{"start":{"line":116,"column":10},"end":{"line":116,"column":70}},"11":{"start":{"line":119,"column":8},"end":{"line":123,"column":10}},"12":{"start":{"line":127,"column":6},"end":{"line":127,"column":63}},"13":{"start":{"line":129,"column":6},"end":{"line":132,"column":9}},"14":{"start":{"line":133,"column":6},"end":{"line":133,"column":18}},"15":{"start":{"line":145,"column":22},"end":{"line":145,"column":39}},"16":{"start":{"line":147,"column":4},"end":{"line":184,"column":5}},"17":{"start":{"line":148,"column":6},"end":{"line":148,"column":60}},"18":{"start":{"line":149,"column":20},"end":{"line":149,"column":73}},"19":{"start":{"line":149,"column":54},"end":{"line":149,"column":63}},"20":{"start":{"line":150,"column":26},"end":{"line":150,"column":55}},"21":{"start":{"line":153,"column":52},"end":{"line":163,"column":7}},"22":{"start":{"line":166,"column":6},"end":{"line":166,"column":75}},"23":{"start":{"line":168,"column":6},"end":{"line":171,"column":9}},"24":{"start":{"line":173,"column":6},"end":{"line":177,"column":8}},"25":{"start":{"line":179,"column":6},"end":{"line":182,"column":9}},"26":{"start":{"line":183,"column":6},"end":{"line":183,"column":18}},"27":{"start":{"line":194,"column":23},"end":{"line":194,"column":47}},"28":{"start":{"line":195,"column":23},"end":{"line":195,"column":50}},"29":{"start":{"line":197,"column":4},"end":{"line":208,"column":5}},"30":{"start":{"line":197,"column":23},"end":{"line":197,"column":24}},"31":{"start":{"line":198,"column":6},"end":{"line":207,"column":7}},"32":{"start":{"line":199,"column":8},"end":{"line":199,"column":33}},"33":{"start":{"line":201,"column":8},"end":{"line":203,"column":9}},"34":{"start":{"line":202,"column":10},"end":{"line":202,"column":22}},"35":{"start":{"line":205,"column":22},"end":{"line":205,"column":59}},"36":{"start":{"line":206,"column":8},"end":{"line":206,"column":65}},"37":{"start":{"line":206,"column":37},"end":{"line":206,"column":63}},"38":{"start":{"line":210,"column":4},"end":{"line":210,"column":58}},"39":{"start":{"line":220,"column":4},"end":{"line":220,"column":34}},"40":{"start":{"line":220,"column":22},"end":{"line":220,"column":34}},"41":{"start":{"line":222,"column":16},"end":{"line":222,"column":47}},"42":{"start":{"line":223,"column":22},"end":{"line":223,"column":72}},"43":{"start":{"line":225,"column":16},"end":{"line":225,"column":50}},"44":{"start":{"line":226,"column":4},"end":{"line":226,"column":40}},"45":{"start":{"line":233,"column":4},"end":{"line":233,"column":64}},"46":{"start":{"line":245,"column":4},"end":{"line":247,"column":5}},"47":{"start":{"line":246,"column":6},"end":{"line":246,"column":13}},"48":{"start":{"line":249,"column":27},"end":{"line":259,"column":8}},"49":{"start":{"line":250,"column":6},"end":{"line":258,"column":7}},"50":{"start":{"line":251,"column":8},"end":{"line":251,"column":62}},"51":{"start":{"line":252,"column":8},"end":{"line":252,"column":58}},"52":{"start":{"line":253,"column":8},"end":{"line":253,"column":64}},"53":{"start":{"line":255,"column":8},"end":{"line":255,"column":128}},"54":{"start":{"line":257,"column":8},"end":{"line":257,"column":41}},"55":{"start":{"line":261,"column":4},"end":{"line":261,"column":50}},"56":{"start":{"line":264,"column":4},"end":{"line":264,"column":61}},"57":{"start":{"line":264,"column":33},"end":{"line":264,"column":59}},"58":{"start":{"line":265,"column":4},"end":{"line":265,"column":37}},"59":{"start":{"line":281,"column":4},"end":{"line":288,"column":5}},"60":{"start":{"line":282,"column":6},"end":{"line":282,"column":60}},"61":{"start":{"line":283,"column":6},"end":{"line":283,"column":56}},"62":{"start":{"line":284,"column":6},"end":{"line":284,"column":62}},"63":{"start":{"line":286,"column":6},"end":{"line":286,"column":126}},"64":{"start":{"line":287,"column":6},"end":{"line":287,"column":18}},"65":{"start":{"line":295,"column":4},"end":{"line":295,"column":37}},"66":{"start":{"line":305,"column":4},"end":{"line":308,"column":6}},"67":{"start":{"line":318,"column":4},"end":{"line":321,"column":6}}},"fnMap":{"0":{"name":"(anonymous_0)","decl":{"start":{"line":79,"column":2},"end":{"line":79,"column":3}},"loc":{"start":{"line":86,"column":4},"end":{"line":90,"column":3}},"line":86},"1":{"name":"(anonymous_1)","decl":{"start":{"line":100,"column":2},"end":{"line":100,"column":3}},"loc":{"start":{"line":104,"column":31},"end":{"line":135,"column":3}},"line":104},"2":{"name":"(anonymous_2)","decl":{"start":{"line":140,"column":2},"end":{"line":140,"column":3}},"loc":{"start":{"line":144,"column":31},"end":{"line":185,"column":3}},"line":144},"3":{"name":"(anonymous_3)","decl":{"start":{"line":149,"column":48},"end":{"line":149,"column":49}},"loc":{"start":{"line":149,"column":54},"end":{"line":149,"column":63}},"line":149},"4":{"name":"(anonymous_4)","decl":{"start":{"line":190,"column":2},"end":{"line":190,"column":3}},"loc":{"start":{"line":193,"column":16},"end":{"line":211,"column":3}},"line":193},"5":{"name":"(anonymous_5)","decl":{"start":{"line":206,"column":26},"end":{"line":206,"column":27}},"loc":{"start":{"line":206,"column":37},"end":{"line":206,"column":63}},"line":206},"6":{"name":"(anonymous_6)","decl":{"start":{"line":216,"column":2},"end":{"line":216,"column":3}},"loc":{"start":{"line":219,"column":13},"end":{"line":227,"column":3}},"line":219},"7":{"name":"(anonymous_7)","decl":{"start":{"line":232,"column":2},"end":{"line":232,"column":3}},"loc":{"start":{"line":232,"column":67},"end":{"line":234,"column":3}},"line":232},"8":{"name":"(anonymous_8)","decl":{"start":{"line":239,"column":2},"end":{"line":239,"column":3}},"loc":{"start":{"line":243,"column":19},"end":{"line":266,"column":3}},"line":243},"9":{"name":"(anonymous_9)","decl":{"start":{"line":249,"column":28},"end":{"line":249,"column":29}},"loc":{"start":{"line":249,"column":40},"end":{"line":259,"column":5}},"line":249},"10":{"name":"(anonymous_10)","decl":{"start":{"line":264,"column":22},"end":{"line":264,"column":23}},"loc":{"start":{"line":264,"column":33},"end":{"line":264,"column":59}},"line":264},"11":{"name":"(anonymous_11)","decl":{"start":{"line":276,"column":2},"end":{"line":276,"column":3}},"loc":{"start":{"line":280,"column":19},"end":{"line":289,"column":3}},"line":280},"12":{"name":"(anonymous_12)","decl":{"start":{"line":294,"column":2},"end":{"line":294,"column":3}},"loc":{"start":{"line":294,"column":35},"end":{"line":296,"column":3}},"line":294},"13":{"name":"(anonymous_13)","decl":{"start":{"line":301,"column":2},"end":{"line":301,"column":3}},"loc":{"start":{"line":304,"column":4},"end":{"line":309,"column":3}},"line":304},"14":{"name":"(anonymous_14)","decl":{"start":{"line":314,"column":2},"end":{"line":314,"column":3}},"loc":{"start":{"line":317,"column":4},"end":{"line":322,"column":3}},"line":317}},"branchMap":{"0":{"loc":{"start":{"line":81,"column":12},"end":{"line":85,"column":10}},"type":"default-arg","locations":[{"start":{"line":85,"column":8},"end":{"line":85,"column":10}}],"line":81},"1":{"loc":{"start":{"line":87,"column":22},"end":{"line":87,"column":48}},"type":"binary-expr","locations":[{"start":{"line":87,"column":22},"end":{"line":87,"column":40}},{"start":{"line":87,"column":44},"end":{"line":87,"column":48}}],"line":87},"2":{"loc":{"start":{"line":89,"column":28},"end":{"line":89,"column":60}},"type":"binary-expr","locations":[{"start":{"line":89,"column":28},"end":{"line":89,"column":52}},{"start":{"line":89,"column":56},"end":{"line":89,"column":60}}],"line":89},"3":{"loc":{"start":{"line":110,"column":6},"end":{"line":124,"column":7}},"type":"if","locations":[{"start":{"line":110,"column":6},"end":{"line":124,"column":7}},{"start":{},"end":{}}],"line":110},"4":{"loc":{"start":{"line":115,"column":8},"end":{"line":117,"column":9}},"type":"if","locations":[{"start":{"line":115,"column":8},"end":{"line":117,"column":9}},{"start":{},"end":{}}],"line":115},"5":{"loc":{"start":{"line":115,"column":12},"end":{"line":115,"column":60}},"type":"binary-expr","locations":[{"start":{"line":115,"column":12},"end":{"line":115,"column":19}},{"start":{"line":115,"column":23},"end":{"line":115,"column":60}}],"line":115},"6":{"loc":{"start":{"line":121,"column":23},"end":{"line":121,"column":49}},"type":"binary-expr","locations":[{"start":{"line":121,"column":23},"end":{"line":121,"column":44}},{"start":{"line":121,"column":48},"end":{"line":121,"column":49}}],"line":121},"7":{"loc":{"start":{"line":155,"column":13},"end":{"line":155,"column":44}},"type":"binary-expr","locations":[{"start":{"line":155,"column":13},"end":{"line":155,"column":25}},{"start":{"line":155,"column":29},"end":{"line":155,"column":44}}],"line":155},"8":{"loc":{"start":{"line":181,"column":15},"end":{"line":181,"column":72}},"type":"cond-expr","locations":[{"start":{"line":181,"column":40},"end":{"line":181,"column":45}},{"start":{"line":181,"column":48},"end":{"line":181,"column":72}}],"line":181},"9":{"loc":{"start":{"line":194,"column":23},"end":{"line":194,"column":47}},"type":"binary-expr","locations":[{"start":{"line":194,"column":23},"end":{"line":194,"column":42}},{"start":{"line":194,"column":46},"end":{"line":194,"column":47}}],"line":194},"10":{"loc":{"start":{"line":195,"column":23},"end":{"line":195,"column":50}},"type":"binary-expr","locations":[{"start":{"line":195,"column":23},"end":{"line":195,"column":42}},{"start":{"line":195,"column":46},"end":{"line":195,"column":50}}],"line":195},"11":{"loc":{"start":{"line":201,"column":8},"end":{"line":203,"column":9}},"type":"if","locations":[{"start":{"line":201,"column":8},"end":{"line":203,"column":9}},{"start":{},"end":{}}],"line":201},"12":{"loc":{"start":{"line":220,"column":4},"end":{"line":220,"column":34}},"type":"if","locations":[{"start":{"line":220,"column":4},"end":{"line":220,"column":34}},{"start":{},"end":{}}],"line":220},"13":{"loc":{"start":{"line":222,"column":16},"end":{"line":222,"column":47}},"type":"binary-expr","locations":[{"start":{"line":222,"column":16},"end":{"line":222,"column":28}},{"start":{"line":222,"column":32},"end":{"line":222,"column":47}}],"line":222},"14":{"loc":{"start":{"line":223,"column":22},"end":{"line":223,"column":72}},"type":"binary-expr","locations":[{"start":{"line":223,"column":22},"end":{"line":223,"column":47}},{"start":{"line":223,"column":51},"end":{"line":223,"column":72}}],"line":223},"15":{"loc":{"start":{"line":233,"column":11},"end":{"line":233,"column":63}},"type":"binary-expr","locations":[{"start":{"line":233,"column":11},"end":{"line":233,"column":37}},{"start":{"line":233,"column":41},"end":{"line":233,"column":63}}],"line":233},"16":{"loc":{"start":{"line":245,"column":4},"end":{"line":247,"column":5}},"type":"if","locations":[{"start":{"line":245,"column":4},"end":{"line":247,"column":5}},{"start":{},"end":{}}],"line":245},"17":{"loc":{"start":{"line":255,"column":67},"end":{"line":255,"column":124}},"type":"cond-expr","locations":[{"start":{"line":255,"column":92},"end":{"line":255,"column":97}},{"start":{"line":255,"column":100},"end":{"line":255,"column":124}}],"line":255},"18":{"loc":{"start":{"line":286,"column":65},"end":{"line":286,"column":122}},"type":"cond-expr","locations":[{"start":{"line":286,"column":90},"end":{"line":286,"column":95}},{"start":{"line":286,"column":98},"end":{"line":286,"column":122}}],"line":286}},"s":{"0":5,"1":5,"2":5,"3":5,"4":3,"5":3,"6":3,"7":1,"8":1,"9":1,"10":1,"11":0,"12":2,"13":0,"14":0,"15":4,"16":4,"17":4,"18":4,"19":6,"20":3,"21":3,"22":3,"23":3,"24":3,"25":1,"26":1,"27":4,"28":4,"29":4,"30":4,"31":6,"32":6,"33":3,"34":1,"35":2,"36":2,"37":2,"38":0,"39":1,"40":1,"41":0,"42":0,"43":0,"44":0,"45":1,"46":1,"47":0,"48":1,"49":1,"50":1,"51":1,"52":0,"53":1,"54":1,"55":1,"56":1,"57":1,"58":0,"59":1,"60":1,"61":1,"62":1,"63":0,"64":0,"65":1,"66":1,"67":0},"f":{"0":5,"1":3,"2":4,"3":6,"4":4,"5":2,"6":1,"7":1,"8":1,"9":1,"10":1,"11":1,"12":1,"13":1,"14":0},"b":{"0":[0],"1":[5,0],"2":[5,0],"3":[1,2],"4":[1,0],"5":[1,1],"6":[0,0],"7":[3,3],"8":[1,0],"9":[4,2],"10":[4,2],"11":[1,2],"12":[1,0],"13":[0,0],"14":[0,0],"15":[1,1],"16":[0,1],"17":[1,0],"18":[0,0]},"_coverageSchema":"1a1c01bbd47fc00a2c39e90264f33305004495a9","hash":"c7e9d067e349c88e27bd3f5098ac5b3bd4517ccb"}
,"C:\\Users\\JustinSaadein\\Documents\\github\\firstjs-cache\\src\\implementations\\cache-manager-advanced.ts": {"path":"C:\\Users\\JustinSaadein\\Documents\\github\\firstjs-cache\\src\\implementations\\cache-manager-advanced.ts","statementMap":{"0":{"start":{"line":17,"column":47},"end":{"line":17,"column":51}},"1":{"start":{"line":34,"column":4},"end":{"line":34,"column":54}},"2":{"start":{"line":37,"column":4},"end":{"line":39,"column":7}},"3":{"start":{"line":38,"column":6},"end":{"line":38,"column":70}},"4":{"start":{"line":42,"column":4},"end":{"line":49,"column":7}},"5":{"start":{"line":52,"column":4},"end":{"line":54,"column":5}},"6":{"start":{"line":53,"column":6},"end":{"line":53,"column":55}},"7":{"start":{"line":61,"column":4},"end":{"line":61,"column":26}},"8":{"start":{"line":63,"column":4},"end":{"line":78,"column":5}},"9":{"start":{"line":64,"column":20},"end":{"line":64,"column":58}},"10":{"start":{"line":66,"column":6},"end":{"line":69,"column":8}},"11":{"start":{"line":71,"column":6},"end":{"line":71,"column":19}},"12":{"start":{"line":73,"column":6},"end":{"line":76,"column":9}},"13":{"start":{"line":77,"column":6},"end":{"line":77,"column":18}},"14":{"start":{"line":85,"column":4},"end":{"line":85,"column":26}},"15":{"start":{"line":86,"column":4},"end":{"line":86,"column":34}},"16":{"start":{"line":88,"column":4},"end":{"line":101,"column":5}},"17":{"start":{"line":89,"column":6},"end":{"line":89,"column":58}},"18":{"start":{"line":91,"column":6},"end":{"line":94,"column":9}},"19":{"start":{"line":96,"column":6},"end":{"line":99,"column":9}},"20":{"start":{"line":100,"column":6},"end":{"line":100,"column":18}},"21":{"start":{"line":112,"column":4},"end":{"line":112,"column":26}},"22":{"start":{"line":113,"column":4},"end":{"line":113,"column":34}},"23":{"start":{"line":115,"column":4},"end":{"line":132,"column":5}},"24":{"start":{"line":116,"column":21},"end":{"line":116,"column":75}},"25":{"start":{"line":118,"column":6},"end":{"line":123,"column":7}},"26":{"start":{"line":119,"column":8},"end":{"line":122,"column":11}},"27":{"start":{"line":125,"column":6},"end":{"line":125,"column":26}},"28":{"start":{"line":127,"column":6},"end":{"line":130,"column":9}},"29":{"start":{"line":131,"column":6},"end":{"line":131,"column":18}},"30":{"start":{"line":139,"column":4},"end":{"line":139,"column":26}},"31":{"start":{"line":141,"column":4},"end":{"line":156,"column":5}},"32":{"start":{"line":142,"column":22},"end":{"line":142,"column":60}},"33":{"start":{"line":144,"column":6},"end":{"line":147,"column":9}},"34":{"start":{"line":149,"column":6},"end":{"line":149,"column":21}},"35":{"start":{"line":151,"column":6},"end":{"line":154,"column":9}},"36":{"start":{"line":155,"column":6},"end":{"line":155,"column":19}},"37":{"start":{"line":163,"column":4},"end":{"line":171,"column":5}},"38":{"start":{"line":164,"column":6},"end":{"line":164,"column":41}},"39":{"start":{"line":165,"column":6},"end":{"line":165,"column":47}},"40":{"start":{"line":167,"column":6},"end":{"line":169,"column":9}},"41":{"start":{"line":170,"column":6},"end":{"line":170,"column":18}},"42":{"start":{"line":178,"column":4},"end":{"line":208,"column":5}},"43":{"start":{"line":179,"column":20},"end":{"line":179,"column":57}},"44":{"start":{"line":180,"column":28},"end":{"line":182,"column":51}},"45":{"start":{"line":185,"column":31},"end":{"line":185,"column":60}},"46":{"start":{"line":188,"column":6},"end":{"line":192,"column":9}},"47":{"start":{"line":196,"column":6},"end":{"line":200,"column":9}},"48":{"start":{"line":202,"column":6},"end":{"line":202,"column":19}},"49":{"start":{"line":204,"column":6},"end":{"line":206,"column":9}},"50":{"start":{"line":207,"column":6},"end":{"line":207,"column":18}},"51":{"start":{"line":215,"column":4},"end":{"line":224,"column":17}},"52":{"start":{"line":216,"column":6},"end":{"line":223,"column":7}},"53":{"start":{"line":217,"column":22},"end":{"line":217,"column":43}},"54":{"start":{"line":218,"column":8},"end":{"line":218,"column":63}},"55":{"start":{"line":220,"column":8},"end":{"line":222,"column":11}},"56":{"start":{"line":232,"column":4},"end":{"line":235,"column":5}},"57":{"start":{"line":233,"column":6},"end":{"line":233,"column":58}},"58":{"start":{"line":234,"column":6},"end":{"line":234,"column":32}},"59":{"start":{"line":242,"column":4},"end":{"line":242,"column":52}},"60":{"start":{"line":249,"column":4},"end":{"line":249,"column":44}},"61":{"start":{"line":256,"column":4},"end":{"line":256,"column":31}}},"fnMap":{"0":{"name":"(anonymous_0)","decl":{"start":{"line":19,"column":2},"end":{"line":19,"column":3}},"loc":{"start":{"line":33,"column":4},"end":{"line":55,"column":3}},"line":33},"1":{"name":"(anonymous_1)","decl":{"start":{"line":37,"column":31},"end":{"line":37,"column":32}},"loc":{"start":{"line":37,"column":65},"end":{"line":39,"column":5}},"line":37},"2":{"name":"(anonymous_2)","decl":{"start":{"line":60,"column":2},"end":{"line":60,"column":3}},"loc":{"start":{"line":60,"column":47},"end":{"line":79,"column":3}},"line":60},"3":{"name":"(anonymous_3)","decl":{"start":{"line":84,"column":2},"end":{"line":84,"column":3}},"loc":{"start":{"line":84,"column":77},"end":{"line":102,"column":3}},"line":84},"4":{"name":"(anonymous_4)","decl":{"start":{"line":107,"column":2},"end":{"line":107,"column":3}},"loc":{"start":{"line":111,"column":16},"end":{"line":133,"column":3}},"line":111},"5":{"name":"(anonymous_5)","decl":{"start":{"line":138,"column":2},"end":{"line":138,"column":3}},"loc":{"start":{"line":138,"column":46},"end":{"line":157,"column":3}},"line":138},"6":{"name":"(anonymous_6)","decl":{"start":{"line":162,"column":2},"end":{"line":162,"column":3}},"loc":{"start":{"line":162,"column":31},"end":{"line":172,"column":3}},"line":162},"7":{"name":"(anonymous_7)","decl":{"start":{"line":177,"column":2},"end":{"line":177,"column":3}},"loc":{"start":{"line":177,"column":56},"end":{"line":209,"column":3}},"line":177},"8":{"name":"(anonymous_8)","decl":{"start":{"line":214,"column":2},"end":{"line":214,"column":3}},"loc":{"start":{"line":214,"column":55},"end":{"line":225,"column":3}},"line":214},"9":{"name":"(anonymous_9)","decl":{"start":{"line":215,"column":37},"end":{"line":215,"column":38}},"loc":{"start":{"line":215,"column":49},"end":{"line":224,"column":5}},"line":215},"10":{"name":"(anonymous_10)","decl":{"start":{"line":230,"column":2},"end":{"line":230,"column":3}},"loc":{"start":{"line":230,"column":30},"end":{"line":236,"column":3}},"line":230},"11":{"name":"(anonymous_11)","decl":{"start":{"line":241,"column":2},"end":{"line":241,"column":3}},"loc":{"start":{"line":241,"column":22},"end":{"line":243,"column":3}},"line":241},"12":{"name":"(anonymous_12)","decl":{"start":{"line":248,"column":2},"end":{"line":248,"column":3}},"loc":{"start":{"line":248,"column":30},"end":{"line":250,"column":3}},"line":248},"13":{"name":"(anonymous_13)","decl":{"start":{"line":255,"column":2},"end":{"line":255,"column":3}},"loc":{"start":{"line":255,"column":18},"end":{"line":257,"column":3}},"line":255}},"branchMap":{"0":{"loc":{"start":{"line":20,"column":12},"end":{"line":32,"column":10}},"type":"default-arg","locations":[{"start":{"line":32,"column":8},"end":{"li
[...]
n":20},"end":{"line":85,"column":76}},"type":"binary-expr","locations":[{"start":{"line":85,"column":20},"end":{"line":85,"column":34}},{"start":{"line":85,"column":38},"end":{"line":85,"column":76}}],"line":85},"5":{"loc":{"start":{"line":87,"column":2},"end":{"line":94,"column":3}},"type":"if","locations":[{"start":{"line":87,"column":2},"end":{"line":94,"column":3}},{"start":{},"end":{}}],"line":87},"6":{"loc":{"start":{"line":89,"column":12},"end":{"line":89,"column":60}},"type":"cond-expr","locations":[{"start":{"line":89,"column":36},"end":{"line":89,"column":40}},{"start":{"line":89,"column":43},"end":{"line":89,"column":60}}],"line":89},"7":{"loc":{"start":{"line":91,"column":12},"end":{"line":91,"column":73}},"type":"cond-expr","locations":[{"start":{"line":91,"column":36},"end":{"line":91,"column":47}},{"start":{"line":91,"column":50},"end":{"line":91,"column":73}}],"line":91},"8":{"loc":{"start":{"line":92,"column":20},"end":{"line":92,"column":81}},"type":"cond-expr","locations":[{"start":{"line":92,"column":44},"end":{"line":92,"column":55}},{"start":{"line":92,"column":58},"end":{"line":92,"column":81}}],"line":92},"9":{"loc":{"start":{"line":96,"column":17},"end":{"line":96,"column":65}},"type":"cond-expr","locations":[{"start":{"line":96,"column":41},"end":{"line":96,"column":45}},{"start":{"line":96,"column":48},"end":{"line":96,"column":65}}],"line":96},"10":{"loc":{"start":{"line":99,"column":2},"end":{"line":106,"column":3}},"type":"if","locations":[{"start":{"line":99,"column":2},"end":{"line":106,"column":3}},{"start":{},"end":{}}],"line":99},"11":{"loc":{"start":{"line":112,"column":4},"end":{"line":122,"column":5}},"type":"if","locations":[{"start":{"line":112,"column":4},"end":{"line":122,"column":5}},{"start":{"line":114,"column":11},"end":{"line":122,"column":5}}],"line":112},"12":{"loc":{"start":{"line":112,"column":8},"end":{"line":112,"column":79}},"type":"binary-expr","locations":[{"start":{"line":112,"column":8},"end":{"line":112,"column":19}},{"start":{"line":112,"column":23},"end":{"line":112,"column":42}},{"start":{"line":112,"column":46},"end":{"line":112,"column":79}}],"line":112},"13":{"loc":{"start":{"line":145,"column":2},"end":{"line":147,"column":3}},"type":"if","locations":[{"start":{"line":145,"column":2},"end":{"line":147,"column":3}},{"start":{},"end":{}}],"line":145},"14":{"loc":{"start":{"line":151,"column":11},"end":{"line":151,"column":65}},"type":"cond-expr","locations":[{"start":{"line":151,"column":37},"end":{"line":151,"column":43}},{"start":{"line":151,"column":46},"end":{"line":151,"column":65}}],"line":151},"15":{"loc":{"start":{"line":153,"column":45},"end":{"line":153,"column":99}},"type":"cond-expr","locations":[{"start":{"line":153,"column":70},"end":{"line":153,"column":83}},{"start":{"line":153,"column":86},"end":{"line":153,"column":99}}],"line":153},"16":{"loc":{"start":{"line":166,"column":2},"end":{"line":166,"column":42}},"type":"default-arg","locations":[{"start":{"line":166,"column":36},"end":{"line":166,"column":42}}],"line":166},"17":{"loc":{"start":{"line":169,"column":17},"end":{"line":169,"column":68}},"type":"cond-expr","locations":[{"start":{"line":169,"column":44},"end":{"line":169,"column":61}},{"start":{"line":169,"column":64},"end":{"line":169,"column":68}}],"line":169},"18":{"loc":{"start":{"line":173,"column":2},"end":{"line":182,"column":3}},"type":"if","locations":[{"start":{"line":173,"column":2},"end":{"line":182,"column":3}},{"start":{},"end":{}}],"line":173},"19":{"loc":{"start":{"line":189,"column":2},"end":{"line":205,"column":3}},"type":"switch","locations":[{"start":{"line":190,"column":4},"end":{"line":193,"column":12}},{"start":{"line":194,"column":4},"end":{"line":197,"column":12}},{"start":{"line":198,"column":4},"end":{"line":201,"column":12}},{"start":{"line":202,"column":4},"end":{"line":204,"column":12}}],"line":189},"20":{"loc":{"start":{"line":213,"column":22},"end":{"line":213,"column":83}},"type":"cond-expr","locations":[{"start":{"line":213,"column":42},"end":{"line":213,"column":79}},{"start":{"line":213,"column":82},"end":{"line":213,"column":83}}],"line":213},"21":{"loc":{"start":{"line":226,"column":2},"end":{"line":226,"column":42}},"type":"default-arg","locations":[{"start":{"line":226,"column":36},"end":{"line":226,"column":42}}],"line":226},"22":{"loc":{"start":{"line":230,"column":2},"end":{"line":251,"column":3}},"type":"switch","locations":[{"start":{"line":231,"column":4},"end":{"line":236,"column":12}},{"start":{"line":237,"column":4},"end":{"line":242,"column":12}},{"start":{"line":243,"column":4},"end":{"line":248,"column":12}},{"start":{"line":249,"column":4},"end":{"line":250,"column":18}}],"line":230},"23":{"loc":{"start":{"line":233,"column":6},"end":{"line":235,"column":7}},"type":"if","locations":[{"start":{"line":233,"column":6},"end":{"line":235,"column":7}},{"start":{},"end":{}}],"line":233},"24":{"loc":{"start":{"line":239,"column":6},"end":{"line":241,"column":7}},"type":"if","locations":[{"start":{"line":239,"column":6},"end":{"line":241,"column":7}},{"start":{},"end":{}}],"line":239},"25":{"loc":{"start":{"line":245,"column":6},"end":{"line":247,"column":7}},"type":"if","locations":[{"start":{"line":245,"column":6},"end":{"line":247,"column":7}},{"start":{},"end":{}}],"line":245},"26":{"loc":{"start":{"line":264,"column":20},"end":{"line":264,"column":46}},"type":"binary-expr","locations":[{"start":{"line":264,"column":20},"end":{"line":264,"column":38}},{"start":{"line":264,"column":42},"end":{"line":264,"column":46}}],"line":264},"27":{"loc":{"start":{"line":267,"column":2},"end":{"line":278,"column":3}},"type":"if","locations":[{"start":{"line":267,"column":2},"end":{"line":278,"column":3}},{"start":{"line":269,"column":9},"end":{"line":278,"column":3}}],"line":267},"28":{"loc":{"start":{"line":269,"column":9},"end":{"line":278,"column":3}},"type":"if","locations":[{"start":{"line":269,"column":9},"end":{"line":278,"column":3}},{"start":{"line":271,"column":9},"end":{"line":278,"column":3}}],"line":269},"29":{"loc":{"start":{"line":284,"column":2},"end":{"line":286,"column":3}},"type":"if","locations":[{"start":{"line":284,"column":2},"end":{"line":286,"column":3}},{"start":{},"end":{}}],"line":284},"30":{"loc":{"start":{"line":284,"column":6},"end":{"line":284,"column":70}},"type":"binary-expr","locations":[{"start":{"line":284,"column":6},"end":{"line":284,"column":16}},{"start":{"line":284,"column":20},"end":{"line":284,"column":70}}],"line":284}},"s":{"0":10,"1":0,"2":0,"3":0,"4":0,"5":0,"6":0,"7":0,"8":0,"9":0,"10":0,"11":0,"12":0,"13":0,"14":0,"15":0,"16":0,"17":0,"18":0,"19":0,"20":0,"21":0,"22":0,"23":0,"24":0,"25":0,"26":2,"27":2,"28":2,"29":0,"30":2,"31":2,"32":2,"33":2,"34":0,"35":0,"36":0,"37":0,"38":0,"39":0,"40":2,"41":0,"42":0,"43":0,"44":0,"45":0,"46":0,"47":0,"48":0,"49":0,"50":0,"51":0,"52":0,"53":0,"54":0,"55":0,"56":0,"57":0,"58":0,"59":0,"60":0,"61":0,"62":0,"63":0,"64":0,"65":0,"66":0},"f":{"0":0,"1":0,"2":0,"3":0,"4":2,"5":0,"6":0,"7":0},"b":{"0":[0],"1":[0,0],"2":[0,0],"3":[0],"4":[0,0],"5":[0,0],"6":[0,0],"7":[0,0],"8":[0,0],"9":[0,0],"10":[0,0],"11":[0,0],"12":[0,0,0],"13":[0,0],"14":[0,0],"15":[0,0],"16":[2],"17":[1,1],"18":[0,2],"19":[2,0,0,0],"20":[2,0],"21":[0],"22":[0,0,0,0],"23":[0,0],"24":[0,0],"25":[0,0],"26":[0,0],"27":[0,0],"28":[0,0],"29":[0,0],"30":[0,0]},"_coverageSchema":"1a1c01bbd47fc00a2c39e90264f33305004495a9","hash":"600231f583f0713c683096b235e56ca0c3fd9709"}
,"C:\\Users\\JustinSaadein\\Documents\\github\\firstjs-cache\\src\\utils\\error-utils.ts": {"path":"C:\\Users\\JustinSaadein\\Documents\\github\\firstjs-cache\\src\\utils\\error-utils.ts","statementMap":{"0":{"start":{"line":58,"column":4},"end":{"line":58,"column":19}},"1":{"start":{"line":59,"column":4},"end":{"line":59,"column":29}},"2":{"start":{"line":60,"column":4},"end":{"line":60,"column":21}},"3":{"start":{"line":61,"column":4},"end":{"line":61,"column":49}},"4":{"start":{"line":62,"column":4},"end":{"line":62,"column":37}},"5":{"start":{"line":63,"column":4},"end":{"line":63,"column":45}},"6":{"start":{"line":66,"column":4},"end":{"line":66,"column":54}},"7":{"start":{"line":78,"column":2},"end":{"line":78,"column":48}},"8":{"start":{"line":89,"column":21},"end":{"line":89,"column":48}},"9":{"start":{"line":92,"column":2},"end":{"line":96,"column":5}},"10":{"start":{"line":98,"column":2},"end":{"line":98,"column":20}},"11":{"start":{"line":108,"column":2},"end":{"line":111,"column":3}},"12":{"start":{"line":110,"column":4},"end":{"line":110,"column":17}},"13":{"start":{"line":114,"column":2},"end":{"line":120,"column":3}},"14":{"start":{"line":115,"column":4},"end":{"line":119,"column":6}},"15":{"start":{"line":123,"column":2},"end":{"line":129,"column":3}},"16":{"start":{"line":124,"column":4},"end":{"line":128,"column":6}},"17":{"start":{"line":132,"column":2},"end":{"line":136,"column":4}}},"fnMap":{"0":{"name":"(anonymous_0)","decl":{"start":{"line":53,"column":2},"end":{"line":53,"column":3}},"loc":{"start":{"line":57,"column":4},"end":{"line":67,"column":3}},"line":57},"1":{"name":"createCacheError","decl":{"start":{"line":73,"column":16},"end":{"line":73,"column":32}},"loc":{"start":{"line":77,"column":14},"end":{"line":79,"column":1}},"line":77},"2":{"name":"handleCacheError","decl":{"start":{"line":84,"column":16},"end":{"line":84,"column":32}},"loc":{"start":{"line":87,"column":9},"end":{"line":99,"column":1}},"line":87},"3":{"name":"ensureError","decl":{"start":{"line":104,"column":16},"end":{"line":104,"column":27}},"loc":{"start":{"line":107,"column":14},"end":{"line":137,"column":1}},"line":107}},"branchMap":{"0":{"loc":{"start":{"line":54,"column":4},"end":{"line":54,"column":49}},"type":"default-arg","locations":[{"start":{"line":54,"column":27},"end":{"line":54,"column":49}}],"line":54},"1":{"loc":{"start":{"line":74,"column":2},"end":{"line":74,"column":47}},"type":"default-arg","locations":[{"start":{"line":74,"column":25},"end":{"line":74,"column":47}}],"line":74},"2":{"loc":{"start":{"line":108,"column":2},"end":{"line":111,"column":3}},"type":"if","locations":[{"start":{"line":108,"column":2},"end":{"line":111,"column":3}},{"start":{},"end":{}}],"line":108},"3":{"loc":{"start":{"line":114,"column":2},"end":{"line":120,"column":3}},"type":"if","locations":[{"start":{"line":114,"column":2},"end":{"line":120,"column":3}},{"start":{},"end":{}}],"line":114},"4":{"loc":{"start":{"line":123,"column":2},"end":{"line":129,"column":3}},"type":"if","locations":[{"start":{"line":123,"column":2},"end":{"line":129,"column":3}},{"start":{},"end":{}}],"line":123}},"s":{"0":20,"1":20,"2":20,"3":20,"4":20,"5":20,"6":20,"7":3,"8":9,"9":9,"10":9,"11":9,"12":0,"13":9,"14":7,"15":2,"16":1,"17":1},"f":{"0":20,"1":3,"2":9,"3":9},"b":{"0":[0],"1":[0],"2":[0,9],"3":[7,2],"4":[1,1]},"_coverageSchema":"1a1c01bbd47fc00a2c39e90264f33305004495a9","hash":"0ad096c40425f27d6a16e33fd2983cae449de4d3"}
,"C:\\Users\\JustinSaadein\\Documents\\github\\firstjs-cache\\src\\utils\\key-utils.ts": {"path":"C:\\Users\\JustinSaadein\\Documents\\github\\firstjs-cache\\src\\utils\\key-utils.ts","statementMap":{"0":{"start":{"line":19,"column":2},"end":{"line":21,"column":3}},"1":{"start":{"line":20,"column":4},"end":{"line":20,"column":32}},"2":{"start":{"line":24,"column":23},"end":{"line":29,"column":10}},"3":{"start":{"line":27,"column":6},"end":{"line":27,"column":29}},"4":{"start":{"line":28,"column":6},"end":{"line":28,"column":17}},"5":{"start":{"line":32,"column":23},"end":{"line":32,"column":51}},"6":{"start":{"line":35,"column":2},"end":{"line":40,"column":3}},"7":{"start":{"line":36,"column":17},"end":{"line":38,"column":20}},"8":{"start":{"line":39,"column":4},"end":{"line":39,"column":40}},"9":{"start":{"line":42,"column":2},"end":{"line":42,"column":46}},"10":{"start":{"line":53,"column":2},"end":{"line":55,"column":3}},"11":{"start":{"line":54,"column":4},"end":{"line":54,"column":16}},"12":{"start":{"line":56,"column":16},"end":{"line":56,"column":30}},"13":{"start":{"line":57,"column":2},"end":{"line":59,"column":3}},"14":{"start":{"line":58,"column":4},"end":{"line":58,"column":30}},"15":{"start":{"line":61,"column":2},"end":{"line":63,"column":3}},"16":{"start":{"line":62,"column":4},"end":{"line":62,"column":52}},"17":{"start":{"line":65,"column":2},"end":{"line":65,"column":14}},"18":{"start":{"line":76,"column":2},"end":{"line":76,"column":31}},"19":{"start":{"line":87,"column":2},"end":{"line":87,"column":41}},"20":{"start":{"line":97,"column":16},"end":{"line":97,"column":40}},"21":{"start":{"line":98,"column":2},"end":{"line":98,"column":34}}},"fnMap":{"0":{"name":"generateQueryKey","decl":{"start":{"line":15,"column":16},"end":{"line":15,"column":32}},"loc":{"start":{"line":18,"column":10},"end":{"line":43,"column":1}},"line":18},"1":{"name":"(anonymous_1)","decl":{"start":{"line":26,"column":33},"end":{"line":26,"column":34}},"loc":{"start":{"line":26,"column":47},"end":{"line":29,"column":5}},"line":26},"2":{"name":"parseQueryKey","decl":{"start":{"line":50,"column":16},"end":{"line":50,"column":29}},"loc":{"start":{"line":52,"column":48},"end":{"line":66,"column":1}},"line":52},"3":{"name":"namespacedKey","decl":{"start":{"line":75,"column":16},"end":{"line":75,"column":29}},"loc":{"start":{"line":75,"column":70},"end":{"line":77,"column":1}},"line":75},"4":{"name":"isInNamespace","decl":{"start":{"line":86,"column":16},"end":{"line":86,"column":29}},"loc":{"start":{"line":86,"column":71},"end":{"line":88,"column":1}},"line":86},"5":{"name":"extractBaseKey","decl":{"start":{"line":96,"column":16},"end":{"line":96,"column":30}},"loc":{"start":{"line":96,"column":62},"end":{"line":99,"column":1}},"line":96}},"branchMap":{"0":{"loc":{"start":{"line":19,"column":2},"end":{"line":21,"column":3}},"type":"if","locations":[{"start":{"line":19,"column":2},"end":{"line":21,"column":3}},{"start":{},"end":{}}],"line":19},"1":{"loc":{"start":{"line":19,"column":6},"end":{"line":19,"column":49}},"type":"binary-expr","locations":[{"start":{"line":19,"column":6},"end":{"line":19,"column":13}},{"start":{"line":19,"column":17},"end":{"line":19,"column":49}}],"line":19},"2":{"loc":{"start":{"line":35,"column":2},"end":{"line":40,"column":3}},"type":"if","locations":[{"start":{"line":35,"column":2},"end":{"line":40,"column":3}},{"start":{},"end":{}}],"line":35},"3":{"loc":{"start":{"line":53,"column":2},"end":{"line":55,"column":3}},"type":"if","locations":[{"start":{"line":53,"column":2},"end":{"line":55,"column":3}},{"start":{},"end":{}}],"line":53},"4":{"loc":{"start":{"line":57,"column":2},"end":{"line":59,"column":3}},"type":"if","locations":[{"start":{"line":57,"column":2},"end":{"line":59,"column":3}},{"start":{},"end":{}}],"line":57},"5":{"loc":{"start":{"line":61,"column":2},"end":{"line":63,"column":3}},"type":"if","locations":[{"start":{"line":61,"column":2},"end":{"line":63,"column":3}},{"start":{},"end":{}}],"line":61}},"s":{"0":2,"1":1,"2":1,"3":1,"4":1,"5":1,"6":1,"7":0,"8":0,"9":1,"10":0,"11":0,"12":0,"13":0,"14":0,"15":0,"16":0,"17":0,"18":0,"19":0,"20":0,"21":0},"f":{"0":2,"1":1,"2":0,"3":0,"4":0,"5":0},"b":{"0":[1,1],"1":[2,1],"2":[0,1],"3":[0,0],"4":[0,0],"5":[0,0]},"_coverageSchema":"1a1c01bbd47fc00a2c39e90264f33305004495a9","hash":"283cbe07fe45c851b0cf6a42a12c8625e2655b8b"}
,"C:\\Users\\JustinSaadein\\Documents\\github\\firstjs-cache\\src\\utils\\validation-utils.ts": {"path":"C:\\Users\\JustinSaadein\\Documents\\github\\firstjs-cache\\src\\utils\\validation-utils.ts","statementMap":{"0":{"start":{"line":58,"column":23},"end":{"line":58,"column":27}},"1":{"start":{"line":66,"column":2},"end":{"line":72,"column":3}},"2":{"start":{"line":67,"column":4},"end":{"line":71,"column":6}},"3":{"start":{"line":74,"column":2},"end":{"line":80,"column":3}},"4":{"start":{"line":75,"column":4},"end":{"line":79,"column":6}},"5":{"start":{"line":82,"column":2},"end":{"line":88,"column":3}},"6":{"start":{"line":83,"column":4},"end":{"line":87,"column":6}},"7":{"start":{"line":98,"column":2},"end":{"line":100,"column":3}},"8":{"start":{"line":99,"column":4},"end":{"line":99,"column":11}},"9":{"start":{"line":102,"column":2},"end":{"line":108,"column":3}},"10":{"start":{"line":103,"column":4},"end":{"line":107,"column":6}},"11":{"start":{"line":110,"column":2},"end":{"line":116,"column":3}},"12":{"start":{"line":111,"column":4},"end":{"line":115,"column":6}},"13":{"start":{"line":118,"column":2},"end":{"line":124,"column":3}},"14":{"start":{"line":119,"column":4},"end":{"line":123,"column":6}},"15":{"start":{"line":134,"column":2},"end":{"line":140,"column":3}},"16":{"start":{"line":135,"column":4},"end":{"line":139,"column":6}},"17":{"start":{"line":142,"column":2},"end":{"line":151,"column":3}},"18":{"start":{"line":144,"column":4},"end":{"line":144,"column":26}},"19":{"start":{"line":146,"column":4},"end":{"line":150,"column":6}}},"fnMap":{"0":{"name":"validateCacheKey","decl":{"start":{"line":65,"column":16},"end":{"line":65,"column":32}},"loc":{"start":{"line":65,"column":52},"end":{"line":89,"column":1}},"line":65},"1":{"name":"validateCacheOptions","decl":{"start":{"line":97,"column":16},"end":{"line":97,"column":36}},"loc":{"start":{"line":97,"column":67},"end":{"line":125,"column":1}},"line":97},"2":{"name":"validateCacheValue","decl":{"start":{"line":133,"column":16},"end":{"line":133,"column":34}},"loc":{"start":{"line":133,"column":53},"end":{"line":152,"column":1}},"line":133}},"branchMap":{"0":{"loc":{"start":{"line":66,"column":2},"end":{"line":72,"column":3}},"type":"if","locations":[{"start":{"line":66,"column":2},"end":{"line":72,"column":3}},{"start":{},"end":{}}],"line":66},"1":{"loc":{"start":{"line":74,"column":2},"end":{"line":80,"column":3}},"type":"if","locations":[{"start":{"line":74,"column":2},"end":{"line":80,"column":3}},{"start":{},"end":{}}],"line":74},"2":{"loc":{"start":{"line":82,"column":2},"end":{"line":88,"column":3}},"type":"if","locations":[{"start":{"line":82,"column":2},"end":{"line":88,"column":3}},{"start":{},"end":{}}],"line":82},"3":{"loc":{"start":{"line":98,"column":2},"end":{"line":100,"column":3}},"type":"if","locations":[{"start":{"line":98,"column":2},"end":{"line":100,"column":3}},{"start":{},"end":{}}],"line":98},"4":{"loc":{"start":{"line":102,"column":2},"end":{"line":108,"column":3}},"type":"if","locations":[{"start":{"line":102,"column":2},"end":{"line":108,"column":3}},{"start":{},"end":{}}],"line":102},"5":{"loc":{"start":{"line":110,"column":2},"end":{"line":116,"column":3}},"type":"if","locations":[{"start":{"line":110,"column":2},"end":{"line":116,"column":3}},{"start":{},"end":{}}],"line":110},"6":{"loc":{"start":{"line":110,"column":6},"end":{"line":110,"column":87}},"type":"binary-expr","locations":[{"start":{"line":110,"column":6},"end":{"line":110,"column":31}},{"start":{"line":110,"column":36},"end":{"line":110,"column":67}},{"start":{"line":110,"column":71},"end":{"line":110,"column":86}}],"line":110},"7":{"loc":{"start":{"line":118,"column":2},"end":{"line":124,"column":3}},"type":"if","locations":[{"start":{"line":118,"column":2},"end":{"line":124,"column":3}},{"start":{},"end":{}}],"line":118},"8":{"loc":{"start":{"line":118,"column":6},"end":{"line":118,"column":64}},"type":"binary-expr","locations":[{"start":{"line":118,"column":6},"end":{"line":118,"column":32}},{"start":{"line":118,"column":36},"end":{"line":118,"column":64}}],"line":118},"9":{"loc":{"start":{"line":134,"column":2},"end":{"line":140,"column":3}},"type":"if","locations":[{"start":{"line":134,"column":2},"end":{"line":140,"column":3}},{"start":{},"end":{}}],"line":134}},"s":{"0":5,"1":8,"2":3,"3":5,"4":1,"5":4,"6":1,"7":6,"8":1,"9":5,"10":0,"11":5,"12":2,"13":3,"14":0,"15":0,"16":0,"17":0,"18":0,"19":0},"f":{"0":8,"1":6,"2":0},"b":{"0":[3,5],"1":[1,4],"2":[1,3],"3":[1,5],"4":[0,5],"5":[2,3],"6":[5,4,3],"7":[0,3],"8":[3,1],"9":[0,0]},"_coverageSchema":"1a1c01bbd47fc00a2c39e90264f33305004495a9","hash":"9161481a8dda5fb7b2d71e7e2a4f813faefc6a6c"}
}
