TN:
SF:src\index.ts
FNF:0
FNH:0
DA:17,1
LF:1
LH:1
BRF:0
BRH:0
end_of_record
TN:
SF:src\adapters\memory-adapter.ts
FN:50,(anonymous_0)
FN:60,(anonymous_1)
FN:114,(anonymous_2)
FN:195,(anonymous_3)
FN:218,(anonymous_4)
FN:225,(anonymous_5)
FN:243,(anonymous_6)
FN:256,(anonymous_7)
FN:270,(anonymous_8)
FN:298,(anonymous_9)
FN:317,(anonymous_10)
FN:324,(anonymous_11)
FN:335,(anonymous_12)
FN:363,(anonymous_13)
FN:378,(anonymous_14)
FN:390,(anonymous_15)
FNF:16
FNH:15
FNDA:57,(anonymous_0)
FNDA:88,(anonymous_1)
FNDA:180,(anonymous_2)
FNDA:11,(anonymous_3)
FNDA:3,(anonymous_4)
FNDA:3,(anonymous_5)
FNDA:5,(anonymous_6)
FNDA:4,(anonymous_7)
FNDA:1,(anonymous_8)
FNDA:5,(anonymous_9)
FNDA:0,(anonymous_10)
FNDA:369,(anonymous_11)
FNDA:179,(anonymous_12)
FNDA:180,(anonymous_13)
FNDA:1,(anonymous_14)
FNDA:1,(anonymous_15)
DA:33,57
DA:34,57
DA:35,57
DA:51,57
DA:52,57
DA:53,57
DA:54,57
DA:61,88
DA:62,88
DA:63,86
DA:65,86
DA:66,43
DA:67,43
DA:71,43
DA:72,1
DA:73,1
DA:74,1
DA:75,1
DA:78,42
DA:81,42
DA:82,42
DA:86,42
DA:87,1
DA:88,1
DA:89,1
DA:90,1
DA:91,1
DA:94,1
DA:97,0
DA:100,0
DA:104,41
DA:106,2
DA:107,2
DA:120,180
DA:121,180
DA:124,180
DA:126,180
DA:128,180
DA:131,180
DA:132,2
DA:135,2
DA:136,2
DA:137,2
DA:139,1
DA:140,1
DA:141,1
DA:142,1
DA:143,1
DA:145,0
DA:148,1
DA:150,1
DA:153,0
DA:156,178
DA:160,180
DA:161,0
DA:165,180
DA:168,179
DA:177,179
DA:178,179
DA:181,179
DA:187,1
DA:188,1
DA:196,11
DA:197,11
DA:199,10
DA:200,9
DA:201,9
DA:202,9
DA:203,9
DA:205,9
DA:208,10
DA:210,1
DA:211,1
DA:219,3
DA:220,3
DA:226,3
DA:227,3
DA:228,3
DA:229,2
DA:232,2
DA:234,2
DA:236,1
DA:244,5
DA:246,5
DA:247,16
DA:250,5
DA:262,4
DA:263,11
DA:271,1
DA:274,1
DA:275,1
DA:276,3
DA:277,2
DA:282,1
DA:283,2
DA:284,2
DA:287,1
DA:292,1
DA:305,5
DA:318,0
DA:325,369
DA:326,369
DA:327,10156
DA:329,369
DA:336,179
DA:337,0
DA:340,179
DA:341,141
DA:344,38
DA:345,19
DA:348,19
DA:349,0
DA:352,19
DA:353,19
DA:354,18
DA:356,1
DA:365,180
DA:366,0
DA:370,180
DA:371,1
DA:379,1
DA:380,1
DA:382,1
DA:383,2
DA:384,1
DA:385,1
DA:389,1
DA:390,1
DA:392,1
LF:129
LH:120
BRDA:50,0,0,42
BRDA:51,1,0,57
BRDA:51,1,1,42
BRDA:52,2,0,57
BRDA:52,2,1,42
BRDA:53,3,0,57
BRDA:53,3,1,42
BRDA:65,4,0,43
BRDA:65,4,1,43
BRDA:71,5,0,1
BRDA:71,5,1,42
BRDA:71,6,0,43
BRDA:71,6,1,43
BRDA:81,7,0,42
BRDA:81,7,1,0
BRDA:81,8,0,42
BRDA:81,8,1,42
BRDA:86,9,0,1
BRDA:86,9,1,41
BRDA:86,10,0,42
BRDA:86,10,1,2
BRDA:89,11,0,1
BRDA:89,11,1,0
BRDA:121,12,0,2
BRDA:121,12,1,178
BRDA:131,13,0,2
BRDA:131,13,1,178
BRDA:132,14,0,2
BRDA:132,14,1,1
BRDA:135,15,0,2
BRDA:135,15,1,0
BRDA:135,16,0,2
BRDA:135,16,1,1
BRDA:135,16,2,1
BRDA:137,17,0,1
BRDA:137,17,1,1
BRDA:139,18,0,1
BRDA:139,18,1,0
BRDA:160,19,0,0
BRDA:160,19,1,180
BRDA:169,20,0,179
BRDA:169,20,1,170
BRDA:171,21,0,179
BRDA:171,21,1,0
BRDA:199,22,0,9
BRDA:199,22,1,1
BRDA:276,23,0,2
BRDA:276,23,1,1
BRDA:284,24,0,2
BRDA:284,24,1,0
BRDA:318,25,0,0
BRDA:318,25,1,0
BRDA:336,26,0,0
BRDA:336,26,1,179
BRDA:336,27,0,179
BRDA:336,27,1,179
BRDA:340,28,0,141
BRDA:340,28,1,38
BRDA:344,29,0,19
BRDA:344,29,1,19
BRDA:344,30,0,38
BRDA:344,30,1,19
BRDA:348,31,0,0
BRDA:348,31,1,19
BRDA:365,32,0,0
BRDA:365,32,1,180
BRDA:370,33,0,181
BRDA:370,33,1,1
BRDA:383,34,0,1
BRDA:383,34,1,1
BRDA:389,35,0,1
BRDA:389,35,1,0
BRF:72
BRH:59
end_of_record
TN:
SF:src\adapters\memory-provider.ts
FN:20,(anonymous_0)
FN:36,(anonymous_1)
FN:47,(anonymous_2)
FN:62,(anonymous_3)
FN:69,(anonymous_4)
FN:78,(anonymous_5)
FNF:6
FNH:3
FNDA:8,(anonymous_0)
FNDA:1,(anonymous_1)
FNDA:1,(anonymous_2)
FNDA:0,(anonymous_3)
FNDA:0,(anonymous_4)
FNDA:0,(anonymous_5)
DA:27,8
DA:37,1
DA:48,1
DA:63,0
DA:70,0
DA:79,0
DA:80,0
LF:7
LH:3
BRF:0
BRH:0
end_of_record
TN:
SF:src\config\default-config.ts
FNF:0
FNH:0
DA:4,4
DA:20,4
LF:2
LH:2
BRF:0
BRH:0
end_of_record
TN:
SF:src\docs\types.ts
FNF:0
FNH:0
LF:0
LH:0
BRF:0
BRH:0
end_of_record
TN:
SF:src\events\cache-events.ts
FN:48,onCacheEvent
FN:70,offCacheEvent
FN:96,emitCacheEvent
FN:117,getListenerCount
FN:132,clearAllListeners
FN:143,removeAllListeners
FN:163,createCacheEventLogger
FN:164,(anonymous_7)
FNF:8
FNH:5
FNDA:31,onCacheEvent
FNDA:31,offCacheEvent
FNDA:503,emitCacheEvent
FNDA:0,getListenerCount
FNDA:0,clearAllListeners
FNDA:0,removeAllListeners
FNDA:4,createCacheEventLogger
FNDA:4,(anonymous_7)
DA:7,18
DA:39,18
DA:40,18
DA:49,31
DA:50,1
DA:51,1
DA:52,1
DA:55,30
DA:56,26
DA:59,30
DA:60,30
DA:71,31
DA:72,1
DA:73,1
DA:76,30
DA:77,30
DA:79,29
DA:80,29
DA:83,29
DA:84,25
DA:87,29
DA:97,503
DA:103,503
DA:105,503
DA:106,480
DA:108,23
DA:118,0
DA:122,0
DA:123,0
DA:126,0
DA:133,0
DA:134,0
DA:135,0
DA:144,0
DA:145,0
DA:146,0
DA:147,0
DA:149,0
DA:150,0
DA:153,0
DA:164,4
DA:165,4
DA:168,4
DA:169,4
DA:171,4
DA:174,4
DA:176,1
DA:177,1
DA:179,1
DA:180,1
DA:182,1
DA:183,1
DA:186,1
DA:187,1
LF:54
LH:40
BRDA:49,0,0,1
BRDA:49,0,1,30
BRDA:55,1,0,26
BRDA:55,1,1,4
BRDA:71,2,0,1
BRDA:71,2,1,30
BRDA:77,3,0,1
BRDA:77,3,1,29
BRDA:83,4,0,25
BRDA:83,4,1,4
BRDA:144,5,0,0
BRDA:144,5,1,0
BRDA:146,6,0,0
BRDA:146,6,1,0
BRDA:149,7,0,0
BRDA:149,7,1,0
BRDA:163,8,0,0
BRDA:174,9,0,1
BRDA:174,9,1,1
BRDA:174,9,2,1
BRDA:174,9,3,1
BRDA:174,9,4,1
BRF:22
BRH:15
end_of_record
TN:
SF:src\implementations\CacheMetadata.ts
FN:81,(anonymous_0)
FN:112,(anonymous_1)
FN:128,(anonymous_2)
FN:154,(anonymous_3)
FN:183,(anonymous_4)
FN:193,(anonymous_5)
FN:206,(anonymous_6)
FN:218,(anonymous_7)
FN:246,(anonymous_8)
FN:264,(anonymous_9)
FN:282,(anonymous_10)
FN:300,(anonymous_11)
FN:319,(anonymous_12)
FN:336,(anonymous_13)
FN:345,(anonymous_14)
FN:354,(anonymous_15)
FN:363,(anonymous_16)
FN:380,(anonymous_17)
FN:382,(anonymous_18)
FNF:19
FNH:16
FNDA:49,(anonymous_0)
FNDA:1,(anonymous_1)
FNDA:35,(anonymous_2)
FNDA:2,(anonymous_3)
FNDA:16,(anonymous_4)
FNDA:7,(anonymous_5)
FNDA:4,(anonymous_6)
FNDA:12,(anonymous_7)
FNDA:2,(anonymous_8)
FNDA:4,(anonymous_9)
FNDA:1,(anonymous_10)
FNDA:1,(anonymous_11)
FNDA:1,(anonymous_12)
FNDA:1,(anonymous_13)
FNDA:1,(anonymous_14)
FNDA:5,(anonymous_15)
FNDA:0,(anonymous_16)
FNDA:0,(anonymous_17)
FNDA:0,(anonymous_18)
DA:72,33
DA:82,49
DA:83,1
DA:86,48
DA:87,48
DA:96,48
DA:98,48
DA:103,48
DA:113,1
DA:115,1
DA:116,2
DA:119,1
DA:129,35
DA:130,35
DA:132,35
DA:134,1
DA:140,1
DA:143,34
DA:155,2
DA:157,2
DA:158,1
DA:161,1
DA:167,1
DA:169,1
DA:174,1
DA:184,16
DA:194,7
DA:196,7
DA:197,6
DA:200,7
DA:207,4
DA:208,4
DA:210,4
DA:219,12
DA:221,12
DA:222,11
DA:223,11
DA:224,11
DA:227,11
DA:228,11
DA:231,11
DA:232,0
DA:235,0
DA:247,2
DA:249,2
DA:250,4
DA:251,3
DA:255,2
DA:265,4
DA:267,4
DA:268,12
DA:269,6
DA:273,4
DA:283,1
DA:285,1
DA:286,3
DA:287,2
DA:291,1
DA:301,1
DA:302,1
DA:304,1
DA:305,3
DA:306,1
DA:310,1
DA:320,1
DA:322,1
DA:323,0
DA:326,1
DA:327,1
DA:337,1
DA:346,1
DA:355,5
DA:364,0
DA:365,0
DA:367,0
DA:368,0
DA:370,0
DA:371,0
DA:375,0
DA:380,0
DA:382,0
LF:81
LH:69
BRDA:81,0,0,0
BRDA:81,1,0,13
BRDA:82,2,0,1
BRDA:82,2,1,48
BRDA:82,3,0,49
BRDA:82,3,1,48
BRDA:82,3,2,48
BRDA:88,4,0,48
BRDA:88,4,1,0
BRDA:128,5,0,0
BRDA:132,6,0,1
BRDA:132,6,1,34
BRDA:136,7,0,1
BRDA:136,7,1,0
BRDA:157,8,0,1
BRDA:157,8,1,1
BRDA:196,9,0,6
BRDA:196,9,1,1
BRDA:221,10,0,11
BRDA:221,10,1,1
BRDA:227,11,0,11
BRDA:227,11,1,0
BRDA:231,12,0,0
BRDA:231,12,1,11
BRDA:250,13,0,3
BRDA:250,13,1,1
BRDA:268,14,0,6
BRDA:268,14,1,6
BRDA:286,15,0,2
BRDA:286,15,1,1
BRDA:305,16,0,1
BRDA:305,16,1,2
BRDA:322,17,0,0
BRDA:322,17,1,1
BRDA:322,18,0,1
BRDA:322,18,1,1
BRDA:371,19,0,0
BRDA:371,19,1,0
BRF:38
BRH:29
end_of_record
TN:
SF:src\implementations\cache-compute.ts
FN:41,(anonymous_0)
FN:61,(anonymous_1)
FN:101,(anonymous_2)
FN:110,(anonymous_3)
FN:142,(anonymous_4)
FN:158,(anonymous_5)
FN:168,(anonymous_6)
FN:184,(anonymous_7)
FN:191,(anonymous_8)
FN:201,(anonymous_9)
FN:216,(anonymous_10)
FN:228,(anonymous_11)
FN:246,(anonymous_12)
FN:253,(anonymous_13)
FNF:14
FNH:14
FNDA:9,(anonymous_0)
FNDA:3,(anonymous_1)
FNDA:4,(anonymous_2)
FNDA:6,(anonymous_3)
FNDA:4,(anonymous_4)
FNDA:2,(anonymous_5)
FNDA:1,(anonymous_6)
FNDA:1,(anonymous_7)
FNDA:1,(anonymous_8)
FNDA:1,(anonymous_9)
FNDA:1,(anonymous_10)
FNDA:1,(anonymous_11)
FNDA:1,(anonymous_12)
FNDA:1,(anonymous_13)
DA:34,9
DA:49,9
DA:50,9
DA:51,9
DA:66,3
DA:68,3
DA:71,3
DA:72,1
DA:73,1
DA:76,1
DA:77,1
DA:80,0
DA:88,2
DA:90,0
DA:94,0
DA:106,4
DA:108,4
DA:109,4
DA:110,6
DA:111,3
DA:114,3
DA:120,3
DA:125,3
DA:131,1
DA:135,1
DA:146,4
DA:147,4
DA:149,4
DA:150,6
DA:151,6
DA:153,3
DA:154,1
DA:157,2
DA:158,2
DA:162,0
DA:172,1
DA:174,0
DA:175,0
DA:177,0
DA:178,0
DA:185,1
DA:197,1
DA:198,0
DA:201,1
DA:202,1
DA:203,1
DA:204,1
DA:205,0
DA:207,1
DA:209,1
DA:213,1
DA:216,1
DA:217,0
DA:233,1
DA:234,1
DA:235,1
DA:236,1
DA:238,0
DA:239,0
DA:247,1
DA:257,1
LF:61
LH:48
BRDA:43,0,0,0
BRDA:49,1,0,9
BRDA:49,1,1,4
BRDA:51,2,0,9
BRDA:51,2,1,4
BRDA:71,3,0,1
BRDA:71,3,1,2
BRDA:76,4,0,1
BRDA:76,4,1,0
BRDA:76,5,0,1
BRDA:76,5,1,1
BRDA:82,6,0,0
BRDA:82,6,1,0
BRDA:146,7,0,4
BRDA:146,7,1,2
BRDA:147,8,0,4
BRDA:147,8,1,2
BRDA:153,9,0,1
BRDA:153,9,1,2
BRDA:172,10,0,1
BRDA:172,10,1,0
BRDA:174,11,0,0
BRDA:174,11,1,0
BRDA:175,12,0,0
BRDA:175,12,1,0
BRDA:185,13,0,1
BRDA:185,13,1,1
BRDA:197,14,0,0
BRDA:197,14,1,1
BRF:29
BRH:19
end_of_record
TN:
SF:src\implementations\cache-manager-advanced.ts
FN:19,(anonymous_0)
FN:37,(anonymous_1)
FN:59,(anonymous_2)
FN:83,(anonymous_3)
FN:106,(anonymous_4)
FN:137,(anonymous_5)
FN:161,(anonymous_6)
FN:176,(anonymous_7)
FN:198,(anonymous_8)
FN:199,(anonymous_9)
FN:214,(anonymous_10)
FN:224,(anonymous_11)
FN:231,(anonymous_12)
FN:238,(anonymous_13)
FNF:14
FNH:1
FNDA:4,(anonymous_0)
FNDA:0,(anonymous_1)
FNDA:0,(anonymous_2)
FNDA:0,(anonymous_3)
FNDA:0,(anonymous_4)
FNDA:0,(anonymous_5)
FNDA:0,(anonymous_6)
FNDA:0,(anonymous_7)
FNDA:0,(anonymous_8)
FNDA:0,(anonymous_9)
FNDA:0,(anonymous_10)
FNDA:0,(anonymous_11)
FNDA:0,(anonymous_12)
FNDA:0,(anonymous_13)
DA:17,4
DA:34,4
DA:37,4
DA:38,0
DA:42,4
DA:51,4
DA:52,0
DA:60,0
DA:62,0
DA:63,0
DA:65,0
DA:70,0
DA:72,0
DA:76,0
DA:84,0
DA:85,0
DA:87,0
DA:88,0
DA:90,0
DA:95,0
DA:99,0
DA:111,0
DA:112,0
DA:114,0
DA:115,0
DA:117,0
DA:118,0
DA:124,0
DA:126,0
DA:130,0
DA:138,0
DA:140,0
DA:141,0
DA:143,0
DA:148,0
DA:150,0
DA:154,0
DA:162,0
DA:163,0
DA:164,0
DA:166,0
DA:169,0
DA:177,0
DA:178,0
DA:179,0
DA:181,0
DA:186,0
DA:188,0
DA:191,0
DA:199,0
DA:200,0
DA:201,0
DA:202,0
DA:204,0
DA:215,0
DA:216,0
DA:217,0
DA:225,0
DA:232,0
DA:239,0
LF:60
LH:5
BRDA:20,0,0,4
BRDA:42,1,0,4
BRDA:42,1,1,0
BRDA:51,2,0,0
BRDA:51,2,1,4
BRDA:66,3,0,0
BRDA:66,3,1,0
BRDA:117,4,0,0
BRDA:117,4,1,0
BRDA:215,5,0,0
BRDA:215,5,1,0
BRF:11
BRH:3
end_of_record
TN:
SF:src\implementations\cache-manager-core.ts
FN:13,(anonymous_0)
FN:22,(anonymous_1)
FN:34,(anonymous_2)
FN:41,(anonymous_3)
FN:48,(anonymous_4)
FN:56,(anonymous_5)
FN:63,(anonymous_6)
FN:70,(anonymous_7)
FN:77,(anonymous_8)
FN:96,(anonymous_9)
FN:103,(anonymous_10)
FN:117,(anonymous_11)
FN:125,(anonymous_12)
FN:133,(anonymous_13)
FN:141,(anonymous_14)
FN:149,(anonymous_15)
FN:157,(anonymous_16)
FN:160,(anonymous_17)
FN:168,(anonymous_18)
FN:178,(anonymous_19)
FN:197,(anonymous_20)
FNF:21
FNH:1
FNDA:4,(anonymous_0)
FNDA:0,(anonymous_1)
FNDA:0,(anonymous_2)
FNDA:0,(anonymous_3)
FNDA:0,(anonymous_4)
FNDA:0,(anonymous_5)
FNDA:0,(anonymous_6)
FNDA:0,(anonymous_7)
FNDA:0,(anonymous_8)
FNDA:0,(anonymous_9)
FNDA:0,(anonymous_10)
FNDA:0,(anonymous_11)
FNDA:0,(anonymous_12)
FNDA:0,(anonymous_13)
FNDA:0,(anonymous_14)
FNDA:0,(anonymous_15)
FNDA:0,(anonymous_16)
FNDA:0,(anonymous_17)
FNDA:0,(anonymous_18)
FNDA:0,(anonymous_19)
FNDA:0,(anonymous_20)
DA:10,4
DA:11,4
DA:12,4
DA:15,4
DA:22,0
DA:23,0
DA:26,0
DA:27,0
DA:35,0
DA:36,0
DA:42,0
DA:43,0
DA:49,0
DA:50,0
DA:57,0
DA:58,0
DA:64,0
DA:65,0
DA:71,0
DA:72,0
DA:82,0
DA:83,0
DA:85,0
DA:86,0
DA:89,0
DA:90,0
DA:91,0
DA:97,0
DA:98,0
DA:104,0
DA:105,0
DA:107,0
DA:108,0
DA:111,0
DA:119,0
DA:126,0
DA:127,0
DA:135,0
DA:143,0
DA:151,0
DA:158,0
DA:160,0
DA:161,0
DA:169,0
DA:170,0
DA:171,0
DA:179,0
DA:180,0
DA:181,0
DA:182,0
DA:184,0
DA:185,0
DA:186,0
DA:187,0
DA:188,0
DA:198,0
LF:56
LH:4
BRDA:13,0,0,0
BRDA:26,1,0,0
BRDA:26,1,1,0
BRDA:85,2,0,0
BRDA:85,2,1,0
BRDA:98,3,0,0
BRDA:98,3,1,0
BRDA:104,4,0,0
BRDA:104,4,1,0
BRDA:107,5,0,0
BRDA:107,5,1,0
BRDA:127,6,0,0
BRDA:127,6,1,0
BRDA:158,7,0,0
BRDA:158,7,1,0
BRDA:169,8,0,0
BRDA:169,8,1,0
BRDA:185,9,0,0
BRDA:185,9,1,0
BRDA:198,10,0,0
BRDA:198,10,1,0
BRF:21
BRH:0
end_of_record
TN:
SF:src\implementations\cache-manager-operations.ts
FN:20,(anonymous_0)
FN:30,(anonymous_1)
FN:82,(anonymous_2)
FN:145,(anonymous_3)
FN:163,(anonymous_4)
FN:193,(anonymous_5)
FN:235,(anonymous_6)
FN:251,(anonymous_7)
FN:288,(anonymous_8)
FN:337,(anonymous_9)
FN:360,(anonymous_10)
FN:361,(anonymous_11)
FN:367,(anonymous_12)
FN:368,(anonymous_13)
FN:401,(anonymous_14)
FN:431,(anonymous_15)
FN:459,(anonymous_16)
FN:498,(anonymous_17)
FN:515,(anonymous_18)
FNF:19
FNH:15
FNDA:26,(anonymous_0)
FNDA:2,(anonymous_1)
FNDA:5,(anonymous_2)
FNDA:2,(anonymous_3)
FNDA:5,(anonymous_4)
FNDA:15,(anonymous_5)
FNDA:2,(anonymous_6)
FNDA:0,(anonymous_7)
FNDA:0,(anonymous_8)
FNDA:3,(anonymous_9)
FNDA:5,(anonymous_10)
FNDA:12,(anonymous_11)
FNDA:0,(anonymous_12)
FNDA:0,(anonymous_13)
FNDA:5,(anonymous_14)
FNDA:4,(anonymous_15)
FNDA:5,(anonymous_16)
FNDA:11,(anonymous_17)
FNDA:6,(anonymous_18)
DA:35,2
DA:37,2
DA:39,2
DA:42,2
DA:43,1
DA:44,1
DA:48,1
DA:49,0
DA:53,1
DA:56,1
DA:58,1
DA:64,1
DA:66,0
DA:70,0
DA:87,5
DA:89,5
DA:91,5
DA:94,5
DA:97,5
DA:100,5
DA:101,5
DA:102,3
DA:103,3
DA:106,3
DA:108,3
DA:116,3
DA:120,2
DA:122,2
DA:127,2
DA:129,0
DA:133,0
DA:150,2
DA:152,2
DA:154,2
DA:157,2
DA:158,1
DA:162,1
DA:163,5
DA:164,1
DA:167,1
DA:169,1
DA:175,1
DA:177,0
DA:181,0
DA:198,15
DA:200,15
DA:202,15
DA:205,15
DA:208,15
DA:210,15
DA:217,15
DA:219,0
DA:223,0
DA:240,2
DA:256,0
DA:258,0
DA:260,0
DA:263,0
DA:265,0
DA:270,0
DA:272,0
DA:276,0
DA:293,0
DA:295,0
DA:297,0
DA:299,0
DA:301,0
DA:303,0
DA:309,0
DA:312,0
DA:318,0
DA:320,0
DA:324,0
DA:343,3
DA:345,3
DA:347,3
DA:348,3
DA:352,3
DA:355,1
DA:356,1
DA:360,1
DA:361,12
DA:363,1
DA:367,0
DA:368,0
DA:370,0
DA:373,1
DA:377,2
DA:379,2
DA:385,2
DA:387,1
DA:391,1
DA:402,5
DA:404,5
DA:405,4
DA:409,1
DA:411,1
DA:412,2
DA:415,1
DA:417,1
DA:421,1
DA:432,4
DA:434,4
DA:435,3
DA:436,2
DA:440,1
DA:441,2
DA:444,1
DA:448,1
DA:470,5
DA:471,5
DA:473,5
DA:474,14
DA:476,2
DA:477,2
DA:480,7
DA:481,7
DA:482,7
DA:485,3
DA:486,2
DA:489,1
DA:490,1
DA:493,1
DA:498,11
DA:500,2
DA:503,2
DA:520,6
DA:522,6
DA:524,6
DA:527,5
DA:530,4
DA:531,4
DA:534,4
DA:536,2
DA:540,2
LF:135
LH:104
BRDA:42,0,0,1
BRDA:42,0,1,1
BRDA:48,1,0,0
BRDA:48,1,1,1
BRDA:48,2,0,1
BRDA:48,2,1,1
BRDA:94,3,0,2
BRDA:94,3,1,3
BRDA:101,4,0,3
BRDA:101,4,1,2
BRDA:101,5,0,5
BRDA:101,5,1,3
BRDA:101,5,2,3
BRDA:157,6,0,1
BRDA:157,6,1,1
BRDA:195,7,0,11
BRDA:205,8,0,3
BRDA:205,8,1,12
BRDA:237,9,0,1
BRDA:299,10,0,0
BRDA:299,10,1,0
BRDA:348,11,0,3
BRDA:348,11,1,0
BRDA:352,12,0,1
BRDA:352,12,1,1
BRDA:352,12,2,0
BRDA:352,12,3,1
BRDA:404,13,0,4
BRDA:404,13,1,1
BRDA:434,14,0,3
BRDA:434,14,1,1
BRDA:474,15,0,2
BRDA:474,15,1,7
BRDA:474,15,2,3
BRDA:474,15,3,1
BRDA:474,15,4,1
BRDA:530,16,0,4
BRDA:530,16,1,0
BRF:38
BRH:32
end_of_record
TN:
SF:src\implementations\cache-manager-stats.ts
FN:17,(anonymous_0)
FN:27,(anonymous_1)
FN:33,(anonymous_2)
FN:100,(anonymous_3)
FNF:4
FNH:1
FNDA:4,(anonymous_0)
FNDA:0,(anonymous_1)
FNDA:0,(anonymous_2)
FNDA:0,(anonymous_3)
DA:18,4
DA:19,4
DA:28,0
DA:29,0
DA:32,0
DA:34,0
DA:36,0
DA:37,0
DA:38,0
DA:41,0
DA:52,0
DA:54,0
DA:69,0
DA:72,0
DA:73,0
DA:77,0
DA:79,0
DA:80,0
DA:82,0
DA:84,0
DA:85,0
DA:89,0
DA:103,0
DA:113,0
DA:114,0
DA:115,0
DA:116,0
DA:117,0
DA:118,0
DA:121,0
DA:122,0
DA:126,0
LF:32
LH:2
BRDA:36,0,0,0
BRDA:36,0,1,0
BRDA:84,1,0,0
BRDA:84,1,1,0
BRDA:114,2,0,0
BRDA:114,2,1,0
BRDA:115,3,0,0
BRDA:115,3,1,0
BRDA:116,4,0,0
BRDA:116,4,1,0
BRDA:117,5,0,0
BRDA:117,5,1,0
BRDA:118,6,0,0
BRDA:118,6,1,0
BRDA:121,7,0,0
BRDA:121,7,1,0
BRDA:121,8,0,0
BRDA:121,8,1,0
BRF:18
BRH:0
end_of_record
TN:
SF:src\implementations\cache-manager-utils.ts
FN:15,createCacheKey
FN:38,mergeCacheOptions
FN:59,calculateExpiration
FN:73,isExpired
FN:88,formatCacheSize
FN:105,parseDuration
FN:131,createKeyPattern
FN:144,batchOperations
FN:173,(anonymous_8)
FN:195,(anonymous_9)
FN:214,debounce
FN:220,(anonymous_11)
FN:225,(anonymous_12)
FN:239,throttle
FN:246,(anonymous_14)
FN:256,(anonymous_15)
FNF:16
FNH:15
FNDA:3,createCacheKey
FNDA:2,mergeCacheOptions
FNDA:3,calculateExpiration
FNDA:3,isExpired
FNDA:4,formatCacheSize
FNDA:5,parseDuration
FNDA:2,createKeyPattern
FNDA:1,batchOperations
FNDA:5,(anonymous_8)
FNDA:0,(anonymous_9)
FNDA:1,debounce
FNDA:3,(anonymous_11)
FNDA:1,(anonymous_12)
FNDA:1,throttle
FNDA:4,(anonymous_14)
FNDA:1,(anonymous_15)
DA:16,3
DA:20,3
DA:21,1
DA:23,2
DA:26,3
DA:42,2
DA:60,3
DA:61,2
DA:64,1
DA:74,3
DA:75,1
DA:78,2
DA:89,4
DA:91,4
DA:92,4
DA:93,4
DA:96,4
DA:106,5
DA:108,5
DA:109,1
DA:112,4
DA:113,4
DA:115,4
DA:116,1
DA:117,1
DA:118,1
DA:119,1
DA:120,0
DA:132,2
DA:133,2
DA:161,1
DA:163,1
DA:164,1
DA:165,1
DA:168,1
DA:169,3
DA:172,3
DA:174,5
DA:177,5
DA:178,5
DA:179,5
DA:182,5
DA:183,5
DA:184,5
DA:187,5
DA:189,0
DA:191,0
DA:195,0
DA:201,3
DA:204,1
DA:218,1
DA:220,1
DA:221,3
DA:222,2
DA:225,3
DA:226,1
DA:227,1
DA:243,1
DA:244,1
DA:246,1
DA:247,4
DA:248,4
DA:250,4
DA:252,1
DA:253,1
DA:254,3
DA:256,2
DA:257,1
DA:258,1
DA:259,1
LF:70
LH:66
BRDA:20,0,0,1
BRDA:20,0,1,2
BRDA:26,1,0,1
BRDA:26,1,1,2
BRDA:39,2,0,1
BRDA:40,3,0,1
BRDA:47,4,0,2
BRDA:47,4,1,1
BRDA:48,5,0,2
BRDA:48,5,1,1
BRDA:60,6,0,2
BRDA:60,6,1,1
BRDA:60,7,0,3
BRDA:60,7,1,1
BRDA:74,8,0,1
BRDA:74,8,1,2
BRDA:88,9,0,4
BRDA:89,10,0,0
BRDA:89,10,1,4
BRDA:108,11,0,1
BRDA:108,11,1,4
BRDA:115,12,0,1
BRDA:115,12,1,1
BRDA:115,12,2,1
BRDA:115,12,3,1
BRDA:115,12,4,0
BRDA:147,13,0,0
BRDA:156,14,0,0
BRDA:157,15,0,1
BRDA:158,16,0,1
BRDA:159,17,0,1
BRDA:183,18,0,5
BRDA:183,18,1,0
BRDA:189,19,0,0
BRDA:189,19,1,0
BRDA:221,20,0,2
BRDA:221,20,1,1
BRDA:250,21,0,1
BRDA:250,21,1,3
BRDA:254,22,0,2
BRDA:254,22,1,1
BRF:41
BRH:34
end_of_record
TN:
SF:src\implementations\cache-manager.ts
FN:20,(anonymous_0)
FN:27,(anonymous_1)
FN:46,(anonymous_2)
FN:61,(anonymous_3)
FN:83,(anonymous_4)
FN:98,(anonymous_5)
FN:115,(anonymous_6)
FN:123,(anonymous_7)
FN:157,(anonymous_8)
FN:162,(anonymous_9)
FN:166,(anonymous_10)
FN:175,(anonymous_11)
FN:200,(anonymous_12)
FN:225,(anonymous_13)
FN:258,(anonymous_14)
FN:288,(anonymous_15)
FNF:16
FNH:13
FNDA:10,(anonymous_0)
FNDA:15,(anonymous_1)
FNDA:11,(anonymous_2)
FNDA:3,(anonymous_3)
FNDA:1,(anonymous_4)
FNDA:0,(anonymous_5)
FNDA:10,(anonymous_6)
FNDA:4,(anonymous_7)
FNDA:1,(anonymous_8)
FNDA:2,(anonymous_9)
FNDA:1,(anonymous_10)
FNDA:1,(anonymous_11)
FNDA:0,(anonymous_12)
FNDA:1,(anonymous_13)
FNDA:1,(anonymous_14)
FNDA:0,(anonymous_15)
DA:13,10
DA:14,10
DA:15,10
DA:21,10
DA:28,15
DA:29,15
DA:30,15
DA:31,15
DA:32,6
DA:33,6
DA:36,9
DA:38,0
DA:39,0
DA:47,11
DA:48,11
DA:49,11
DA:51,11
DA:53,0
DA:54,0
DA:62,3
DA:63,3
DA:64,3
DA:65,3
DA:66,3
DA:69,3
DA:70,3
DA:73,3
DA:75,0
DA:76,0
DA:84,1
DA:85,1
DA:86,1
DA:89,1
DA:91,0
DA:99,0
DA:100,0
DA:101,0
DA:102,0
DA:105,0
DA:107,0
DA:108,0
DA:116,10
DA:117,10
DA:128,4
DA:130,4
DA:131,4
DA:132,2
DA:136,2
DA:137,2
DA:140,2
DA:141,2
DA:143,2
DA:145,0
DA:146,0
DA:150,0
DA:162,1
DA:163,2
DA:164,2
DA:166,1
DA:176,1
DA:177,1
DA:179,1
DA:180,1
DA:181,2
DA:182,2
DA:185,1
DA:190,1
DA:192,0
DA:193,0
DA:201,0
DA:202,0
DA:204,0
DA:205,0
DA:206,0
DA:207,0
DA:210,0
DA:215,0
DA:217,0
DA:218,0
DA:226,1
DA:228,1
DA:230,1
DA:231,1
DA:232,1
DA:236,0
DA:237,0
DA:240,0
DA:242,0
DA:245,0
DA:246,0
DA:247,0
DA:251,0
DA:259,1
DA:260,1
DA:263,1
DA:264,1
DA:265,1
DA:268,1
DA:269,3
DA:272,1
DA:276,0
DA:277,0
DA:280,0
DA:281,0
DA:289,0
DA:290,0
DA:296,0
DA:297,0
DA:298,0
DA:302,0
DA:303,0
DA:305,0
DA:306,0
LF:113
LH:63
BRDA:20,0,0,10
BRDA:31,1,0,6
BRDA:31,1,1,9
BRDA:51,2,0,11
BRDA:51,2,1,8
BRDA:66,3,0,3
BRDA:66,3,1,3
BRDA:69,4,0,3
BRDA:69,4,1,0
BRDA:101,5,0,0
BRDA:101,5,1,0
BRDA:131,6,0,2
BRDA:131,6,1,2
BRDA:182,7,0,2
BRDA:182,7,1,0
BRDA:207,8,0,0
BRDA:207,8,1,0
BRDA:231,9,0,1
BRDA:231,9,1,0
BRDA:231,10,0,1
BRDA:231,10,1,1
BRDA:246,11,0,0
BRDA:246,11,1,0
BRDA:264,12,0,1
BRDA:264,12,1,0
BRDA:264,13,0,1
BRDA:264,13,1,1
BRDA:269,14,0,3
BRDA:269,14,1,0
BRDA:297,15,0,0
BRDA:297,15,1,0
BRF:31
BRH:18
end_of_record
TN:
SF:src\implementations\cache-providers.ts
FN:27,(anonymous_0)
FN:34,(anonymous_1)
FN:64,(anonymous_2)
FN:77,(anonymous_3)
FN:79,(anonymous_4)
FN:84,(anonymous_5)
FN:108,(anonymous_6)
FN:109,(anonymous_7)
FN:127,(anonymous_8)
FN:129,(anonymous_9)
FN:145,(anonymous_10)
FN:146,(anonymous_11)
FN:160,(anonymous_12)
FN:183,(anonymous_13)
FN:191,(anonymous_14)
FN:204,(anonymous_15)
FN:220,(anonymous_16)
FN:230,(anonymous_17)
FN:251,(anonymous_18)
FNF:19
FNH:10
FNDA:8,(anonymous_0)
FNDA:14,(anonymous_1)
FNDA:1,(anonymous_2)
FNDA:15,(anonymous_3)
FNDA:6,(anonymous_4)
FNDA:2,(anonymous_5)
FNDA:1,(anonymous_6)
FNDA:3,(anonymous_7)
FNDA:0,(anonymous_8)
FNDA:0,(anonymous_9)
FNDA:0,(anonymous_10)
FNDA:0,(anonymous_11)
FNDA:0,(anonymous_12)
FNDA:6,(anonymous_13)
FNDA:1,(anonymous_14)
FNDA:0,(anonymous_15)
FNDA:0,(anonymous_16)
FNDA:0,(anonymous_17)
FNDA:0,(anonymous_18)
DA:24,8
DA:25,8
DA:29,8
DA:39,14
DA:55,14
DA:56,14
DA:58,14
DA:65,1
DA:66,1
DA:67,1
DA:68,1
DA:70,1
DA:78,15
DA:79,6
DA:85,2
DA:86,3
DA:87,3
DA:88,2
DA:89,1
DA:90,1
DA:92,1
DA:94,1
DA:96,1
DA:98,1
DA:102,0
DA:109,1
DA:110,3
DA:111,3
DA:113,0
DA:115,0
DA:116,0
DA:121,1
DA:128,0
DA:129,0
DA:130,0
DA:131,0
DA:132,0
DA:134,0
DA:138,0
DA:139,0
DA:146,0
DA:147,0
DA:148,0
DA:150,0
DA:154,0
DA:161,0
DA:163,0
DA:164,0
DA:165,0
DA:166,0
DA:172,0
DA:173,0
DA:177,0
DA:184,6
DA:192,1
DA:193,1
DA:195,1
DA:202,1
DA:203,0
DA:204,0
DA:206,0
DA:210,1
DA:221,0
DA:222,0
DA:223,0
DA:235,0
DA:236,0
DA:237,0
DA:245,0
DA:256,0
DA:257,0
DA:259,0
LF:72
LH:34
BRDA:37,0,0,4
BRDA:66,1,0,1
BRDA:66,1,1,0
BRDA:88,2,0,1
BRDA:88,2,1,1
BRDA:96,3,0,1
BRDA:96,3,1,0
BRDA:96,4,0,1
BRDA:96,4,1,1
BRDA:115,5,0,0
BRDA:115,5,1,0
BRDA:132,6,0,0
BRDA:132,6,1,0
BRDA:202,7,0,0
BRDA:202,7,1,1
BRDA:238,8,0,0
BRDA:238,8,1,0
BRDA:239,9,0,0
BRDA:239,9,1,0
BRDA:257,10,0,0
BRDA:257,10,1,0
BRF:21
BRH:8
end_of_record
TN:
SF:src\implementations\cache-statistics.ts
FN:31,(anonymous_0)
FN:41,(anonymous_1)
FN:53,(anonymous_2)
FN:65,(anonymous_3)
FN:79,(anonymous_4)
FN:108,(anonymous_5)
FN:118,(anonymous_6)
FN:133,(anonymous_7)
FN:146,(anonymous_8)
FN:161,(anonymous_9)
FNF:10
FNH:0
FNDA:0,(anonymous_0)
FNDA:0,(anonymous_1)
FNDA:0,(anonymous_2)
FNDA:0,(anonymous_3)
FNDA:0,(anonymous_4)
FNDA:0,(anonymous_5)
FNDA:0,(anonymous_6)
FNDA:0,(anonymous_7)
FNDA:0,(anonymous_8)
FNDA:0,(anonymous_9)
DA:19,4
DA:20,4
DA:21,4
DA:22,4
DA:23,4
DA:24,4
DA:25,4
DA:32,0
DA:33,0
DA:34,0
DA:42,0
DA:43,0
DA:44,0
DA:54,0
DA:55,0
DA:56,0
DA:57,0
DA:66,0
DA:67,0
DA:68,0
DA:69,0
DA:70,0
DA:80,0
DA:82,0
DA:83,0
DA:90,0
DA:93,0
DA:94,0
DA:95,0
DA:96,0
DA:97,0
DA:99,0
DA:109,0
DA:119,0
DA:121,0
DA:122,0
DA:125,0
DA:134,0
DA:136,0
DA:137,0
DA:140,0
DA:147,0
DA:148,0
DA:149,0
DA:150,0
DA:151,0
DA:152,0
DA:153,0
DA:177,0
DA:179,0
DA:180,0
DA:189,0
LF:52
LH:7
BRDA:68,0,0,0
BRDA:68,0,1,0
BRDA:82,1,0,0
BRDA:82,1,1,0
BRDA:121,2,0,0
BRDA:121,2,1,0
BRDA:121,3,0,0
BRDA:121,3,1,0
BRDA:136,4,0,0
BRDA:136,4,1,0
BRDA:182,5,0,0
BRDA:182,5,1,0
BRDA:183,6,0,0
BRDA:183,6,1,0
BRF:14
BRH:0
end_of_record
TN:
SF:src\implementations\index.ts
FN:21,createCacheManager
FN:26,(anonymous_1)
FNF:2
FNH:0
FNDA:0,createCacheManager
FNDA:0,(anonymous_1)
DA:22,0
DA:27,0
LF:2
LH:0
BRF:0
BRH:0
end_of_record
TN:
SF:src\implementations\adapters\MemoryStorageAdapter.ts
FN:52,(anonymous_0)
FN:62,(anonymous_1)
FN:116,(anonymous_2)
FN:192,(anonymous_3)
FN:215,(anonymous_4)
FN:223,(anonymous_5)
FN:241,(anonymous_6)
FN:254,(anonymous_7)
FN:268,(anonymous_8)
FN:296,(anonymous_9)
FN:315,(anonymous_10)
FN:322,(anonymous_11)
FN:333,(anonymous_12)
FN:361,(anonymous_13)
FN:376,(anonymous_14)
FN:388,(anonymous_15)
FNF:16
FNH:14
FNDA:10,(anonymous_0)
FNDA:18,(anonymous_1)
FNDA:115,(anonymous_2)
FNDA:3,(anonymous_3)
FNDA:0,(anonymous_4)
FNDA:1,(anonymous_5)
FNDA:1,(anonymous_6)
FNDA:1,(anonymous_7)
FNDA:1,(anonymous_8)
FNDA:4,(anonymous_9)
FNDA:0,(anonymous_10)
FNDA:234,(anonymous_11)
FNDA:114,(anonymous_12)
FNDA:115,(anonymous_13)
FNDA:1,(anonymous_14)
FNDA:1,(anonymous_15)
DA:35,10
DA:36,10
DA:37,10
DA:53,10
DA:54,10
DA:55,10
DA:56,10
DA:63,18
DA:64,18
DA:65,18
DA:67,18
DA:68,7
DA:69,7
DA:73,11
DA:74,1
DA:75,1
DA:76,1
DA:77,1
DA:80,10
DA:83,10
DA:84,10
DA:88,10
DA:89,1
DA:90,1
DA:91,1
DA:92,1
DA:93,1
DA:96,1
DA:99,0
DA:102,0
DA:106,9
DA:108,0
DA:109,0
DA:122,115
DA:123,115
DA:126,115
DA:128,115
DA:130,115
DA:133,115
DA:134,1
DA:137,1
DA:138,1
DA:139,1
DA:141,1
DA:142,1
DA:143,1
DA:144,1
DA:145,1
DA:147,0
DA:150,0
DA:152,0
DA:155,0
DA:158,114
DA:162,115
DA:165,115
DA:174,115
DA:175,115
DA:178,115
DA:184,0
DA:185,0
DA:193,3
DA:194,3
DA:196,3
DA:197,3
DA:198,3
DA:199,3
DA:200,3
DA:202,3
DA:205,3
DA:207,0
DA:208,0
DA:216,0
DA:217,0
DA:224,1
DA:225,1
DA:226,1
DA:227,1
DA:230,1
DA:232,1
DA:234,0
DA:242,1
DA:244,1
DA:245,4
DA:248,1
DA:260,1
DA:261,3
DA:269,1
DA:272,1
DA:273,1
DA:274,3
DA:275,2
DA:280,1
DA:281,2
DA:282,2
DA:285,1
DA:290,1
DA:303,4
DA:316,0
DA:323,234
DA:324,234
DA:325,10033
DA:327,234
DA:334,114
DA:335,0
DA:338,114
DA:339,113
DA:342,1
DA:343,0
DA:346,1
DA:347,0
DA:350,1
DA:351,1
DA:352,1
DA:354,0
DA:363,115
DA:364,0
DA:368,115
DA:369,1
DA:377,1
DA:378,1
DA:380,1
DA:381,1
DA:382,1
DA:383,1
DA:387,1
DA:388,1
DA:390,1
LF:127
LH:106
BRDA:52,0,0,0
BRDA:53,1,0,10
BRDA:53,1,1,0
BRDA:54,2,0,10
BRDA:54,2,1,10
BRDA:55,3,0,10
BRDA:55,3,1,0
BRDA:67,4,0,7
BRDA:67,4,1,11
BRDA:73,5,0,1
BRDA:73,5,1,10
BRDA:73,6,0,11
BRDA:73,6,1,11
BRDA:83,7,0,10
BRDA:83,7,1,0
BRDA:83,8,0,10
BRDA:83,8,1,10
BRDA:88,9,0,1
BRDA:88,9,1,9
BRDA:88,10,0,10
BRDA:88,10,1,1
BRDA:91,11,0,1
BRDA:91,11,1,0
BRDA:123,12,0,1
BRDA:123,12,1,114
BRDA:133,13,0,1
BRDA:133,13,1,114
BRDA:134,14,0,1
BRDA:134,14,1,0
BRDA:137,15,0,1
BRDA:137,15,1,0
BRDA:137,16,0,1
BRDA:137,16,1,0
BRDA:137,16,2,0
BRDA:139,17,0,1
BRDA:139,17,1,0
BRDA:141,18,0,1
BRDA:141,18,1,0
BRDA:166,19,0,115
BRDA:166,19,1,112
BRDA:168,20,0,115
BRDA:168,20,1,0
BRDA:196,21,0,3
BRDA:196,21,1,0
BRDA:274,22,0,2
BRDA:274,22,1,1
BRDA:282,23,0,2
BRDA:282,23,1,0
BRDA:316,24,0,0
BRDA:316,24,1,0
BRDA:334,25,0,0
BRDA:334,25,1,114
BRDA:334,26,0,114
BRDA:334,26,1,114
BRDA:338,27,0,113
BRDA:338,27,1,1
BRDA:342,28,0,0
BRDA:342,28,1,1
BRDA:342,29,0,1
BRDA:342,29,1,1
BRDA:346,30,0,0
BRDA:346,30,1,1
BRDA:363,31,0,0
BRDA:363,31,1,115
BRDA:368,32,0,116
BRDA:368,32,1,1
BRDA:381,33,0,1
BRDA:381,33,1,0
BRDA:387,34,0,1
BRDA:387,34,1,0
BRF:70
BRH:48
end_of_record
TN:
SF:src\types\common.ts
FNF:0
FNH:0
LF:0
LH:0
BRF:0
BRH:0
end_of_record
TN:
SF:src\utils\compression-utils.ts
FN:18,compressData
FN:33,decompressData
FN:48,shouldCompress
FNF:3
FNH:2
FNDA:2,compressData
FNDA:2,decompressData
FNDA:0,shouldCompress
DA:9,10
DA:10,10
DA:22,2
DA:23,2
DA:37,2
DA:38,2
DA:50,0
DA:51,0
DA:55,0
DA:56,0
DA:60,0
DA:61,0
DA:62,0
DA:64,0
LF:14
LH:6
BRDA:20,0,0,2
BRDA:22,1,0,2
BRDA:22,1,1,0
BRDA:38,2,0,2
BRDA:38,2,1,0
BRDA:48,3,0,0
BRDA:50,4,0,0
BRDA:50,4,1,0
BRDA:55,5,0,0
BRDA:55,5,1,0
BRDA:55,6,0,0
BRDA:55,6,1,0
BRDA:55,6,2,0
BRDA:61,7,0,0
BRDA:61,7,1,0
BRF:15
BRH:3
end_of_record
TN:
SF:src\utils\error-utils.ts
FN:59,(anonymous_0)
FN:89,(anonymous_1)
FN:114,(anonymous_2)
FN:133,createCacheError
FN:174,formatErrorMessage
FN:207,isCacheError
FN:217,logCacheError
FN:250,handleCacheError
FN:342,(anonymous_8)
FN:445,ensureError
FNF:10
FNH:6
FNDA:34,(anonymous_0)
FNDA:0,(anonymous_1)
FNDA:0,(anonymous_2)
FNDA:26,createCacheError
FNDA:4,formatErrorMessage
FNDA:5,isCacheError
FNDA:2,logCacheError
FNDA:22,handleCacheError
FNDA:0,(anonymous_8)
FNDA:0,ensureError
DA:66,34
DA:67,34
DA:68,34
DA:69,34
DA:70,34
DA:71,34
DA:74,34
DA:95,0
DA:96,0
DA:99,0
DA:119,0
DA:120,0
DA:123,0
DA:140,26
DA:143,26
DA:159,26
DA:180,4
DA:182,4
DA:184,4
DA:185,2
DA:188,4
DA:189,2
DA:192,4
DA:193,1
DA:196,4
DA:198,4
DA:208,5
DA:218,2
DA:225,2
DA:232,2
DA:233,0
DA:235,2
DA:240,9
DA:272,22
DA:277,22
DA:278,0
DA:281,22
DA:284,22
DA:285,21
DA:287,21
DA:288,17
DA:289,4
DA:290,1
DA:293,21
DA:294,1
DA:295,20
DA:296,1
DA:297,19
DA:298,1
DA:304,22
DA:305,2
DA:306,2
DA:307,20
DA:308,1
DA:309,19
DA:310,18
DA:313,18
DA:314,2
DA:315,2
DA:317,2
DA:318,3
DA:319,3
DA:322,2
DA:323,2
DA:326,1
DA:328,1
DA:329,1
DA:331,1
DA:332,0
DA:333,1
DA:334,0
DA:335,1
DA:336,1
DA:339,0
DA:340,0
DA:342,0
DA:346,0
DA:349,0
DA:352,22
DA:362,22
DA:363,21
DA:364,0
DA:366,21
DA:371,22
DA:372,22
DA:381,22
DA:383,0
DA:384,0
DA:386,0
DA:387,0
DA:390,0
DA:393,0
DA:394,0
DA:397,0
DA:398,0
DA:401,0
DA:402,0
DA:410,0
DA:413,0
DA:414,0
DA:423,0
DA:424,0
DA:427,0
DA:432,22
DA:433,1
DA:436,21
DA:446,0
DA:447,0
DA:450,0
LF:109
LH:73
BRDA:161,0,0,26
BRDA:161,0,1,1
BRDA:184,1,0,2
BRDA:184,1,1,2
BRDA:188,2,0,2
BRDA:188,2,1,2
BRDA:192,3,0,1
BRDA:192,3,1,3
BRDA:217,4,0,2
BRDA:218,5,0,1
BRDA:218,5,1,1
BRDA:222,6,0,1
BRDA:222,6,1,0
BRDA:232,7,0,0
BRDA:232,7,1,2
BRDA:253,8,0,18
BRDA:265,9,0,20
BRDA:266,10,0,21
BRDA:267,11,0,22
BRDA:269,12,0,22
BRDA:270,13,0,22
BRDA:271,14,0,22
BRDA:277,15,0,0
BRDA:277,15,1,22
BRDA:281,16,0,22
BRDA:281,16,1,21
BRDA:284,17,0,21
BRDA:284,17,1,1
BRDA:287,18,0,17
BRDA:287,18,1,4
BRDA:289,19,0,1
BRDA:289,19,1,3
BRDA:293,20,0,1
BRDA:293,20,1,20
BRDA:295,21,0,1
BRDA:295,21,1,19
BRDA:295,22,0,20
BRDA:295,22,1,19
BRDA:297,23,0,1
BRDA:297,23,1,18
BRDA:297,24,0,19
BRDA:297,24,1,1
BRDA:304,25,0,2
BRDA:304,25,1,20
BRDA:304,26,0,22
BRDA:304,26,1,21
BRDA:307,27,0,1
BRDA:307,27,1,19
BRDA:309,28,0,18
BRDA:309,28,1,1
BRDA:313,29,0,2
BRDA:313,29,1,16
BRDA:313,30,0,18
BRDA:313,30,1,2
BRDA:318,31,0,3
BRDA:318,31,1,0
BRDA:322,32,0,2
BRDA:322,32,1,0
BRDA:326,33,0,1
BRDA:326,33,1,0
BRDA:326,34,0,1
BRDA:326,34,1,1
BRDA:331,35,0,0
BRDA:331,35,1,1
BRDA:333,36,0,0
BRDA:333,36,1,1
BRDA:335,37,0,1
BRDA:335,37,1,0
BRDA:362,38,0,21
BRDA:362,38,1,1
BRDA:363,39,0,0
BRDA:363,39,1,21
BRDA:371,40,0,22
BRDA:371,40,1,0
BRDA:381,41,0,0
BRDA:381,41,1,22
BRDA:383,42,0,0
BRDA:383,42,1,0
BRDA:386,43,0,0
BRDA:386,43,1,0
BRDA:393,44,0,0
BRDA:393,44,1,0
BRDA:401,45,0,0
BRDA:401,45,1,0
BRDA:413,46,0,0
BRDA:413,46,1,0
BRDA:423,47,0,0
BRDA:423,47,1,0
BRDA:432,48,0,1
BRDA:432,48,1,21
BRDA:446,49,0,0
BRDA:446,49,1,0
BRF:92
BRH:66
end_of_record
TN:
SF:src\utils\key-utils.ts
FN:34,generateKey
FN:42,(anonymous_1)
FN:63,generateFunctionKey
FN:84,generateQueryKey
FN:109,parseKey
FN:135,createKeyPrefix
FN:149,createKeyPattern
FN:186,keyMatchesPattern
FN:201,normalizeKey
FN:218,generateUniqueKey
FN:234,extractTimestamp
FNF:11
FNH:11
FNDA:3,generateKey
FNDA:3,(anonymous_1)
FNDA:2,generateFunctionKey
FNDA:2,generateQueryKey
FNDA:2,parseKey
FNDA:1,createKeyPrefix
FNDA:7,createKeyPattern
FNDA:4,keyMatchesPattern
FNDA:12,normalizeKey
FNDA:2,generateUniqueKey
FNDA:3,extractTimestamp
DA:9,1
DA:10,1
DA:11,1
DA:14,1
DA:15,1
DA:36,3
DA:37,1
DA:41,2
DA:43,3
DA:48,2
DA:68,2
DA:69,2
DA:70,2
DA:88,2
DA:113,2
DA:114,2
DA:115,1
DA:118,1
DA:136,1
DA:151,7
DA:152,7
DA:153,5
DA:157,2
DA:161,2
DA:164,2
DA:165,0
DA:166,0
DA:167,0
DA:170,2
DA:172,2
DA:187,4
DA:188,4
DA:202,12
DA:219,2
DA:220,2
DA:221,2
DA:235,3
DA:236,3
DA:238,2
DA:239,2
DA:243,1
LF:41
LH:38
BRDA:36,0,0,1
BRDA:36,0,1,2
BRDA:43,1,0,1
BRDA:43,1,1,2
BRDA:69,2,0,1
BRDA:69,2,1,1
BRDA:88,3,0,1
BRDA:88,3,1,1
BRDA:114,4,0,1
BRDA:114,4,1,1
BRDA:152,5,0,5
BRDA:152,5,1,2
BRDA:164,6,0,0
BRDA:164,6,1,2
BRDA:166,7,0,0
BRDA:166,7,1,0
BRDA:236,8,0,1
BRDA:236,8,1,2
BRDA:239,9,0,1
BRDA:239,9,1,1
BRF:20
BRH:17
end_of_record
TN:
SF:src\utils\validation-utils.ts
FN:17,validateCacheKey
FN:50,validateCacheOptions
FN:86,validateCacheValue
FNF:3
FNH:2
FNDA:41,validateCacheKey
FNDA:6,validateCacheOptions
FNDA:0,validateCacheValue
DA:10,5
DA:18,41
DA:19,3
DA:26,38
DA:27,1
DA:34,37
DA:35,1
DA:51,6
DA:52,1
DA:55,5
DA:56,0
DA:63,5
DA:64,2
DA:71,3
DA:72,0
DA:87,0
DA:88,0
DA:95,0
DA:97,0
DA:99,0
LF:20
LH:13
BRDA:18,0,0,3
BRDA:18,0,1,38
BRDA:26,1,0,1
BRDA:26,1,1,37
BRDA:34,2,0,1
BRDA:34,2,1,36
BRDA:51,3,0,1
BRDA:51,3,1,5
BRDA:55,4,0,0
BRDA:55,4,1,5
BRDA:63,5,0,2
BRDA:63,5,1,3
BRDA:63,6,0,5
BRDA:63,6,1,4
BRDA:63,6,2,3
BRDA:71,7,0,0
BRDA:71,7,1,3
BRDA:71,8,0,3
BRDA:71,8,1,1
BRDA:87,9,0,0
BRDA:87,9,1,0
BRF:21
BRH:17
end_of_record
