TN:
SF:src\adapters\memory-adapter.ts
FN:21,(anonymous_0)
FN:29,(anonymous_1)
FN:52,(anonymous_2)
FN:81,(anonymous_3)
FN:101,(anonymous_4)
FN:117,(anonymous_5)
FN:125,(anonymous_6)
FN:129,(anonymous_7)
FN:134,(anonymous_8)
FN:135,(anonymous_9)
FN:141,(anonymous_10)
FN:154,(anonymous_11)
FN:163,(anonymous_12)
FN:171,(anonymous_13)
FN:175,(anonymous_14)
FN:179,(anonymous_15)
FN:192,(anonymous_16)
FN:225,(anonymous_17)
FN:233,(anonymous_18)
FN:240,(anonymous_19)
FN:247,(anonymous_20)
FN:254,(anonymous_21)
FN:261,(anonymous_22)
FN:274,(anonymous_23)
FNF:24
FNH:7
FNDA:0,(anonymous_0)
FNDA:0,(anonymous_1)
FNDA:0,(anonymous_2)
FNDA:0,(anonymous_3)
FNDA:0,(anonymous_4)
FNDA:0,(anonymous_5)
FNDA:0,(anonymous_6)
FNDA:0,(anonymous_7)
FNDA:0,(anonymous_8)
FNDA:0,(anonymous_9)
FNDA:0,(anonymous_10)
FNDA:0,(anonymous_11)
FNDA:0,(anonymous_12)
FNDA:0,(anonymous_13)
FNDA:0,(anonymous_14)
FNDA:0,(anonymous_15)
FNDA:0,(anonymous_16)
FNDA:81,(anonymous_17)
FNDA:179,(anonymous_18)
FNDA:7,(anonymous_19)
FNDA:3,(anonymous_20)
FNDA:2,(anonymous_21)
FNDA:5,(anonymous_22)
FNDA:4,(anonymous_23)
DA:16,0
DA:18,0
DA:22,0
DA:23,0
DA:30,0
DA:31,0
DA:33,0
DA:34,0
DA:38,0
DA:39,0
DA:40,0
DA:41,0
DA:45,0
DA:46,0
DA:53,0
DA:54,0
DA:55,0
DA:58,0
DA:59,0
DA:62,0
DA:70,0
DA:71,0
DA:73,0
DA:75,0
DA:82,0
DA:83,0
DA:85,0
DA:86,0
DA:89,0
DA:90,0
DA:91,0
DA:92,0
DA:95,0
DA:102,0
DA:103,0
DA:105,0
DA:106,0
DA:107,0
DA:108,0
DA:111,0
DA:118,0
DA:119,0
DA:126,0
DA:128,0
DA:129,0
DA:132,0
DA:133,0
DA:134,0
DA:135,0
DA:142,0
DA:144,0
DA:145,0
DA:148,0
DA:155,0
DA:156,0
DA:164,0
DA:172,0
DA:176,0
DA:180,0
DA:181,0
DA:184,0
DA:185,0
DA:186,0
DA:188,0
DA:193,0
DA:194,0
DA:196,0
DA:197,0
DA:198,0
DA:199,0
DA:203,0
DA:204,0
DA:205,0
DA:206,0
DA:208,0
DA:220,49
DA:226,81
DA:227,80
DA:234,179
DA:241,7
DA:248,3
DA:255,2
DA:262,5
DA:264,5
DA:265,16
DA:268,5
DA:275,4
DA:276,11
LF:88
LH:13
BRDA:21,0,0,0
BRDA:22,1,0,0
BRDA:22,1,1,0
BRDA:23,2,0,0
BRDA:23,2,1,0
BRDA:33,3,0,0
BRDA:33,3,1,0
BRDA:38,4,0,0
BRDA:38,4,1,0
BRDA:38,5,0,0
BRDA:38,5,1,0
BRDA:58,6,0,0
BRDA:58,6,1,0
BRDA:66,7,0,0
BRDA:66,7,1,0
BRDA:70,8,0,0
BRDA:70,8,1,0
BRDA:85,9,0,0
BRDA:85,9,1,0
BRDA:89,10,0,0
BRDA:89,10,1,0
BRDA:89,11,0,0
BRDA:89,11,1,0
BRDA:105,12,0,0
BRDA:105,12,1,0
BRDA:128,13,0,0
BRDA:128,13,1,0
BRDA:172,14,0,0
BRDA:172,14,1,0
BRDA:176,15,0,0
BRDA:176,15,1,0
BRDA:180,16,0,0
BRDA:180,16,1,0
BRDA:197,17,0,0
BRDA:197,17,1,0
BRDA:203,18,0,0
BRDA:203,18,1,0
BRDA:227,19,0,40
BRDA:227,19,1,40
BRF:39
BRH:2
end_of_record
TN:
SF:src\config\default-config.ts
FNF:0
FNH:0
DA:10,2
DA:35,2
DA:63,2
DA:82,2
LF:4
LH:4
BRF:0
BRH:0
end_of_record
TN:
SF:src\docs\types.ts
FNF:0
FNH:0
LF:0
LH:0
BRF:0
BRH:0
end_of_record
TN:
SF:src\events\cache-events.ts
FN:89,(anonymous_0)
FN:95,(anonymous_1)
FN:115,(anonymous_2)
FN:129,emitCacheEvent
FN:140,subscribeToCacheEvents
FN:147,(anonymous_5)
FN:156,getCacheEventEmitter
FN:166,createCacheEventLogger
FN:167,(anonymous_8)
FNF:9
FNH:6
FNDA:9,(anonymous_0)
FNDA:213,(anonymous_1)
FNDA:10,(anonymous_2)
FNDA:213,emitCacheEvent
FNDA:0,subscribeToCacheEvents
FNDA:0,(anonymous_5)
FNDA:0,getCacheEventEmitter
FNDA:4,createCacheEventLogger
FNDA:4,(anonymous_8)
DA:90,9
DA:92,9
DA:97,213
DA:98,213
DA:99,213
DA:104,213
DA:107,213
DA:108,213
DA:111,213
DA:116,10
DA:121,9
DA:130,213
DA:144,0
DA:147,0
DA:148,0
DA:157,0
DA:167,4
DA:168,4
DA:169,4
DA:170,4
DA:172,4
DA:174,1
DA:175,1
DA:177,1
DA:178,1
DA:180,1
DA:181,1
DA:184,1
DA:185,1
LF:29
LH:25
BRDA:97,0,0,213
BRDA:97,0,1,0
BRDA:97,1,0,213
BRDA:97,1,1,213
BRDA:97,1,2,213
BRDA:98,2,0,213
BRDA:98,2,1,0
BRDA:107,3,0,213
BRDA:107,3,1,0
BRDA:129,4,0,0
BRDA:166,5,0,0
BRDA:169,6,0,0
BRDA:169,6,1,4
BRDA:172,7,0,1
BRDA:172,7,1,1
BRDA:172,7,2,1
BRDA:172,7,3,1
BRDA:172,7,4,1
BRF:18
BRH:12
end_of_record
TN:
SF:src\implementations\CacheMetadata.ts
FN:69,(anonymous_0)
FN:105,(anonymous_1)
FN:115,(anonymous_2)
FN:128,(anonymous_3)
FN:140,(anonymous_4)
FN:155,(anonymous_5)
FN:173,(anonymous_6)
FN:191,(anonymous_7)
FN:209,(anonymous_8)
FN:218,(anonymous_9)
FN:227,(anonymous_10)
FN:244,(anonymous_11)
FN:246,(anonymous_12)
FNF:13
FNH:10
FNDA:35,(anonymous_0)
FNDA:8,(anonymous_1)
FNDA:5,(anonymous_2)
FNDA:3,(anonymous_3)
FNDA:8,(anonymous_4)
FNDA:4,(anonymous_5)
FNDA:1,(anonymous_6)
FNDA:1,(anonymous_7)
FNDA:1,(anonymous_8)
FNDA:5,(anonymous_9)
FNDA:0,(anonymous_10)
FNDA:0,(anonymous_11)
FNDA:0,(anonymous_12)
DA:61,20
DA:70,35
DA:71,35
DA:73,35
DA:75,1
DA:81,1
DA:84,34
DA:93,35
DA:106,8
DA:116,5
DA:118,5
DA:119,5
DA:122,5
DA:129,3
DA:130,3
DA:132,3
DA:141,8
DA:143,8
DA:144,8
DA:145,8
DA:156,4
DA:158,4
DA:159,12
DA:160,6
DA:164,4
DA:174,1
DA:176,1
DA:177,3
DA:178,2
DA:182,1
DA:192,1
DA:193,1
DA:195,1
DA:196,3
DA:197,1
DA:201,1
DA:210,1
DA:219,5
DA:228,0
DA:229,0
DA:231,0
DA:232,0
DA:234,0
DA:235,0
DA:239,0
DA:244,0
DA:246,0
LF:47
LH:38
BRDA:69,0,0,0
BRDA:73,1,0,1
BRDA:73,1,1,34
BRDA:77,2,0,1
BRDA:77,2,1,0
BRDA:85,3,0,34
BRDA:85,3,1,0
BRDA:118,4,0,5
BRDA:118,4,1,0
BRDA:143,5,0,8
BRDA:143,5,1,0
BRDA:159,6,0,6
BRDA:159,6,1,6
BRDA:177,7,0,2
BRDA:177,7,1,1
BRDA:196,8,0,1
BRDA:196,8,1,2
BRDA:235,9,0,0
BRDA:235,9,1,0
BRF:19
BRH:12
end_of_record
TN:
SF:src\implementations\cache-compute.ts
FN:27,(anonymous_0)
FN:41,(anonymous_1)
FN:86,(anonymous_2)
FN:91,(anonymous_3)
FN:97,(anonymous_4)
FN:136,(anonymous_5)
FN:148,(anonymous_6)
FN:158,(anonymous_7)
FN:177,(anonymous_8)
FN:187,(anonymous_9)
FN:198,(anonymous_10)
FN:233,(anonymous_11)
FN:240,(anonymous_12)
FNF:13
FNH:0
FNDA:0,(anonymous_0)
FNDA:0,(anonymous_1)
FNDA:0,(anonymous_2)
FNDA:0,(anonymous_3)
FNDA:0,(anonymous_4)
FNDA:0,(anonymous_5)
FNDA:0,(anonymous_6)
FNDA:0,(anonymous_7)
FNDA:0,(anonymous_8)
FNDA:0,(anonymous_9)
FNDA:0,(anonymous_10)
FNDA:0,(anonymous_11)
FNDA:0,(anonymous_12)
DA:12,1
DA:15,1
DA:47,0
DA:48,0
DA:49,0
DA:52,0
DA:54,0
DA:55,0
DA:56,0
DA:57,0
DA:60,0
DA:61,0
DA:64,0
DA:72,0
DA:74,0
DA:78,0
DA:91,0
DA:92,0
DA:94,0
DA:95,0
DA:97,0
DA:98,0
DA:101,0
DA:107,0
DA:112,0
DA:118,0
DA:122,0
DA:124,0
DA:128,0
DA:129,0
DA:140,0
DA:141,0
DA:143,0
DA:144,0
DA:147,0
DA:148,0
DA:150,0
DA:162,0
DA:164,0
DA:165,0
DA:169,0
DA:170,0
DA:178,0
DA:193,0
DA:194,0
DA:195,0
DA:198,0
DA:199,0
DA:200,0
DA:202,0
DA:208,0
DA:213,0
DA:215,0
DA:220,0
DA:224,0
DA:234,0
DA:244,0
LF:57
LH:2
BRDA:29,0,0,0
BRDA:48,1,0,0
BRDA:48,1,1,0
BRDA:55,2,0,0
BRDA:55,2,1,0
BRDA:60,3,0,0
BRDA:60,3,1,0
BRDA:60,4,0,0
BRDA:60,4,1,0
BRDA:66,5,0,0
BRDA:66,5,1,0
BRDA:138,6,0,0
BRDA:143,7,0,0
BRDA:143,7,1,0
BRDA:143,8,0,0
BRDA:143,8,1,0
BRDA:147,9,0,0
BRDA:147,9,1,0
BRDA:162,10,0,0
BRDA:162,10,1,0
BRDA:164,11,0,0
BRDA:164,11,1,0
BRDA:164,11,2,0
BRDA:165,12,0,0
BRDA:165,12,1,0
BRDA:165,12,2,0
BRDA:178,13,0,0
BRDA:178,13,1,0
BRDA:178,13,2,0
BRDA:194,14,0,0
BRDA:194,14,1,0
BRDA:194,15,0,0
BRDA:194,15,1,0
BRF:33
BRH:0
end_of_record
TN:
SF:src\implementations\cache-manager-advanced.ts
FN:19,(anonymous_0)
FN:37,(anonymous_1)
FN:59,(anonymous_2)
FN:83,(anonymous_3)
FN:106,(anonymous_4)
FN:137,(anonymous_5)
FN:161,(anonymous_6)
FN:176,(anonymous_7)
FN:198,(anonymous_8)
FN:199,(anonymous_9)
FN:214,(anonymous_10)
FN:224,(anonymous_11)
FN:231,(anonymous_12)
FN:238,(anonymous_13)
FNF:14
FNH:0
FNDA:0,(anonymous_0)
FNDA:0,(anonymous_1)
FNDA:0,(anonymous_2)
FNDA:0,(anonymous_3)
FNDA:0,(anonymous_4)
FNDA:0,(anonymous_5)
FNDA:0,(anonymous_6)
FNDA:0,(anonymous_7)
FNDA:0,(anonymous_8)
FNDA:0,(anonymous_9)
FNDA:0,(anonymous_10)
FNDA:0,(anonymous_11)
FNDA:0,(anonymous_12)
FNDA:0,(anonymous_13)
DA:17,0
DA:34,0
DA:37,0
DA:38,0
DA:42,0
DA:51,0
DA:52,0
DA:60,0
DA:62,0
DA:63,0
DA:65,0
DA:70,0
DA:72,0
DA:76,0
DA:84,0
DA:85,0
DA:87,0
DA:88,0
DA:90,0
DA:95,0
DA:99,0
DA:111,0
DA:112,0
DA:114,0
DA:115,0
DA:117,0
DA:118,0
DA:124,0
DA:126,0
DA:130,0
DA:138,0
DA:140,0
DA:141,0
DA:143,0
DA:148,0
DA:150,0
DA:154,0
DA:162,0
DA:163,0
DA:164,0
DA:166,0
DA:169,0
DA:177,0
DA:178,0
DA:179,0
DA:181,0
DA:186,0
DA:188,0
DA:191,0
DA:199,0
DA:200,0
DA:201,0
DA:202,0
DA:204,0
DA:215,0
DA:216,0
DA:217,0
DA:225,0
DA:232,0
DA:239,0
LF:60
LH:0
BRDA:20,0,0,0
BRDA:42,1,0,0
BRDA:42,1,1,0
BRDA:51,2,0,0
BRDA:51,2,1,0
BRDA:66,3,0,0
BRDA:66,3,1,0
BRDA:117,4,0,0
BRDA:117,4,1,0
BRDA:215,5,0,0
BRDA:215,5,1,0
BRF:11
BRH:0
end_of_record
TN:
SF:src\implementations\cache-manager-core.ts
FN:21,setCacheValue
FN:29,getOrComputeValue
FN:34,getCacheValue
FN:49,(anonymous_3)
FN:70,(anonymous_4)
FN:77,(anonymous_5)
FN:101,(anonymous_6)
FN:120,(anonymous_7)
FN:132,(anonymous_8)
FN:146,(anonymous_9)
FN:153,(anonymous_10)
FN:165,(anonymous_11)
FN:176,getCacheManager
FN:190,(anonymous_13)
FN:214,(anonymous_14)
FN:238,(anonymous_15)
FN:258,(anonymous_16)
FN:278,(anonymous_17)
FN:297,(anonymous_18)
FN:315,(anonymous_19)
FN:320,(anonymous_20)
FN:347,(anonymous_21)
FN:352,(anonymous_22)
FN:370,(anonymous_23)
FNF:24
FNH:0
FNDA:0,setCacheValue
FNDA:0,getOrComputeValue
FNDA:0,getCacheValue
FNDA:0,(anonymous_3)
FNDA:0,(anonymous_4)
FNDA:0,(anonymous_5)
FNDA:0,(anonymous_6)
FNDA:0,(anonymous_7)
FNDA:0,(anonymous_8)
FNDA:0,(anonymous_9)
FNDA:0,(anonymous_10)
FNDA:0,(anonymous_11)
FNDA:0,getCacheManager
FNDA:0,(anonymous_13)
FNDA:0,(anonymous_14)
FNDA:0,(anonymous_15)
FNDA:0,(anonymous_16)
FNDA:0,(anonymous_17)
FNDA:0,(anonymous_18)
FNDA:0,(anonymous_19)
FNDA:0,(anonymous_20)
FNDA:0,(anonymous_21)
FNDA:0,(anonymous_22)
FNDA:0,(anonymous_23)
DA:18,1
DA:51,0
DA:52,0
DA:57,0
DA:58,0
DA:59,0
DA:62,0
DA:63,0
DA:71,0
DA:78,0
DA:79,0
DA:80,0
DA:81,0
DA:82,0
DA:84,0
DA:85,0
DA:86,0
DA:88,0
DA:91,0
DA:93,0
DA:94,0
DA:102,0
DA:103,0
DA:104,0
DA:106,0
DA:107,0
DA:108,0
DA:109,0
DA:110,0
DA:112,0
DA:113,0
DA:121,0
DA:122,0
DA:124,0
DA:125,0
DA:133,0
DA:134,0
DA:135,0
DA:136,0
DA:138,0
DA:139,0
DA:147,0
DA:158,0
DA:159,0
DA:171,1
DA:177,0
DA:178,0
DA:180,0
DA:186,1
DA:191,0
DA:192,0
DA:193,0
DA:195,0
DA:196,0
DA:198,0
DA:203,0
DA:205,0
DA:206,0
DA:207,0
DA:219,0
DA:220,0
DA:221,0
DA:223,0
DA:224,0
DA:226,0
DA:227,0
DA:229,0
DA:230,0
DA:231,0
DA:239,0
DA:240,0
DA:241,0
DA:243,0
DA:244,0
DA:246,0
DA:251,0
DA:259,0
DA:260,0
DA:261,0
DA:263,0
DA:264,0
DA:266,0
DA:271,0
DA:279,0
DA:280,0
DA:281,0
DA:283,0
DA:284,0
DA:286,0
DA:290,0
DA:298,0
DA:299,0
DA:301,0
DA:302,0
DA:304,0
DA:308,0
DA:316,0
DA:317,0
DA:320,0
DA:321,0
DA:322,0
DA:323,0
DA:326,0
DA:329,0
DA:330,0
DA:331,0
DA:334,0
DA:336,0
DA:340,0
DA:348,0
DA:349,0
DA:352,0
DA:353,0
DA:354,0
DA:357,0
DA:359,0
DA:363,0
DA:371,0
DA:372,0
LF:119
LH:3
BRDA:49,0,0,0
BRDA:62,1,0,0
BRDA:62,1,1,0
BRDA:70,2,0,0
BRDA:84,3,0,0
BRDA:84,3,1,0
BRDA:176,4,0,0
BRDA:177,5,0,0
BRDA:177,5,1,0
BRDA:199,6,0,0
BRDA:199,6,1,0
BRDA:370,7,0,0
BRF:12
BRH:0
end_of_record
TN:
SF:src\implementations\cache-manager-operations.ts
FN:21,(anonymous_0)
FN:31,(anonymous_1)
FN:46,(anonymous_2)
FN:83,(anonymous_3)
FN:90,(anonymous_4)
FN:103,(anonymous_5)
FN:110,(anonymous_6)
FN:123,(anonymous_7)
FN:130,(anonymous_8)
FN:143,(anonymous_9)
FN:152,(anonymous_10)
FN:175,(anonymous_11)
FN:182,(anonymous_12)
FN:184,(anonymous_13)
FN:199,(anonymous_14)
FN:207,(anonymous_15)
FN:217,(anonymous_16)
FN:221,(anonymous_17)
FN:237,(anonymous_18)
FN:260,(anonymous_19)
FN:290,(anonymous_20)
FN:314,(anonymous_21)
FNF:22
FNH:21
FNDA:26,(anonymous_0)
FNDA:33,(anonymous_1)
FNDA:33,(anonymous_2)
FNDA:13,(anonymous_3)
FNDA:13,(anonymous_4)
FNDA:2,(anonymous_5)
FNDA:2,(anonymous_6)
FNDA:2,(anonymous_7)
FNDA:2,(anonymous_8)
FNDA:5,(anonymous_9)
FNDA:5,(anonymous_10)
FNDA:2,(anonymous_11)
FNDA:2,(anonymous_12)
FNDA:5,(anonymous_13)
FNDA:3,(anonymous_14)
FNDA:3,(anonymous_15)
FNDA:5,(anonymous_16)
FNDA:0,(anonymous_17)
FNDA:5,(anonymous_18)
FNDA:4,(anonymous_19)
FNDA:5,(anonymous_20)
FNDA:14,(anonymous_21)
DA:14,26
DA:37,33
DA:38,15
DA:42,33
DA:46,33
DA:47,33
DA:51,33
DA:53,33
DA:55,33
DA:58,33
DA:59,32
DA:60,30
DA:63,30
DA:65,30
DA:68,3
DA:70,3
DA:71,3
DA:88,13
DA:90,13
DA:108,2
DA:110,2
DA:128,2
DA:130,2
DA:148,5
DA:150,5
DA:153,5
DA:154,5
DA:157,5
DA:158,3
DA:161,2
DA:180,2
DA:183,2
DA:184,5
DA:205,3
DA:208,3
DA:209,3
DA:211,3
DA:213,1
DA:217,5
DA:221,0
DA:224,1
DA:238,5
DA:239,5
DA:240,4
DA:243,1
DA:244,1
DA:245,2
DA:247,1
DA:249,1
DA:250,1
DA:268,4
DA:269,4
DA:270,3
DA:271,2
DA:274,1
DA:275,2
DA:278,1
DA:279,1
DA:294,5
DA:296,5
DA:297,5
DA:298,14
DA:299,12
DA:300,2
DA:304,3
DA:306,2
DA:307,2
DA:315,14
DA:317,2
DA:319,7
DA:320,7
DA:322,3
DA:323,2
DA:325,1
DA:327,1
LF:75
LH:74
BRDA:37,0,0,15
BRDA:37,0,1,18
BRDA:85,1,0,11
BRDA:90,2,0,13
BRDA:90,2,1,12
BRDA:105,3,0,1
BRDA:110,4,0,2
BRDA:110,4,1,0
BRDA:130,5,0,2
BRDA:130,5,1,1
BRDA:148,6,0,5
BRDA:148,6,1,2
BRDA:153,7,0,5
BRDA:153,7,1,3
BRDA:157,8,0,3
BRDA:157,8,1,2
BRDA:157,9,0,5
BRDA:157,9,1,3
BRDA:183,10,0,1
BRDA:183,10,1,1
BRDA:208,11,0,3
BRDA:208,11,1,0
BRDA:211,12,0,1
BRDA:211,12,1,1
BRDA:211,12,2,0
BRDA:211,12,3,1
BRDA:239,13,0,4
BRDA:239,13,1,1
BRDA:269,14,0,3
BRDA:269,14,1,1
BRDA:299,15,0,2
BRDA:299,15,1,10
BRDA:315,16,0,2
BRDA:315,16,1,7
BRDA:315,16,2,3
BRDA:315,16,3,1
BRDA:315,16,4,1
BRF:37
BRH:34
end_of_record
TN:
SF:src\implementations\cache-manager-stats.ts
FN:19,(anonymous_0)
FN:25,(anonymous_1)
FN:92,(anonymous_2)
FNF:3
FNH:0
FNDA:0,(anonymous_0)
FNDA:0,(anonymous_1)
FNDA:0,(anonymous_2)
DA:20,0
DA:21,0
DA:24,0
DA:26,0
DA:28,0
DA:29,0
DA:30,0
DA:33,0
DA:44,0
DA:46,0
DA:61,0
DA:64,0
DA:65,0
DA:69,0
DA:71,0
DA:72,0
DA:74,0
DA:76,0
DA:77,0
DA:81,0
DA:95,0
DA:105,0
DA:106,0
DA:107,0
DA:108,0
DA:109,0
DA:110,0
DA:113,0
DA:114,0
DA:118,0
LF:30
LH:0
BRDA:28,0,0,0
BRDA:28,0,1,0
BRDA:76,1,0,0
BRDA:76,1,1,0
BRDA:106,2,0,0
BRDA:106,2,1,0
BRDA:107,3,0,0
BRDA:107,3,1,0
BRDA:108,4,0,0
BRDA:108,4,1,0
BRDA:109,5,0,0
BRDA:109,5,1,0
BRDA:110,6,0,0
BRDA:110,6,1,0
BRDA:113,7,0,0
BRDA:113,7,1,0
BRDA:113,8,0,0
BRDA:113,8,1,0
BRF:18
BRH:0
end_of_record
TN:
SF:src\implementations\cache-manager-utils.ts
FN:15,createCacheKey
FN:38,mergeCacheOptions
FN:59,calculateExpiration
FN:73,isExpired
FN:88,formatCacheSize
FN:105,parseDuration
FN:131,createKeyPattern
FN:144,batchOperations
FN:173,(anonymous_8)
FN:195,(anonymous_9)
FN:214,debounce
FN:220,(anonymous_11)
FN:225,(anonymous_12)
FN:239,throttle
FN:246,(anonymous_14)
FN:256,(anonymous_15)
FNF:16
FNH:15
FNDA:3,createCacheKey
FNDA:2,mergeCacheOptions
FNDA:3,calculateExpiration
FNDA:3,isExpired
FNDA:4,formatCacheSize
FNDA:5,parseDuration
FNDA:2,createKeyPattern
FNDA:1,batchOperations
FNDA:5,(anonymous_8)
FNDA:0,(anonymous_9)
FNDA:1,debounce
FNDA:3,(anonymous_11)
FNDA:1,(anonymous_12)
FNDA:1,throttle
FNDA:4,(anonymous_14)
FNDA:1,(anonymous_15)
DA:16,3
DA:20,3
DA:21,1
DA:23,2
DA:26,3
DA:42,2
DA:60,3
DA:61,2
DA:64,1
DA:74,3
DA:75,1
DA:78,2
DA:89,4
DA:91,4
DA:92,4
DA:93,4
DA:96,4
DA:106,5
DA:108,5
DA:109,1
DA:112,4
DA:113,4
DA:115,4
DA:116,1
DA:117,1
DA:118,1
DA:119,1
DA:120,0
DA:132,2
DA:133,2
DA:161,1
DA:163,1
DA:164,1
DA:165,1
DA:168,1
DA:169,3
DA:172,3
DA:174,5
DA:177,5
DA:178,5
DA:179,5
DA:182,5
DA:183,5
DA:184,5
DA:187,5
DA:189,0
DA:191,0
DA:195,0
DA:201,3
DA:204,1
DA:218,1
DA:220,1
DA:221,3
DA:222,2
DA:225,3
DA:226,1
DA:227,1
DA:243,1
DA:244,1
DA:246,1
DA:247,4
DA:248,4
DA:250,4
DA:252,1
DA:253,1
DA:254,3
DA:256,2
DA:257,1
DA:258,1
DA:259,1
LF:70
LH:66
BRDA:20,0,0,1
BRDA:20,0,1,2
BRDA:26,1,0,1
BRDA:26,1,1,2
BRDA:39,2,0,1
BRDA:40,3,0,0
BRDA:47,4,0,2
BRDA:47,4,1,0
BRDA:48,5,0,2
BRDA:48,5,1,1
BRDA:60,6,0,2
BRDA:60,6,1,1
BRDA:60,7,0,3
BRDA:60,7,1,1
BRDA:74,8,0,1
BRDA:74,8,1,2
BRDA:88,9,0,4
BRDA:89,10,0,0
BRDA:89,10,1,4
BRDA:108,11,0,1
BRDA:108,11,1,4
BRDA:115,12,0,1
BRDA:115,12,1,1
BRDA:115,12,2,1
BRDA:115,12,3,1
BRDA:115,12,4,0
BRDA:147,13,0,0
BRDA:156,14,0,0
BRDA:157,15,0,1
BRDA:158,16,0,1
BRDA:159,17,0,1
BRDA:183,18,0,5
BRDA:183,18,1,0
BRDA:189,19,0,0
BRDA:189,19,1,0
BRDA:221,20,0,2
BRDA:221,20,1,1
BRDA:250,21,0,1
BRDA:250,21,1,3
BRDA:254,22,0,2
BRDA:254,22,1,1
BRF:41
BRH:32
end_of_record
TN:
SF:src\implementations\cache-manager.ts
FN:24,(anonymous_0)
FN:31,(anonymous_1)
FN:50,(anonymous_2)
FN:65,(anonymous_3)
FN:87,(anonymous_4)
FN:102,(anonymous_5)
FN:119,(anonymous_6)
FN:127,(anonymous_7)
FN:161,(anonymous_8)
FN:166,(anonymous_9)
FN:170,(anonymous_10)
FN:179,(anonymous_11)
FN:204,(anonymous_12)
FN:229,(anonymous_13)
FN:262,(anonymous_14)
FN:292,(anonymous_15)
FNF:16
FNH:13
FNDA:10,(anonymous_0)
FNDA:15,(anonymous_1)
FNDA:11,(anonymous_2)
FNDA:3,(anonymous_3)
FNDA:1,(anonymous_4)
FNDA:0,(anonymous_5)
FNDA:10,(anonymous_6)
FNDA:4,(anonymous_7)
FNDA:1,(anonymous_8)
FNDA:2,(anonymous_9)
FNDA:1,(anonymous_10)
FNDA:1,(anonymous_11)
FNDA:0,(anonymous_12)
FNDA:1,(anonymous_13)
FNDA:1,(anonymous_14)
FNDA:0,(anonymous_15)
DA:17,10
DA:18,10
DA:19,10
DA:25,10
DA:32,15
DA:33,15
DA:34,15
DA:35,15
DA:36,6
DA:37,6
DA:40,9
DA:42,0
DA:43,0
DA:51,11
DA:52,11
DA:53,11
DA:55,11
DA:57,0
DA:58,0
DA:66,3
DA:67,3
DA:68,3
DA:69,3
DA:70,3
DA:73,3
DA:74,3
DA:77,3
DA:79,0
DA:80,0
DA:88,1
DA:89,1
DA:90,1
DA:93,1
DA:95,0
DA:103,0
DA:104,0
DA:105,0
DA:106,0
DA:109,0
DA:111,0
DA:112,0
DA:120,10
DA:121,10
DA:132,4
DA:134,4
DA:135,4
DA:136,2
DA:140,2
DA:141,2
DA:144,2
DA:145,2
DA:147,2
DA:149,0
DA:150,0
DA:154,0
DA:166,1
DA:167,2
DA:168,2
DA:170,1
DA:180,1
DA:181,1
DA:183,1
DA:184,1
DA:185,2
DA:186,2
DA:189,1
DA:194,1
DA:196,0
DA:197,0
DA:205,0
DA:206,0
DA:208,0
DA:209,0
DA:210,0
DA:211,0
DA:214,0
DA:219,0
DA:221,0
DA:222,0
DA:230,1
DA:232,1
DA:234,1
DA:235,1
DA:236,1
DA:240,0
DA:241,0
DA:244,0
DA:246,0
DA:249,0
DA:250,0
DA:251,0
DA:255,0
DA:263,1
DA:264,1
DA:267,1
DA:268,1
DA:269,1
DA:272,1
DA:273,3
DA:276,1
DA:280,0
DA:281,0
DA:284,0
DA:285,0
DA:293,0
DA:294,0
DA:300,0
DA:301,0
DA:302,0
DA:306,0
DA:307,0
DA:309,0
DA:310,0
LF:113
LH:63
BRDA:24,0,0,10
BRDA:35,1,0,6
BRDA:35,1,1,9
BRDA:55,2,0,11
BRDA:55,2,1,8
BRDA:70,3,0,3
BRDA:70,3,1,3
BRDA:73,4,0,3
BRDA:73,4,1,0
BRDA:105,5,0,0
BRDA:105,5,1,0
BRDA:135,6,0,2
BRDA:135,6,1,2
BRDA:186,7,0,2
BRDA:186,7,1,0
BRDA:211,8,0,0
BRDA:211,8,1,0
BRDA:235,9,0,1
BRDA:235,9,1,0
BRDA:235,10,0,1
BRDA:235,10,1,1
BRDA:250,11,0,0
BRDA:250,11,1,0
BRDA:268,12,0,1
BRDA:268,12,1,0
BRDA:268,13,0,1
BRDA:268,13,1,1
BRDA:273,14,0,3
BRDA:273,14,1,0
BRDA:301,15,0,0
BRDA:301,15,1,0
BRF:31
BRH:18
end_of_record
TN:
SF:src\implementations\cache-metadata-manager.ts
FN:29,(anonymous_0)
FN:48,(anonymous_1)
FN:64,(anonymous_2)
FN:80,(anonymous_3)
FN:91,(anonymous_4)
FN:98,(anonymous_5)
FN:103,(anonymous_6)
FN:115,(anonymous_7)
FN:127,(anonymous_8)
FN:134,(anonymous_9)
FN:137,(anonymous_10)
FN:147,(anonymous_11)
FN:149,(anonymous_12)
FN:155,(anonymous_13)
FN:162,(anonymous_14)
FN:169,(anonymous_15)
FN:183,(anonymous_16)
FN:192,(anonymous_17)
FN:207,(anonymous_18)
FN:222,(anonymous_19)
FN:227,(anonymous_20)
FN:238,(anonymous_21)
FNF:22
FNH:0
FNDA:0,(anonymous_0)
FNDA:0,(anonymous_1)
FNDA:0,(anonymous_2)
FNDA:0,(anonymous_3)
FNDA:0,(anonymous_4)
FNDA:0,(anonymous_5)
FNDA:0,(anonymous_6)
FNDA:0,(anonymous_7)
FNDA:0,(anonymous_8)
FNDA:0,(anonymous_9)
FNDA:0,(anonymous_10)
FNDA:0,(anonymous_11)
FNDA:0,(anonymous_12)
FNDA:0,(anonymous_13)
FNDA:0,(anonymous_14)
FNDA:0,(anonymous_15)
FNDA:0,(anonymous_16)
FNDA:0,(anonymous_17)
FNDA:0,(anonymous_18)
FNDA:0,(anonymous_19)
FNDA:0,(anonymous_20)
FNDA:0,(anonymous_21)
DA:17,0
DA:20,0
DA:23,0
DA:24,0
DA:30,0
DA:31,0
DA:33,0
DA:45,0
DA:48,0
DA:49,0
DA:50,0
DA:52,0
DA:55,0
DA:65,0
DA:66,0
DA:69,0
DA:70,0
DA:71,0
DA:74,0
DA:81,0
DA:82,0
DA:85,0
DA:86,0
DA:89,0
DA:91,0
DA:99,0
DA:100,0
DA:103,0
DA:104,0
DA:105,0
DA:106,0
DA:107,0
DA:108,0
DA:114,0
DA:115,0
DA:117,0
DA:121,0
DA:128,0
DA:135,0
DA:136,0
DA:137,0
DA:140,0
DA:148,0
DA:149,0
DA:156,0
DA:163,0
DA:180,0
DA:181,0
DA:183,0
DA:184,0
DA:185,0
DA:192,0
DA:194,0
DA:208,0
DA:209,0
DA:210,0
DA:211,0
DA:213,0
DA:223,0
DA:224,0
DA:225,0
DA:227,0
DA:228,0
DA:229,0
DA:230,0
DA:231,0
DA:235,0
DA:236,0
DA:238,0
DA:247,0
LF:70
LH:0
BRDA:35,0,0,0
BRDA:35,0,1,0
BRDA:37,1,0,0
BRDA:37,1,1,0
BRDA:38,2,0,0
BRDA:38,2,1,0
BRDA:38,3,0,0
BRDA:38,3,1,0
BRDA:49,4,0,0
BRDA:49,4,1,0
BRDA:66,5,0,0
BRDA:66,5,1,0
BRDA:69,6,0,0
BRDA:69,6,1,0
BRDA:69,7,0,0
BRDA:69,7,1,0
BRDA:82,8,0,0
BRDA:82,8,1,0
BRDA:100,9,0,0
BRDA:100,9,1,0
BRDA:105,10,0,0
BRDA:105,10,1,0
BRDA:107,11,0,0
BRDA:107,11,1,0
BRDA:128,12,0,0
BRDA:128,12,1,0
BRDA:162,13,0,0
BRDA:228,14,0,0
BRDA:228,14,1,0
BRDA:228,15,0,0
BRDA:228,15,1,0
BRDA:235,16,0,0
BRDA:235,16,1,0
BRF:33
BRH:0
end_of_record
TN:
SF:src\implementations\cache-providers.ts
FN:29,(anonymous_0)
FN:60,(anonymous_1)
FN:62,(anonymous_2)
FN:68,(anonymous_3)
FN:87,(anonymous_4)
FN:88,(anonymous_5)
FN:102,(anonymous_6)
FN:104,(anonymous_7)
FN:120,(anonymous_8)
FN:121,(anonymous_9)
FN:135,(anonymous_10)
FN:158,(anonymous_11)
FN:166,(anonymous_12)
FN:178,(anonymous_13)
FN:187,(anonymous_14)
FN:197,(anonymous_15)
FNF:16
FNH:0
FNDA:0,(anonymous_0)
FNDA:0,(anonymous_1)
FNDA:0,(anonymous_2)
FNDA:0,(anonymous_3)
FNDA:0,(anonymous_4)
FNDA:0,(anonymous_5)
FNDA:0,(anonymous_6)
FNDA:0,(anonymous_7)
FNDA:0,(anonymous_8)
FNDA:0,(anonymous_9)
FNDA:0,(anonymous_10)
FNDA:0,(anonymous_11)
FNDA:0,(anonymous_12)
FNDA:0,(anonymous_13)
FNDA:0,(anonymous_14)
FNDA:0,(anonymous_15)
DA:23,0
DA:24,0
DA:34,0
DA:50,0
DA:51,0
DA:53,0
DA:61,0
DA:62,0
DA:69,0
DA:70,0
DA:71,0
DA:72,0
DA:73,0
DA:74,0
DA:76,0
DA:78,0
DA:81,0
DA:88,0
DA:89,0
DA:90,0
DA:92,0
DA:96,0
DA:103,0
DA:104,0
DA:105,0
DA:106,0
DA:107,0
DA:109,0
DA:113,0
DA:114,0
DA:121,0
DA:122,0
DA:123,0
DA:125,0
DA:129,0
DA:136,0
DA:138,0
DA:139,0
DA:140,0
DA:141,0
DA:147,0
DA:148,0
DA:152,0
DA:159,0
DA:167,0
DA:168,0
DA:170,0
DA:176,0
DA:177,0
DA:178,0
DA:180,0
DA:188,0
DA:189,0
DA:190,0
DA:202,0
DA:204,0
DA:205,0
DA:213,0
LF:58
LH:0
BRDA:32,0,0,0
BRDA:72,1,0,0
BRDA:72,1,1,0
BRDA:107,2,0,0
BRDA:107,2,1,0
BRDA:159,3,0,0
BRDA:159,3,1,0
BRDA:176,4,0,0
BRDA:176,4,1,0
BRDA:206,5,0,0
BRDA:206,5,1,0
BRDA:207,6,0,0
BRDA:207,6,1,0
BRF:13
BRH:0
end_of_record
TN:
SF:src\implementations\cache-statistics.ts
FN:58,(anonymous_0)
FN:65,(anonymous_1)
FN:74,(anonymous_2)
FN:83,(anonymous_3)
FN:93,(anonymous_4)
FN:103,(anonymous_5)
FN:111,(anonymous_6)
FN:125,(anonymous_7)
FN:140,(anonymous_8)
FN:158,(anonymous_9)
FN:167,(anonymous_10)
FN:183,(anonymous_11)
FN:184,(anonymous_12)
FN:205,(anonymous_13)
FN:221,(anonymous_14)
FN:236,(anonymous_15)
FN:247,(anonymous_16)
FN:270,(anonymous_17)
FNF:18
FNH:0
FNDA:0,(anonymous_0)
FNDA:0,(anonymous_1)
FNDA:0,(anonymous_2)
FNDA:0,(anonymous_3)
FNDA:0,(anonymous_4)
FNDA:0,(anonymous_5)
FNDA:0,(anonymous_6)
FNDA:0,(anonymous_7)
FNDA:0,(anonymous_8)
FNDA:0,(anonymous_9)
FNDA:0,(anonymous_10)
FNDA:0,(anonymous_11)
FNDA:0,(anonymous_12)
FNDA:0,(anonymous_13)
FNDA:0,(anonymous_14)
FNDA:0,(anonymous_15)
FNDA:0,(anonymous_16)
FNDA:0,(anonymous_17)
DA:24,0
DA:35,0
DA:47,0
DA:54,0
DA:55,0
DA:56,0
DA:59,0
DA:66,0
DA:67,0
DA:68,0
DA:75,0
DA:76,0
DA:77,0
DA:84,0
DA:85,0
DA:86,0
DA:87,0
DA:94,0
DA:95,0
DA:96,0
DA:97,0
DA:104,0
DA:105,0
DA:112,0
DA:113,0
DA:115,0
DA:116,0
DA:117,0
DA:118,0
DA:119,0
DA:135,0
DA:136,0
DA:137,0
DA:139,0
DA:140,0
DA:141,0
DA:146,0
DA:165,0
DA:167,0
DA:168,0
DA:177,0
DA:184,0
DA:185,0
DA:186,0
DA:187,0
DA:190,0
DA:191,0
DA:192,0
DA:197,0
DA:198,0
DA:210,0
DA:213,0
DA:214,0
DA:222,0
DA:224,0
DA:237,0
DA:247,0
DA:248,0
DA:249,0
DA:250,0
DA:251,0
DA:252,0
DA:255,0
DA:261,0
DA:271,0
DA:272,0
DA:273,0
LF:67
LH:0
BRDA:113,0,0,0
BRDA:113,0,1,0
BRDA:136,1,0,0
BRDA:136,1,1,0
BRDA:137,2,0,0
BRDA:137,2,1,0
BRDA:141,3,0,0
BRDA:141,3,1,0
BRDA:170,4,0,0
BRDA:170,4,1,0
BRDA:171,5,0,0
BRDA:171,5,1,0
BRDA:187,6,0,0
BRDA:187,6,1,0
BRDA:197,7,0,0
BRDA:197,7,1,0
BRDA:213,8,0,0
BRDA:213,8,1,0
BRDA:271,9,0,0
BRDA:271,9,1,0
BRF:20
BRH:0
end_of_record
TN:
SF:src\implementations\index.ts
FN:21,createCacheManager
FN:26,(anonymous_1)
FNF:2
FNH:0
FNDA:0,createCacheManager
FNDA:0,(anonymous_1)
DA:22,0
DA:27,0
LF:2
LH:0
BRF:0
BRH:0
end_of_record
TN:
SF:src\implementations\adapters\MemoryStorageAdapter.ts
FN:52,(anonymous_0)
FN:62,(anonymous_1)
FN:109,(anonymous_2)
FN:185,(anonymous_3)
FN:208,(anonymous_4)
FN:216,(anonymous_5)
FN:234,(anonymous_6)
FN:247,(anonymous_7)
FN:261,(anonymous_8)
FN:289,(anonymous_9)
FN:308,(anonymous_10)
FN:319,(anonymous_11)
FN:347,(anonymous_12)
FN:362,(anonymous_13)
FN:374,(anonymous_14)
FNF:15
FNH:14
FNDA:10,(anonymous_0)
FNDA:18,(anonymous_1)
FNDA:115,(anonymous_2)
FNDA:3,(anonymous_3)
FNDA:0,(anonymous_4)
FNDA:1,(anonymous_5)
FNDA:1,(anonymous_6)
FNDA:1,(anonymous_7)
FNDA:1,(anonymous_8)
FNDA:3,(anonymous_9)
FNDA:234,(anonymous_10)
FNDA:114,(anonymous_11)
FNDA:115,(anonymous_12)
FNDA:1,(anonymous_13)
FNDA:1,(anonymous_14)
DA:35,10
DA:36,10
DA:37,10
DA:53,10
DA:54,10
DA:55,10
DA:56,10
DA:63,18
DA:64,18
DA:65,18
DA:67,18
DA:68,7
DA:69,7
DA:73,11
DA:74,1
DA:75,1
DA:76,1
DA:77,1
DA:80,10
DA:83,10
DA:84,10
DA:88,10
DA:89,1
DA:90,1
DA:91,1
DA:95,1
DA:99,9
DA:101,0
DA:102,0
DA:115,115
DA:116,115
DA:119,115
DA:121,115
DA:123,115
DA:126,115
DA:127,1
DA:130,1
DA:131,1
DA:132,1
DA:134,1
DA:135,1
DA:136,1
DA:137,1
DA:138,1
DA:140,0
DA:143,0
DA:145,0
DA:148,0
DA:151,114
DA:155,115
DA:158,115
DA:167,115
DA:168,115
DA:171,115
DA:177,0
DA:178,0
DA:186,3
DA:187,3
DA:189,3
DA:190,3
DA:191,3
DA:192,3
DA:193,3
DA:195,3
DA:198,3
DA:200,0
DA:201,0
DA:209,0
DA:210,0
DA:217,1
DA:218,1
DA:219,1
DA:220,1
DA:223,1
DA:225,1
DA:227,0
DA:235,1
DA:237,1
DA:238,4
DA:241,1
DA:253,1
DA:254,3
DA:262,1
DA:265,1
DA:266,1
DA:267,3
DA:268,2
DA:273,1
DA:274,2
DA:275,2
DA:278,1
DA:283,1
DA:296,3
DA:309,234
DA:310,234
DA:311,10033
DA:313,234
DA:320,114
DA:321,0
DA:324,114
DA:325,113
DA:328,1
DA:329,0
DA:332,1
DA:333,0
DA:336,1
DA:337,1
DA:338,1
DA:340,0
DA:349,115
DA:350,0
DA:354,115
DA:355,1
DA:363,1
DA:364,1
DA:366,1
DA:367,1
DA:368,1
DA:369,1
DA:373,1
DA:374,1
DA:376,1
LF:122
LH:104
BRDA:52,0,0,0
BRDA:53,1,0,10
BRDA:53,1,1,0
BRDA:54,2,0,10
BRDA:54,2,1,10
BRDA:55,3,0,10
BRDA:55,3,1,0
BRDA:67,4,0,7
BRDA:67,4,1,11
BRDA:73,5,0,1
BRDA:73,5,1,10
BRDA:73,6,0,11
BRDA:73,6,1,11
BRDA:83,7,0,10
BRDA:83,7,1,0
BRDA:83,8,0,10
BRDA:83,8,1,10
BRDA:88,9,0,1
BRDA:88,9,1,9
BRDA:88,10,0,10
BRDA:88,10,1,1
BRDA:91,11,0,1
BRDA:91,11,1,0
BRDA:116,12,0,1
BRDA:116,12,1,114
BRDA:126,13,0,1
BRDA:126,13,1,114
BRDA:127,14,0,1
BRDA:127,14,1,0
BRDA:130,15,0,1
BRDA:130,15,1,0
BRDA:130,16,0,1
BRDA:130,16,1,0
BRDA:130,16,2,0
BRDA:132,17,0,1
BRDA:132,17,1,0
BRDA:134,18,0,1
BRDA:134,18,1,0
BRDA:159,19,0,115
BRDA:159,19,1,112
BRDA:161,20,0,115
BRDA:161,20,1,0
BRDA:189,21,0,3
BRDA:189,21,1,0
BRDA:267,22,0,2
BRDA:267,22,1,1
BRDA:275,23,0,2
BRDA:275,23,1,0
BRDA:320,24,0,0
BRDA:320,24,1,114
BRDA:320,25,0,114
BRDA:320,25,1,114
BRDA:324,26,0,113
BRDA:324,26,1,1
BRDA:328,27,0,0
BRDA:328,27,1,1
BRDA:328,28,0,1
BRDA:328,28,1,1
BRDA:332,29,0,0
BRDA:332,29,1,1
BRDA:349,30,0,0
BRDA:349,30,1,115
BRDA:354,31,0,116
BRDA:354,31,1,1
BRDA:367,32,0,1
BRDA:367,32,1,0
BRDA:373,33,0,1
BRDA:373,33,1,0
BRF:68
BRH:48
end_of_record
TN:
SF:src\utils\compression-utils.ts
FN:40,isCompressed
FN:59,compressData
FN:93,decompressData
FN:136,compressionRatio
FN:148,shouldCompress
FN:159,estimateCompressedSize
FNF:6
FNH:3
FNDA:2,isCompressed
FNDA:1,compressData
FNDA:1,decompressData
FNDA:0,compressionRatio
FNDA:0,shouldCompress
FNDA:0,estimateCompressedSize
DA:9,1
DA:10,1
DA:11,1
DA:12,1
DA:17,1
DA:41,2
DA:42,0
DA:46,2
DA:64,1
DA:65,1
DA:68,1
DA:69,0
DA:72,1
DA:74,1
DA:75,1
DA:77,0
DA:80,0
DA:81,0
DA:98,1
DA:99,1
DA:102,1
DA:103,0
DA:106,1
DA:109,1
DA:111,1
DA:112,1
DA:114,0
DA:116,0
DA:117,0
DA:119,0
DA:122,1
DA:124,0
DA:125,0
DA:137,0
DA:138,0
DA:149,0
DA:160,0
LF:37
LH:21
BRDA:41,0,0,0
BRDA:41,0,1,2
BRDA:46,1,0,2
BRDA:46,1,1,2
BRDA:46,1,2,1
BRDA:61,2,0,1
BRDA:62,3,0,1
BRDA:65,4,0,0
BRDA:65,4,1,1
BRDA:68,5,0,0
BRDA:68,5,1,1
BRDA:72,6,0,1
BRDA:72,7,0,1
BRDA:74,8,0,1
BRDA:74,8,1,0
BRDA:95,9,0,0
BRDA:96,10,0,1
BRDA:99,11,0,1
BRDA:99,11,1,0
BRDA:102,12,0,0
BRDA:102,12,1,1
BRDA:103,13,0,0
BRDA:103,13,1,0
BRDA:106,14,0,1
BRDA:109,15,0,1
BRDA:109,15,1,0
BRDA:111,16,0,1
BRDA:111,16,1,0
BRDA:111,17,0,1
BRDA:111,17,1,1
BRDA:116,18,0,0
BRDA:116,18,1,0
BRDA:122,19,0,1
BRDA:122,19,1,0
BRDA:137,20,0,0
BRDA:137,20,1,0
BRDA:148,21,0,0
BRDA:159,22,0,0
BRF:38
BRH:20
end_of_record
TN:
SF:src\utils\error-utils.ts
FN:59,(anonymous_0)
FN:89,(anonymous_1)
FN:114,(anonymous_2)
FN:133,createCacheError
FN:174,formatErrorMessage
FN:207,isCacheError
FN:217,logCacheError
FN:250,handleCacheError
FN:342,(anonymous_8)
FN:445,ensureError
FNF:10
FNH:6
FNDA:27,(anonymous_0)
FNDA:0,(anonymous_1)
FNDA:0,(anonymous_2)
FNDA:26,createCacheError
FNDA:4,formatErrorMessage
FNDA:5,isCacheError
FNDA:2,logCacheError
FNDA:22,handleCacheError
FNDA:0,(anonymous_8)
FNDA:0,ensureError
DA:66,27
DA:67,27
DA:68,27
DA:69,27
DA:70,27
DA:71,27
DA:74,27
DA:95,0
DA:96,0
DA:99,0
DA:119,0
DA:120,0
DA:123,0
DA:140,26
DA:143,26
DA:159,26
DA:180,4
DA:182,4
DA:184,4
DA:185,2
DA:188,4
DA:189,2
DA:192,4
DA:193,1
DA:196,4
DA:198,4
DA:208,5
DA:218,2
DA:225,2
DA:232,2
DA:233,0
DA:235,2
DA:240,4
DA:272,22
DA:277,22
DA:278,0
DA:281,22
DA:284,22
DA:285,21
DA:287,21
DA:288,17
DA:289,4
DA:290,1
DA:293,21
DA:294,1
DA:295,20
DA:296,1
DA:297,19
DA:298,1
DA:304,22
DA:305,2
DA:306,2
DA:307,20
DA:308,1
DA:309,19
DA:310,18
DA:313,18
DA:314,2
DA:315,2
DA:317,2
DA:318,3
DA:319,3
DA:322,2
DA:323,2
DA:326,1
DA:328,1
DA:329,1
DA:331,1
DA:332,0
DA:333,1
DA:334,0
DA:335,1
DA:336,1
DA:339,0
DA:340,0
DA:342,0
DA:346,0
DA:349,0
DA:352,22
DA:362,22
DA:363,21
DA:364,1
DA:366,20
DA:371,22
DA:372,22
DA:381,22
DA:383,0
DA:384,0
DA:386,0
DA:387,0
DA:390,0
DA:393,0
DA:394,0
DA:397,0
DA:398,0
DA:401,0
DA:402,0
DA:410,0
DA:413,0
DA:414,0
DA:423,0
DA:424,0
DA:427,0
DA:432,22
DA:433,1
DA:436,21
DA:446,0
DA:447,0
DA:450,0
LF:109
LH:74
BRDA:161,0,0,26
BRDA:161,0,1,1
BRDA:184,1,0,2
BRDA:184,1,1,2
BRDA:188,2,0,2
BRDA:188,2,1,2
BRDA:192,3,0,1
BRDA:192,3,1,3
BRDA:217,4,0,2
BRDA:218,5,0,1
BRDA:218,5,1,1
BRDA:222,6,0,1
BRDA:222,6,1,0
BRDA:232,7,0,0
BRDA:232,7,1,2
BRDA:253,8,0,17
BRDA:265,9,0,20
BRDA:266,10,0,21
BRDA:267,11,0,21
BRDA:269,12,0,22
BRDA:270,13,0,22
BRDA:271,14,0,22
BRDA:277,15,0,0
BRDA:277,15,1,22
BRDA:281,16,0,22
BRDA:281,16,1,21
BRDA:284,17,0,21
BRDA:284,17,1,1
BRDA:287,18,0,17
BRDA:287,18,1,4
BRDA:289,19,0,1
BRDA:289,19,1,3
BRDA:293,20,0,1
BRDA:293,20,1,20
BRDA:295,21,0,1
BRDA:295,21,1,19
BRDA:295,22,0,20
BRDA:295,22,1,19
BRDA:297,23,0,1
BRDA:297,23,1,18
BRDA:297,24,0,19
BRDA:297,24,1,1
BRDA:304,25,0,2
BRDA:304,25,1,20
BRDA:304,26,0,22
BRDA:304,26,1,21
BRDA:307,27,0,1
BRDA:307,27,1,19
BRDA:309,28,0,18
BRDA:309,28,1,1
BRDA:313,29,0,2
BRDA:313,29,1,16
BRDA:313,30,0,18
BRDA:313,30,1,2
BRDA:318,31,0,3
BRDA:318,31,1,0
BRDA:322,32,0,2
BRDA:322,32,1,0
BRDA:326,33,0,1
BRDA:326,33,1,0
BRDA:326,34,0,1
BRDA:326,34,1,1
BRDA:331,35,0,0
BRDA:331,35,1,1
BRDA:333,36,0,0
BRDA:333,36,1,1
BRDA:335,37,0,1
BRDA:335,37,1,0
BRDA:362,38,0,21
BRDA:362,38,1,1
BRDA:363,39,0,1
BRDA:363,39,1,20
BRDA:371,40,0,22
BRDA:371,40,1,0
BRDA:381,41,0,0
BRDA:381,41,1,22
BRDA:383,42,0,0
BRDA:383,42,1,0
BRDA:386,43,0,0
BRDA:386,43,1,0
BRDA:393,44,0,0
BRDA:393,44,1,0
BRDA:401,45,0,0
BRDA:401,45,1,0
BRDA:413,46,0,0
BRDA:413,46,1,0
BRDA:423,47,0,0
BRDA:423,47,1,0
BRDA:432,48,0,1
BRDA:432,48,1,21
BRDA:446,49,0,0
BRDA:446,49,1,0
BRF:92
BRH:67
end_of_record
TN:
SF:src\utils\key-utils.ts
FN:34,generateKey
FN:42,(anonymous_1)
FN:63,generateFunctionKey
FN:84,generateQueryKey
FN:109,parseKey
FN:135,createKeyPrefix
FN:149,createKeyPattern
FN:186,keyMatchesPattern
FN:201,normalizeKey
FN:218,generateUniqueKey
FN:234,extractTimestamp
FNF:11
FNH:11
FNDA:3,generateKey
FNDA:3,(anonymous_1)
FNDA:2,generateFunctionKey
FNDA:2,generateQueryKey
FNDA:2,parseKey
FNDA:1,createKeyPrefix
FNDA:7,createKeyPattern
FNDA:4,keyMatchesPattern
FNDA:12,normalizeKey
FNDA:2,generateUniqueKey
FNDA:3,extractTimestamp
DA:9,1
DA:10,1
DA:11,1
DA:14,1
DA:15,1
DA:36,3
DA:37,1
DA:41,2
DA:43,3
DA:48,2
DA:68,2
DA:69,2
DA:70,2
DA:88,2
DA:113,2
DA:114,2
DA:115,1
DA:118,1
DA:136,1
DA:151,7
DA:152,7
DA:153,5
DA:157,2
DA:161,2
DA:164,2
DA:165,0
DA:166,0
DA:167,0
DA:170,2
DA:172,2
DA:187,4
DA:188,4
DA:202,12
DA:219,2
DA:220,2
DA:221,2
DA:235,3
DA:236,3
DA:238,2
DA:239,2
DA:243,1
LF:41
LH:38
BRDA:36,0,0,1
BRDA:36,0,1,2
BRDA:43,1,0,1
BRDA:43,1,1,2
BRDA:69,2,0,1
BRDA:69,2,1,1
BRDA:88,3,0,1
BRDA:88,3,1,1
BRDA:114,4,0,1
BRDA:114,4,1,1
BRDA:152,5,0,5
BRDA:152,5,1,2
BRDA:164,6,0,0
BRDA:164,6,1,2
BRDA:166,7,0,0
BRDA:166,7,1,0
BRDA:236,8,0,1
BRDA:236,8,1,2
BRDA:239,9,0,1
BRDA:239,9,1,1
BRF:20
BRH:17
end_of_record
TN:
SF:src\utils\validation-utils.ts
FN:14,validateCacheKey
FN:34,validateCacheOptions
FN:104,validateValueSize
FN:141,validateBatch
FN:157,validatePattern
FNF:5
FNH:5
FNDA:8,validateCacheKey
FNDA:14,validateCacheOptions
FNDA:8,validateValueSize
FNDA:4,validateBatch
FNDA:5,validatePattern
DA:15,8
DA:16,3
DA:19,5
DA:20,1
DA:23,4
DA:24,1
DA:35,14
DA:36,1
DA:40,13
DA:41,4
DA:42,1
DA:45,3
DA:46,1
DA:49,2
DA:50,0
DA:53,2
DA:54,1
DA:59,10
DA:60,4
DA:61,1
DA:64,3
DA:65,4
DA:66,1
DA:69,3
DA:70,1
DA:76,7
DA:77,4
DA:78,1
DA:81,3
DA:82,2
DA:87,4
DA:88,3
DA:89,1
DA:92,2
DA:93,1
DA:106,8
DA:110,4
DA:113,4
DA:115,4
DA:116,3
DA:118,2
DA:119,1
DA:126,3
DA:127,1
DA:142,4
DA:143,1
DA:146,3
DA:147,1
DA:158,5
DA:159,1
DA:162,4
DA:163,1
DA:167,3
DA:168,3
DA:170,1
LF:55
LH:54
BRDA:15,0,0,3
BRDA:15,0,1,5
BRDA:19,1,0,1
BRDA:19,1,1,4
BRDA:23,2,0,1
BRDA:23,2,1,3
BRDA:35,3,0,1
BRDA:35,3,1,13
BRDA:40,4,0,4
BRDA:40,4,1,9
BRDA:41,5,0,1
BRDA:41,5,1,3
BRDA:45,6,0,1
BRDA:45,6,1,2
BRDA:49,7,0,0
BRDA:49,7,1,2
BRDA:49,8,0,2
BRDA:49,8,1,2
BRDA:53,9,0,1
BRDA:53,9,1,1
BRDA:59,10,0,4
BRDA:59,10,1,6
BRDA:60,11,0,1
BRDA:60,11,1,3
BRDA:65,12,0,1
BRDA:65,12,1,3
BRDA:69,13,0,1
BRDA:69,13,1,2
BRDA:76,14,0,4
BRDA:76,14,1,3
BRDA:77,15,0,1
BRDA:77,15,1,3
BRDA:81,16,0,2
BRDA:81,16,1,1
BRDA:81,17,0,3
BRDA:81,17,1,2
BRDA:87,18,0,3
BRDA:87,18,1,1
BRDA:88,19,0,1
BRDA:88,19,1,2
BRDA:92,20,0,1
BRDA:92,20,1,1
BRDA:106,21,0,4
BRDA:106,21,1,4
BRDA:106,22,0,8
BRDA:106,22,1,7
BRDA:106,22,2,7
BRDA:106,22,3,6
BRDA:106,22,4,5
BRDA:106,22,5,1
BRDA:118,23,0,1
BRDA:118,23,1,1
BRDA:126,24,0,1
BRDA:126,24,1,2
BRDA:126,25,0,3
BRDA:126,25,1,2
BRDA:141,26,0,3
BRDA:142,27,0,1
BRDA:142,27,1,3
BRDA:146,28,0,1
BRDA:146,28,1,2
BRDA:158,29,0,1
BRDA:158,29,1,4
BRDA:162,30,0,1
BRDA:162,30,1,3
BRDA:170,31,0,1
BRDA:170,31,1,0
BRF:67
BRH:65
end_of_record
